# deepy version: 0.1.1
[2015/05/22 19:01:18] test    (iter=1) J=0.69
[2015/05/22 19:03:45] valid   (iter=1) J=0.69 *
[2015/05/22 20:55:34] monitor (iter=1) J=0.53 mean(draw1)=0.53
[2015/05/22 20:58:55] valid   (iter=2) J=0.34 *
[2015/05/22 21:45:06] monitor (iter=2) J=0.30 mean(draw1)=0.30
[2015/05/22 21:46:45] valid   (iter=3) J=0.28 *
[2015/05/22 22:24:17] monitor (iter=3) J=0.27 mean(draw1)=0.27
[2015/05/22 22:26:18] valid   (iter=4) J=0.27 *
[2015/05/22 23:20:45] monitor (iter=4) J=0.27 mean(draw1)=0.27
[2015/05/22 23:24:00] valid   (iter=5) J=0.27 *
[2015/05/23 00:19:17] monitor (iter=5) J=0.27 mean(draw1)=0.27
[2015/05/23 00:22:32] valid   (iter=6) J=0.27 *
[2015/05/23 01:17:46] monitor (iter=6) J=0.27 mean(draw1)=0.27
[2015/05/23 01:21:01] valid   (iter=7) J=0.27 *
[2015/05/23 02:16:20] monitor (iter=7) J=0.27 mean(draw1)=0.27
[2015/05/23 02:19:35] valid   (iter=8) J=0.27 *
[2015/05/23 03:14:39] monitor (iter=8) J=0.27 mean(draw1)=0.27
[2015/05/23 03:17:54] valid   (iter=9) J=0.27
[2015/05/23 04:13:09] monitor (iter=9) J=0.27 mean(draw1)=0.27
[2015/05/23 04:16:24] valid   (iter=10) J=0.27 *
[2015/05/23 05:11:44] monitor (iter=10) J=0.27 mean(draw1)=0.27
[2015/05/23 05:14:59] test    (iter=11) J=0.27
[2015/05/23 05:18:14] valid   (iter=11) J=0.27
[2015/05/23 06:13:39] monitor (iter=11) J=0.27 mean(draw1)=0.27
[2015/05/23 06:16:54] valid   (iter=12) J=0.27
[2015/05/23 07:12:00] monitor (iter=12) J=0.27 mean(draw1)=0.27
[2015/05/23 07:15:14] valid   (iter=13) J=0.27 *
[2015/05/23 08:10:39] monitor (iter=13) J=0.27 mean(draw1)=0.27
[2015/05/23 08:13:54] valid   (iter=14) J=0.27
[2015/05/23 09:09:18] monitor (iter=14) J=0.27 mean(draw1)=0.27
[2015/05/23 09:12:34] valid   (iter=15) J=0.27
[2015/05/23 10:08:02] monitor (iter=15) J=0.27 mean(draw1)=0.27
[2015/05/23 10:11:17] valid   (iter=16) J=0.27
[2015/05/23 11:06:48] monitor (iter=16) J=0.27 mean(draw1)=0.27
[2015/05/23 11:10:03] valid   (iter=17) J=0.27
[2015/05/23 12:05:32] monitor (iter=17) J=0.27 mean(draw1)=0.27
[2015/05/23 12:08:47] valid   (iter=18) J=0.27
[2015/05/23 13:04:09] monitor (iter=18) J=0.27 mean(draw1)=0.27
[2015/05/23 13:07:24] valid   (iter=19) J=0.27
[2015/05/23 14:01:59] monitor (iter=19) J=0.27 mean(draw1)=0.27
[2015/05/23 14:05:15] valid   (iter=20) J=0.27
[2015/05/23 14:59:40] monitor (iter=20) J=0.27 mean(draw1)=0.27
[2015/05/23 15:02:55] test    (iter=21) J=0.27
[2015/05/23 15:06:09] valid   (iter=21) J=0.27
[2015/05/23 16:00:44] monitor (iter=21) J=0.27 mean(draw1)=0.27
[2015/05/23 16:03:59] valid   (iter=22) J=0.27
[2015/05/23 16:58:50] monitor (iter=22) J=0.27 mean(draw1)=0.27
[2015/05/23 17:02:05] valid   (iter=23) J=0.27
[2015/05/23 17:56:44] monitor (iter=23) J=0.27 mean(draw1)=0.27
[2015/05/23 17:59:59] valid   (iter=24) J=0.27
[2015/05/23 18:54:35] monitor (iter=24) J=0.27 mean(draw1)=0.27
[2015/05/23 18:57:52] valid   (iter=25) J=0.27
[2015/05/23 19:52:20] monitor (iter=25) J=0.27 mean(draw1)=0.27
[2015/05/23 19:55:34] valid   (iter=26) J=0.27
[2015/05/23 20:50:12] monitor (iter=26) J=0.27 mean(draw1)=0.27
[2015/05/23 20:53:27] valid   (iter=27) J=0.27
[2015/05/23 21:48:13] monitor (iter=27) J=0.27 mean(draw1)=0.27
[2015/05/23 21:51:28] valid   (iter=28) J=0.27
[2015/05/23 22:46:06] monitor (iter=28) J=0.27 mean(draw1)=0.27
[2015/05/23 22:49:21] valid   (iter=29) J=0.27
[2015/05/23 23:43:56] monitor (iter=29) J=0.27 mean(draw1)=0.27
[2015/05/23 23:47:13] valid   (iter=30) J=0.27
[2015/05/24 00:41:43] monitor (iter=30) J=0.27 mean(draw1)=0.27
[2015/05/24 00:44:57] test    (iter=31) J=0.27
[2015/05/24 00:48:13] valid   (iter=31) J=0.27
[2015/05/24 01:43:02] monitor (iter=31) J=0.27 mean(draw1)=0.27
[2015/05/24 01:46:17] valid   (iter=32) J=0.27
[2015/05/24 02:41:05] monitor (iter=32) J=0.27 mean(draw1)=0.27
[2015/05/24 02:44:20] valid   (iter=33) J=0.27
[2015/05/24 02:47:35] test    (iter=0) J=0.27
