# deepy version: 0.0.4[2015/05/12 12:59:52] test    (iter=1) J=2.40 err=90.76
[2015/05/12 12:59:53] valid   (iter=1) J=2.42 err=91.87 *
[2015/05/12 13:00:00] monitor (iter=1) J=0.61 err=20.06 mean(dimshuffle1)=0.13 mean(dimshuffle2)=0.13 mean(convolution3)=0.37 mean(convolution4)=1.00 mean(convolution5)=1.58 mean(dropout6)=1.19 mean(flatten7)=1.19 mean(reveal_dimension8)=1.19 mean(dense9)=3.56 mean(softmax10)=0.10
[2015/05/12 13:00:01] valid   (iter=2) J=0.16 err=4.92 *
[2015/05/12 13:00:08] monitor (iter=2) J=0.32 err=10.16 mean(dimshuffle1)=0.13 mean(dimshuffle2)=0.13 mean(convolution3)=0.36 mean(convolution4)=0.99 mean(convolution5)=1.97 mean(dropout6)=1.47 mean(flatten7)=1.47 mean(reveal_dimension8)=1.47 mean(dense9)=4.99 mean(softmax10)=0.10
[2015/05/12 13:00:09] valid   (iter=3) J=0.13 err=3.95 *
[2015/05/12 13:00:16] monitor (iter=3) J=0.28 err=8.71 mean(dimshuffle1)=0.13 mean(dimshuffle2)=0.13 mean(convolution3)=0.34 mean(convolution4)=0.95 mean(convolution5)=2.06 mean(dropout6)=1.55 mean(flatten7)=1.55 mean(reveal_dimension8)=1.55 mean(dense9)=5.32 mean(softmax10)=0.10
[2015/05/12 13:00:17] valid   (iter=4) J=0.12 err=3.50 *
[2015/05/12 13:00:24] monitor (iter=4) J=0.26 err=8.06 mean(dimshuffle1)=0.13 mean(dimshuffle2)=0.13 mean(convolution3)=0.33 mean(convolution4)=0.93 mean(convolution5)=2.17 mean(dropout6)=1.63 mean(flatten7)=1.63 mean(reveal_dimension8)=1.63 mean(dense9)=5.65 mean(softmax10)=0.10
[2015/05/12 13:00:25] valid   (iter=5) J=0.12 err=3.31 *
[2015/05/12 13:00:32] monitor (iter=5) J=0.24 err=7.54 mean(dimshuffle1)=0.13 mean(dimshuffle2)=0.13 mean(convolution3)=0.33 mean(convolution4)=0.94 mean(convolution5)=2.26 mean(dropout6)=1.69 mean(flatten7)=1.69 mean(reveal_dimension8)=1.69 mean(dense9)=5.85 mean(softmax10)=0.10
[2015/05/12 13:00:32] valid   (iter=6) J=0.13 err=3.88
[2015/05/12 13:00:40] monitor (iter=6) J=0.23 err=7.14 mean(dimshuffle1)=0.13 mean(dimshuffle2)=0.13 mean(convolution3)=0.33 mean(convolution4)=0.92 mean(convolution5)=2.24 mean(dropout6)=1.68 mean(flatten7)=1.68 mean(reveal_dimension8)=1.68 mean(dense9)=5.80 mean(softmax10)=0.10
[2015/05/12 13:00:40] valid   (iter=7) J=0.10 err=2.98 *
[2015/05/12 13:00:48] monitor (iter=7) J=0.23 err=6.94 mean(dimshuffle1)=0.13 mean(dimshuffle2)=0.13 mean(convolution3)=0.32 mean(convolution4)=0.92 mean(convolution5)=2.28 mean(dropout6)=1.71 mean(flatten7)=1.71 mean(reveal_dimension8)=1.71 mean(dense9)=5.83 mean(softmax10)=0.10
[2015/05/12 13:00:48] valid   (iter=8) J=0.10 err=2.72 *
[2015/05/12 13:00:56] monitor (iter=8) J=0.22 err=6.73 mean(dimshuffle1)=0.13 mean(dimshuffle2)=0.13 mean(convolution3)=0.33 mean(convolution4)=0.96 mean(convolution5)=2.36 mean(dropout6)=1.77 mean(flatten7)=1.77 mean(reveal_dimension8)=1.77 mean(dense9)=6.01 mean(softmax10)=0.10
[2015/05/12 13:00:56] valid   (iter=9) J=0.09 err=2.71 *
[2015/05/12 13:01:03] monitor (iter=9) J=0.21 err=6.63 mean(dimshuffle1)=0.13 mean(dimshuffle2)=0.13 mean(convolution3)=0.34 mean(convolution4)=0.95 mean(convolution5)=2.35 mean(dropout6)=1.77 mean(flatten7)=1.77 mean(reveal_dimension8)=1.77 mean(dense9)=6.07 mean(softmax10)=0.10
[2015/05/12 13:01:04] valid   (iter=10) J=0.11 err=3.08
[2015/05/12 13:01:11] monitor (iter=10) J=0.21 err=6.42 mean(dimshuffle1)=0.13 mean(dimshuffle2)=0.13 mean(convolution3)=0.34 mean(convolution4)=0.96 mean(convolution5)=2.40 mean(dropout6)=1.80 mean(flatten7)=1.80 mean(reveal_dimension8)=1.80 mean(dense9)=6.20 mean(softmax10)=0.10
[2015/05/12 13:01:12] test    (iter=11) J=0.09 err=2.57
[2015/05/12 13:01:12] valid   (iter=11) J=0.10 err=2.66
[2015/05/12 13:01:20] monitor (iter=11) J=0.21 err=6.56 mean(dimshuffle1)=0.13 mean(dimshuffle2)=0.13 mean(convolution3)=0.34 mean(convolution4)=0.96 mean(convolution5)=2.40 mean(dropout6)=1.80 mean(flatten7)=1.80 mean(reveal_dimension8)=1.80 mean(dense9)=6.31 mean(softmax10)=0.10
[2015/05/12 13:01:20] valid   (iter=12) J=0.11 err=3.20
[2015/05/12 13:01:28] monitor (iter=12) J=0.20 err=6.25 mean(dimshuffle1)=0.13 mean(dimshuffle2)=0.13 mean(convolution3)=0.34 mean(convolution4)=0.94 mean(convolution5)=2.44 mean(dropout6)=1.83 mean(flatten7)=1.83 mean(reveal_dimension8)=1.83 mean(dense9)=6.48 mean(softmax10)=0.10
[2015/05/12 13:01:28] valid   (iter=13) J=0.11 err=2.77
[2015/05/12 13:01:35] monitor (iter=13) J=0.20 err=6.23 mean(dimshuffle1)=0.13 mean(dimshuffle2)=0.13 mean(convolution3)=0.34 mean(convolution4)=0.93 mean(convolution5)=2.43 mean(dropout6)=1.82 mean(flatten7)=1.82 mean(reveal_dimension8)=1.82 mean(dense9)=6.32 mean(softmax10)=0.10
[2015/05/12 13:01:36] valid   (iter=14) J=0.10 err=2.86
[2015/05/12 13:01:43] monitor (iter=14) J=0.20 err=6.28 mean(dimshuffle1)=0.13 mean(dimshuffle2)=0.13 mean(convolution3)=0.35 mean(convolution4)=0.93 mean(convolution5)=2.45 mean(dropout6)=1.84 mean(flatten7)=1.84 mean(reveal_dimension8)=1.84 mean(dense9)=6.43 mean(softmax10)=0.10
[2015/05/12 13:01:44] valid   (iter=15) J=0.09 err=2.71
[2015/05/12 13:01:51] monitor (iter=15) J=0.18 err=5.62 mean(dimshuffle1)=0.13 mean(dimshuffle2)=0.13 mean(convolution3)=0.35 mean(convolution4)=0.99 mean(convolution5)=2.47 mean(dropout6)=1.86 mean(flatten7)=1.86 mean(reveal_dimension8)=1.86 mean(dense9)=6.27 mean(softmax10)=0.10
[2015/05/12 13:01:52] valid   (iter=16) J=0.08 err=2.28 *
[2015/05/12 13:01:59] monitor (iter=16) J=0.17 err=5.29 mean(dimshuffle1)=0.13 mean(dimshuffle2)=0.13 mean(convolution3)=0.37 mean(convolution4)=1.05 mean(convolution5)=2.53 mean(dropout6)=1.90 mean(flatten7)=1.90 mean(reveal_dimension8)=1.90 mean(dense9)=6.44 mean(softmax10)=0.10
[2015/05/12 13:02:00] valid   (iter=17) J=0.08 err=2.22
[2015/05/12 13:02:07] monitor (iter=17) J=0.16 err=5.15 mean(dimshuffle1)=0.13 mean(dimshuffle2)=0.13 mean(convolution3)=0.38 mean(convolution4)=1.09 mean(convolution5)=2.55 mean(dropout6)=1.91 mean(flatten7)=1.91 mean(reveal_dimension8)=1.91 mean(dense9)=6.48 mean(softmax10)=0.10
[2015/05/12 13:02:07] valid   (iter=18) J=0.08 err=2.30
[2015/05/12 13:02:15] monitor (iter=18) J=0.16 err=5.26 mean(dimshuffle1)=0.13 mean(dimshuffle2)=0.13 mean(convolution3)=0.38 mean(convolution4)=1.06 mean(convolution5)=2.52 mean(dropout6)=1.89 mean(flatten7)=1.89 mean(reveal_dimension8)=1.89 mean(dense9)=6.41 mean(softmax10)=0.10
[2015/05/12 13:02:15] valid   (iter=19) J=0.08 err=2.24
[2015/05/12 13:02:23] monitor (iter=19) J=0.16 err=5.13 mean(dimshuffle1)=0.13 mean(dimshuffle2)=0.13 mean(convolution3)=0.38 mean(convolution4)=1.10 mean(convolution5)=2.55 mean(dropout6)=1.91 mean(flatten7)=1.91 mean(reveal_dimension8)=1.91 mean(dense9)=6.52 mean(softmax10)=0.10
[2015/05/12 13:02:23] valid   (iter=20) J=0.08 err=2.02 *
[2015/05/12 13:02:31] monitor (iter=20) J=0.16 err=5.13 mean(dimshuffle1)=0.13 mean(dimshuffle2)=0.13 mean(convolution3)=0.39 mean(convolution4)=1.10 mean(convolution5)=2.51 mean(dropout6)=1.88 mean(flatten7)=1.88 mean(reveal_dimension8)=1.88 mean(dense9)=6.44 mean(softmax10)=0.10
[2015/05/12 13:02:31] test    (iter=21) J=0.07 err=1.99
[2015/05/12 13:02:31] valid   (iter=21) J=0.08 err=2.03 *
[2015/05/12 13:02:39] monitor (iter=21) J=0.16 err=5.14 mean(dimshuffle1)=0.13 mean(dimshuffle2)=0.13 mean(convolution3)=0.40 mean(convolution4)=1.13 mean(convolution5)=2.57 mean(dropout6)=1.93 mean(flatten7)=1.93 mean(reveal_dimension8)=1.93 mean(dense9)=6.61 mean(softmax10)=0.10
[2015/05/12 13:02:39] valid   (iter=22) J=0.09 err=2.36
[2015/05/12 13:02:47] monitor (iter=22) J=0.16 err=5.09 mean(dimshuffle1)=0.13 mean(dimshuffle2)=0.13 mean(convolution3)=0.40 mean(convolution4)=1.13 mean(convolution5)=2.54 mean(dropout6)=1.90 mean(flatten7)=1.90 mean(reveal_dimension8)=1.90 mean(dense9)=6.55 mean(softmax10)=0.10
[2015/05/12 13:02:47] valid   (iter=23) J=0.08 err=1.99 *
[2015/05/12 13:02:55] monitor (iter=23) J=0.16 err=4.96 mean(dimshuffle1)=0.13 mean(dimshuffle2)=0.13 mean(convolution3)=0.40 mean(convolution4)=1.10 mean(convolution5)=2.51 mean(dropout6)=1.89 mean(flatten7)=1.89 mean(reveal_dimension8)=1.89 mean(dense9)=6.50 mean(softmax10)=0.10
[2015/05/12 13:02:55] valid   (iter=24) J=0.08 err=2.22
[2015/05/12 13:03:03] monitor (iter=24) J=0.16 err=5.04 mean(dimshuffle1)=0.13 mean(dimshuffle2)=0.13 mean(convolution3)=0.41 mean(convolution4)=1.13 mean(convolution5)=2.54 mean(dropout6)=1.90 mean(flatten7)=1.90 mean(reveal_dimension8)=1.90 mean(dense9)=6.60 mean(softmax10)=0.10
[2015/05/12 13:03:03] valid   (iter=25) J=0.09 err=2.51
[2015/05/12 13:03:11] monitor (iter=25) J=0.16 err=5.02 mean(dimshuffle1)=0.13 mean(dimshuffle2)=0.13 mean(convolution3)=0.40 mean(convolution4)=1.13 mean(convolution5)=2.52 mean(dropout6)=1.89 mean(flatten7)=1.89 mean(reveal_dimension8)=1.89 mean(dense9)=6.63 mean(softmax10)=0.10
[2015/05/12 13:03:11] valid   (iter=26) J=0.08 err=2.24
[2015/05/12 13:03:18] monitor (iter=26) J=0.15 err=4.82 mean(dimshuffle1)=0.13 mean(dimshuffle2)=0.13 mean(convolution3)=0.43 mean(convolution4)=1.15 mean(convolution5)=2.55 mean(dropout6)=1.91 mean(flatten7)=1.91 mean(reveal_dimension8)=1.91 mean(dense9)=6.71 mean(softmax10)=0.10
[2015/05/12 13:03:19] valid   (iter=27) J=0.07 err=2.06 *
[2015/05/12 13:03:26] monitor (iter=27) J=0.15 err=4.84 mean(dimshuffle1)=0.13 mean(dimshuffle2)=0.13 mean(convolution3)=0.42 mean(convolution4)=1.15 mean(convolution5)=2.57 mean(dropout6)=1.93 mean(flatten7)=1.93 mean(reveal_dimension8)=1.93 mean(dense9)=6.75 mean(softmax10)=0.10
[2015/05/12 13:03:27] valid   (iter=28) J=0.08 err=2.08
[2015/05/12 13:03:34] monitor (iter=28) J=0.15 err=4.65 mean(dimshuffle1)=0.13 mean(dimshuffle2)=0.13 mean(convolution3)=0.42 mean(convolution4)=1.14 mean(convolution5)=2.59 mean(dropout6)=1.94 mean(flatten7)=1.94 mean(reveal_dimension8)=1.94 mean(dense9)=6.84 mean(softmax10)=0.10
[2015/05/12 13:03:35] valid   (iter=29) J=0.08 err=2.28
[2015/05/12 13:03:42] monitor (iter=29) J=0.15 err=4.66 mean(dimshuffle1)=0.13 mean(dimshuffle2)=0.13 mean(convolution3)=0.42 mean(convolution4)=1.16 mean(convolution5)=2.57 mean(dropout6)=1.93 mean(flatten7)=1.93 mean(reveal_dimension8)=1.93 mean(dense9)=6.85 mean(softmax10)=0.10
[2015/05/12 13:03:43] valid   (iter=30) J=0.07 err=1.92
[2015/05/12 13:03:50] monitor (iter=30) J=0.15 err=4.62 mean(dimshuffle1)=0.13 mean(dimshuffle2)=0.13 mean(convolution3)=0.42 mean(convolution4)=1.16 mean(convolution5)=2.59 mean(dropout6)=1.94 mean(flatten7)=1.94 mean(reveal_dimension8)=1.94 mean(dense9)=6.93 mean(softmax10)=0.10
[2015/05/12 13:03:51] test    (iter=31) J=0.07 err=1.94
[2015/05/12 13:03:51] valid   (iter=31) J=0.08 err=2.00
[2015/05/12 13:03:58] monitor (iter=31) J=0.15 err=4.78 mean(dimshuffle1)=0.13 mean(dimshuffle2)=0.13 mean(convolution3)=0.42 mean(convolution4)=1.18 mean(convolution5)=2.60 mean(dropout6)=1.95 mean(flatten7)=1.95 mean(reveal_dimension8)=1.95 mean(dense9)=6.97 mean(softmax10)=0.10
[2015/05/12 13:03:59] valid   (iter=32) J=0.08 err=2.17
[2015/05/12 13:04:06] monitor (iter=32) J=0.15 err=4.71 mean(dimshuffle1)=0.13 mean(dimshuffle2)=0.13 mean(convolution3)=0.41 mean(convolution4)=1.15 mean(convolution5)=2.59 mean(dropout6)=1.95 mean(flatten7)=1.95 mean(reveal_dimension8)=1.95 mean(dense9)=6.90 mean(softmax10)=0.10
[2015/05/12 13:04:07] valid   (iter=33) J=0.07 err=2.06
[2015/05/12 13:04:14] monitor (iter=33) J=0.13 err=4.26 mean(dimshuffle1)=0.13 mean(dimshuffle2)=0.13 mean(convolution3)=0.43 mean(convolution4)=1.15 mean(convolution5)=2.61 mean(dropout6)=1.96 mean(flatten7)=1.96 mean(reveal_dimension8)=1.96 mean(dense9)=6.89 mean(softmax10)=0.10
[2015/05/12 13:04:15] valid   (iter=34) J=0.07 err=1.82 *
[2015/05/12 13:04:22] monitor (iter=34) J=0.13 err=4.20 mean(dimshuffle1)=0.13 mean(dimshuffle2)=0.13 mean(convolution3)=0.44 mean(convolution4)=1.20 mean(convolution5)=2.65 mean(dropout6)=1.99 mean(flatten7)=1.99 mean(reveal_dimension8)=1.99 mean(dense9)=7.02 mean(softmax10)=0.10
[2015/05/12 13:04:23] valid   (iter=35) J=0.07 err=1.84 *
[2015/05/12 13:04:30] monitor (iter=35) J=0.13 err=4.20 mean(dimshuffle1)=0.13 mean(dimshuffle2)=0.13 mean(convolution3)=0.44 mean(convolution4)=1.21 mean(convolution5)=2.65 mean(dropout6)=1.99 mean(flatten7)=1.99 mean(reveal_dimension8)=1.99 mean(dense9)=7.01 mean(softmax10)=0.10
[2015/05/12 13:04:31] valid   (iter=36) J=0.07 err=1.77
[2015/05/12 13:04:38] monitor (iter=36) J=0.13 err=4.11 mean(dimshuffle1)=0.13 mean(dimshuffle2)=0.13 mean(convolution3)=0.45 mean(convolution4)=1.23 mean(convolution5)=2.65 mean(dropout6)=1.99 mean(flatten7)=1.99 mean(reveal_dimension8)=1.99 mean(dense9)=7.06 mean(softmax10)=0.10
[2015/05/12 13:04:38] valid   (iter=37) J=0.07 err=1.85
[2015/05/12 13:04:46] monitor (iter=37) J=0.13 err=4.27 mean(dimshuffle1)=0.13 mean(dimshuffle2)=0.13 mean(convolution3)=0.44 mean(convolution4)=1.21 mean(convolution5)=2.64 mean(dropout6)=1.97 mean(flatten7)=1.97 mean(reveal_dimension8)=1.97 mean(dense9)=6.97 mean(softmax10)=0.10
[2015/05/12 13:04:46] valid   (iter=38) J=0.07 err=1.99
[2015/05/12 13:04:54] monitor (iter=38) J=0.13 err=4.06 mean(dimshuffle1)=0.13 mean(dimshuffle2)=0.13 mean(convolution3)=0.44 mean(convolution4)=1.24 mean(convolution5)=2.63 mean(dropout6)=1.98 mean(flatten7)=1.98 mean(reveal_dimension8)=1.98 mean(dense9)=7.02 mean(softmax10)=0.10
[2015/05/12 13:04:54] valid   (iter=39) J=0.07 err=1.82 *
[2015/05/12 13:05:02] monitor (iter=39) J=0.13 err=4.09 mean(dimshuffle1)=0.13 mean(dimshuffle2)=0.13 mean(convolution3)=0.45 mean(convolution4)=1.22 mean(convolution5)=2.61 mean(dropout6)=1.96 mean(flatten7)=1.96 mean(reveal_dimension8)=1.96 mean(dense9)=7.00 mean(softmax10)=0.10
[2015/05/12 13:05:02] valid   (iter=40) J=0.07 err=1.94
[2015/05/12 13:05:10] monitor (iter=40) J=0.13 err=4.16 mean(dimshuffle1)=0.13 mean(dimshuffle2)=0.13 mean(convolution3)=0.45 mean(convolution4)=1.22 mean(convolution5)=2.61 mean(dropout6)=1.96 mean(flatten7)=1.96 mean(reveal_dimension8)=1.96 mean(dense9)=7.02 mean(softmax10)=0.10
[2015/05/12 13:05:10] test    (iter=41) J=0.06 err=1.84
[2015/05/12 13:05:11] valid   (iter=41) J=0.07 err=1.87
[2015/05/12 13:05:18] monitor (iter=41) J=0.13 err=4.03 mean(dimshuffle1)=0.13 mean(dimshuffle2)=0.13 mean(convolution3)=0.46 mean(convolution4)=1.26 mean(convolution5)=2.63 mean(dropout6)=1.98 mean(flatten7)=1.98 mean(reveal_dimension8)=1.98 mean(dense9)=7.10 mean(softmax10)=0.10
[2015/05/12 13:05:18] valid   (iter=42) J=0.07 err=1.89
[2015/05/12 13:05:26] monitor (iter=42) J=0.13 err=4.12 mean(dimshuffle1)=0.13 mean(dimshuffle2)=0.13 mean(convolution3)=0.47 mean(convolution4)=1.24 mean(convolution5)=2.64 mean(dropout6)=1.98 mean(flatten7)=1.98 mean(reveal_dimension8)=1.98 mean(dense9)=7.11 mean(softmax10)=0.10
[2015/05/12 13:05:27] valid   (iter=43) J=0.07 err=1.83 *
[2015/05/12 13:05:34] monitor (iter=43) J=0.13 err=4.00 mean(dimshuffle1)=0.13 mean(dimshuffle2)=0.13 mean(convolution3)=0.46 mean(convolution4)=1.25 mean(convolution5)=2.65 mean(dropout6)=1.99 mean(flatten7)=1.99 mean(reveal_dimension8)=1.99 mean(dense9)=7.21 mean(softmax10)=0.10
[2015/05/12 13:05:34] valid   (iter=44) J=0.07 err=1.85
[2015/05/12 13:05:42] monitor (iter=44) J=0.13 err=4.18 mean(dimshuffle1)=0.13 mean(dimshuffle2)=0.13 mean(convolution3)=0.46 mean(convolution4)=1.26 mean(convolution5)=2.62 mean(dropout6)=1.96 mean(flatten7)=1.96 mean(reveal_dimension8)=1.96 mean(dense9)=7.12 mean(softmax10)=0.10
[2015/05/12 13:05:42] valid   (iter=45) J=0.07 err=1.85
[2015/05/12 13:05:50] monitor (iter=45) J=0.13 err=4.20 mean(dimshuffle1)=0.13 mean(dimshuffle2)=0.13 mean(convolution3)=0.47 mean(convolution4)=1.27 mean(convolution5)=2.63 mean(dropout6)=1.97 mean(flatten7)=1.97 mean(reveal_dimension8)=1.97 mean(dense9)=7.19 mean(softmax10)=0.10
[2015/05/12 13:05:50] valid   (iter=46) J=0.07 err=1.80
[2015/05/12 13:05:58] monitor (iter=46) J=0.13 err=4.01 mean(dimshuffle1)=0.13 mean(dimshuffle2)=0.13 mean(convolution3)=0.47 mean(convolution4)=1.27 mean(convolution5)=2.65 mean(dropout6)=1.99 mean(flatten7)=1.99 mean(reveal_dimension8)=1.99 mean(dense9)=7.26 mean(softmax10)=0.10
[2015/05/12 13:05:58] valid   (iter=47) J=0.07 err=1.86
[2015/05/12 13:06:06] monitor (iter=47) J=0.13 err=4.12 mean(dimshuffle1)=0.13 mean(dimshuffle2)=0.13 mean(convolution3)=0.48 mean(convolution4)=1.25 mean(convolution5)=2.62 mean(dropout6)=1.97 mean(flatten7)=1.97 mean(reveal_dimension8)=1.97 mean(dense9)=7.21 mean(softmax10)=0.10
[2015/05/12 13:06:06] valid   (iter=48) J=0.07 err=1.84
[2015/05/12 13:06:14] monitor (iter=48) J=0.12 err=3.85 mean(dimshuffle1)=0.13 mean(dimshuffle2)=0.13 mean(convolution3)=0.48 mean(convolution4)=1.28 mean(convolution5)=2.65 mean(dropout6)=1.99 mean(flatten7)=1.99 mean(reveal_dimension8)=1.99 mean(dense9)=7.31 mean(softmax10)=0.10
[2015/05/12 13:06:14] valid   (iter=49) J=0.07 err=1.83
[2015/05/12 13:06:21] monitor (iter=49) J=0.12 err=3.92 mean(dimshuffle1)=0.13 mean(dimshuffle2)=0.13 mean(convolution3)=0.47 mean(convolution4)=1.25 mean(convolution5)=2.64 mean(dropout6)=1.98 mean(flatten7)=1.98 mean(reveal_dimension8)=1.98 mean(dense9)=7.17 mean(softmax10)=0.10
[2015/05/12 13:06:22] valid   (iter=50) J=0.07 err=1.86 *
[2015/05/12 13:06:30] monitor (iter=50) J=0.12 err=3.80 mean(dimshuffle1)=0.13 mean(dimshuffle2)=0.13 mean(convolution3)=0.47 mean(convolution4)=1.25 mean(convolution5)=2.66 mean(dropout6)=1.99 mean(flatten7)=1.99 mean(reveal_dimension8)=1.99 mean(dense9)=7.21 mean(softmax10)=0.10
[2015/05/12 13:06:30] test    (iter=51) J=0.06 err=1.72
[2015/05/12 13:06:30] valid   (iter=51) J=0.07 err=1.77
[2015/05/12 13:06:38] monitor (iter=51) J=0.12 err=3.75 mean(dimshuffle1)=0.13 mean(dimshuffle2)=0.13 mean(convolution3)=0.48 mean(convolution4)=1.28 mean(convolution5)=2.68 mean(dropout6)=2.01 mean(flatten7)=2.01 mean(reveal_dimension8)=2.01 mean(dense9)=7.29 mean(softmax10)=0.10
[2015/05/12 13:06:38] valid   (iter=52) J=0.07 err=1.77 *
[2015/05/12 13:06:46] monitor (iter=52) J=0.12 err=3.69 mean(dimshuffle1)=0.13 mean(dimshuffle2)=0.13 mean(convolution3)=0.48 mean(convolution4)=1.28 mean(convolution5)=2.67 mean(dropout6)=2.00 mean(flatten7)=2.00 mean(reveal_dimension8)=2.00 mean(dense9)=7.30 mean(softmax10)=0.10
[2015/05/12 13:06:46] valid   (iter=53) J=0.07 err=1.83
[2015/05/12 13:06:54] monitor (iter=53) J=0.12 err=3.84 mean(dimshuffle1)=0.13 mean(dimshuffle2)=0.13 mean(convolution3)=0.48 mean(convolution4)=1.27 mean(convolution5)=2.65 mean(dropout6)=1.99 mean(flatten7)=1.99 mean(reveal_dimension8)=1.99 mean(dense9)=7.27 mean(softmax10)=0.10
[2015/05/12 13:06:54] valid   (iter=54) J=0.07 err=1.75
[2015/05/12 13:07:02] monitor (iter=54) J=0.12 err=3.74 mean(dimshuffle1)=0.13 mean(dimshuffle2)=0.13 mean(convolution3)=0.48 mean(convolution4)=1.26 mean(convolution5)=2.63 mean(dropout6)=1.97 mean(flatten7)=1.97 mean(reveal_dimension8)=1.97 mean(dense9)=7.18 mean(softmax10)=0.10
[2015/05/12 13:07:02] valid   (iter=55) J=0.07 err=1.72
[2015/05/12 13:07:10] monitor (iter=55) J=0.12 err=3.81 mean(dimshuffle1)=0.13 mean(dimshuffle2)=0.13 mean(convolution3)=0.49 mean(convolution4)=1.28 mean(convolution5)=2.64 mean(dropout6)=1.98 mean(flatten7)=1.98 mean(reveal_dimension8)=1.98 mean(dense9)=7.27 mean(softmax10)=0.10
[2015/05/12 13:07:10] valid   (iter=56) J=0.07 err=1.72
[2015/05/12 13:07:17] monitor (iter=56) J=0.12 err=3.76 mean(dimshuffle1)=0.13 mean(dimshuffle2)=0.13 mean(convolution3)=0.49 mean(convolution4)=1.31 mean(convolution5)=2.69 mean(dropout6)=2.02 mean(flatten7)=2.02 mean(reveal_dimension8)=2.02 mean(dense9)=7.42 mean(softmax10)=0.10
[2015/05/12 13:07:18] valid   (iter=57) J=0.07 err=1.82
[2015/05/12 13:07:25] monitor (iter=57) J=0.12 err=3.75 mean(dimshuffle1)=0.13 mean(dimshuffle2)=0.13 mean(convolution3)=0.50 mean(convolution4)=1.31 mean(convolution5)=2.67 mean(dropout6)=2.00 mean(flatten7)=2.00 mean(reveal_dimension8)=2.00 mean(dense9)=7.38 mean(softmax10)=0.10
[2015/05/12 13:07:26] valid   (iter=58) J=0.07 err=1.77
[2015/05/12 13:07:33] monitor (iter=58) J=0.11 err=3.72 mean(dimshuffle1)=0.13 mean(dimshuffle2)=0.13 mean(convolution3)=0.48 mean(convolution4)=1.28 mean(convolution5)=2.66 mean(dropout6)=2.00 mean(flatten7)=2.00 mean(reveal_dimension8)=2.00 mean(dense9)=7.28 mean(softmax10)=0.10
[2015/05/12 13:07:34] valid   (iter=59) J=0.07 err=1.71 *
[2015/05/12 13:07:41] monitor (iter=59) J=0.11 err=3.66 mean(dimshuffle1)=0.13 mean(dimshuffle2)=0.13 mean(convolution3)=0.49 mean(convolution4)=1.30 mean(convolution5)=2.69 mean(dropout6)=2.02 mean(flatten7)=2.02 mean(reveal_dimension8)=2.02 mean(dense9)=7.38 mean(softmax10)=0.10
[2015/05/12 13:07:42] valid   (iter=60) J=0.07 err=1.74
[2015/05/12 13:07:49] monitor (iter=60) J=0.11 err=3.66 mean(dimshuffle1)=0.13 mean(dimshuffle2)=0.13 mean(convolution3)=0.48 mean(convolution4)=1.29 mean(convolution5)=2.67 mean(dropout6)=2.00 mean(flatten7)=2.00 mean(reveal_dimension8)=2.00 mean(dense9)=7.29 mean(softmax10)=0.10
[2015/05/12 13:07:50] test    (iter=61) J=0.05 err=1.61
[2015/05/12 13:07:50] valid   (iter=61) J=0.07 err=1.70 *
[2015/05/12 13:07:58] monitor (iter=61) J=0.11 err=3.57 mean(dimshuffle1)=0.13 mean(dimshuffle2)=0.13 mean(convolution3)=0.49 mean(convolution4)=1.29 mean(convolution5)=2.67 mean(dropout6)=2.00 mean(flatten7)=2.00 mean(reveal_dimension8)=2.00 mean(dense9)=7.33 mean(softmax10)=0.10
[2015/05/12 13:07:58] valid   (iter=62) J=0.07 err=1.72
[2015/05/12 13:08:05] monitor (iter=62) J=0.11 err=3.66 mean(dimshuffle1)=0.13 mean(dimshuffle2)=0.13 mean(convolution3)=0.49 mean(convolution4)=1.31 mean(convolution5)=2.69 mean(dropout6)=2.01 mean(flatten7)=2.01 mean(reveal_dimension8)=2.01 mean(dense9)=7.38 mean(softmax10)=0.10
[2015/05/12 13:08:06] valid   (iter=63) J=0.07 err=1.67 *
[2015/05/12 13:08:13] monitor (iter=63) J=0.12 err=3.72 mean(dimshuffle1)=0.13 mean(dimshuffle2)=0.13 mean(convolution3)=0.49 mean(convolution4)=1.31 mean(convolution5)=2.68 mean(dropout6)=2.01 mean(flatten7)=2.01 mean(reveal_dimension8)=2.01 mean(dense9)=7.39 mean(softmax10)=0.10
[2015/05/12 13:08:14] valid   (iter=64) J=0.07 err=1.74
[2015/05/12 13:08:21] monitor (iter=64) J=0.11 err=3.59 mean(dimshuffle1)=0.13 mean(dimshuffle2)=0.13 mean(convolution3)=0.49 mean(convolution4)=1.32 mean(convolution5)=2.68 mean(dropout6)=2.01 mean(flatten7)=2.01 mean(reveal_dimension8)=2.01 mean(dense9)=7.40 mean(softmax10)=0.10
[2015/05/12 13:08:22] valid   (iter=65) J=0.07 err=1.76
[2015/05/12 13:08:29] monitor (iter=65) J=0.11 err=3.64 mean(dimshuffle1)=0.13 mean(dimshuffle2)=0.13 mean(convolution3)=0.49 mean(convolution4)=1.32 mean(convolution5)=2.67 mean(dropout6)=2.00 mean(flatten7)=2.00 mean(reveal_dimension8)=2.00 mean(dense9)=7.37 mean(softmax10)=0.10
[2015/05/12 13:08:30] valid   (iter=66) J=0.07 err=1.73
[2015/05/12 13:08:37] monitor (iter=66) J=0.11 err=3.60 mean(dimshuffle1)=0.13 mean(dimshuffle2)=0.13 mean(convolution3)=0.49 mean(convolution4)=1.33 mean(convolution5)=2.68 mean(dropout6)=2.00 mean(flatten7)=2.00 mean(reveal_dimension8)=2.00 mean(dense9)=7.39 mean(softmax10)=0.10
[2015/05/12 13:08:38] valid   (iter=67) J=0.07 err=1.73
[2015/05/12 13:08:45] monitor (iter=67) J=0.11 err=3.40 mean(dimshuffle1)=0.13 mean(dimshuffle2)=0.13 mean(convolution3)=0.50 mean(convolution4)=1.34 mean(convolution5)=2.69 mean(dropout6)=2.02 mean(flatten7)=2.02 mean(reveal_dimension8)=2.02 mean(dense9)=7.47 mean(softmax10)=0.10
[2015/05/12 13:08:45] valid   (iter=68) J=0.07 err=1.67
[2015/05/12 13:08:53] monitor (iter=68) J=0.11 err=3.63 mean(dimshuffle1)=0.13 mean(dimshuffle2)=0.13 mean(convolution3)=0.50 mean(convolution4)=1.33 mean(convolution5)=2.68 mean(dropout6)=2.01 mean(flatten7)=2.01 mean(reveal_dimension8)=2.01 mean(dense9)=7.44 mean(softmax10)=0.10
[2015/05/12 13:08:53] valid   (iter=69) J=0.07 err=1.67
[2015/05/12 13:09:01] monitor (iter=69) J=0.11 err=3.56 mean(dimshuffle1)=0.13 mean(dimshuffle2)=0.13 mean(convolution3)=0.49 mean(convolution4)=1.32 mean(convolution5)=2.68 mean(dropout6)=2.01 mean(flatten7)=2.01 mean(reveal_dimension8)=2.01 mean(dense9)=7.37 mean(softmax10)=0.10
[2015/05/12 13:09:01] valid   (iter=70) J=0.06 err=1.65 *
[2015/05/12 13:09:09] monitor (iter=70) J=0.11 err=3.64 mean(dimshuffle1)=0.13 mean(dimshuffle2)=0.13 mean(convolution3)=0.49 mean(convolution4)=1.33 mean(convolution5)=2.68 mean(dropout6)=2.01 mean(flatten7)=2.01 mean(reveal_dimension8)=2.01 mean(dense9)=7.37 mean(softmax10)=0.10
[2015/05/12 13:09:09] test    (iter=71) J=0.05 err=1.63
[2015/05/12 13:09:10] valid   (iter=71) J=0.07 err=1.71
[2015/05/12 13:09:17] monitor (iter=71) J=0.11 err=3.62 mean(dimshuffle1)=0.13 mean(dimshuffle2)=0.13 mean(convolution3)=0.49 mean(convolution4)=1.33 mean(convolution5)=2.67 mean(dropout6)=2.01 mean(flatten7)=2.01 mean(reveal_dimension8)=2.01 mean(dense9)=7.38 mean(softmax10)=0.10
[2015/05/12 13:09:18] valid   (iter=72) J=0.06 err=1.67 *
[2015/05/12 13:09:25] monitor (iter=72) J=0.11 err=3.61 mean(dimshuffle1)=0.13 mean(dimshuffle2)=0.13 mean(convolution3)=0.50 mean(convolution4)=1.33 mean(convolution5)=2.68 mean(dropout6)=2.02 mean(flatten7)=2.02 mean(reveal_dimension8)=2.02 mean(dense9)=7.44 mean(softmax10)=0.10
[2015/05/12 13:09:26] valid   (iter=73) J=0.06 err=1.67
[2015/05/12 13:09:33] monitor (iter=73) J=0.11 err=3.44 mean(dimshuffle1)=0.13 mean(dimshuffle2)=0.13 mean(convolution3)=0.50 mean(convolution4)=1.33 mean(convolution5)=2.68 mean(dropout6)=2.01 mean(flatten7)=2.01 mean(reveal_dimension8)=2.01 mean(dense9)=7.41 mean(softmax10)=0.10
[2015/05/12 13:09:34] valid   (iter=74) J=0.06 err=1.73
[2015/05/12 13:09:41] monitor (iter=74) J=0.11 err=3.46 mean(dimshuffle1)=0.13 mean(dimshuffle2)=0.13 mean(convolution3)=0.50 mean(convolution4)=1.33 mean(convolution5)=2.69 mean(dropout6)=2.02 mean(flatten7)=2.02 mean(reveal_dimension8)=2.02 mean(dense9)=7.43 mean(softmax10)=0.10
[2015/05/12 13:09:42] valid   (iter=75) J=0.06 err=1.71
[2015/05/12 13:09:49] monitor (iter=75) J=0.11 err=3.49 mean(dimshuffle1)=0.13 mean(dimshuffle2)=0.13 mean(convolution3)=0.50 mean(convolution4)=1.34 mean(convolution5)=2.69 mean(dropout6)=2.01 mean(flatten7)=2.01 mean(reveal_dimension8)=2.01 mean(dense9)=7.44 mean(softmax10)=0.10
[2015/05/12 13:09:50] valid   (iter=76) J=0.06 err=1.73
[2015/05/12 13:09:57] monitor (iter=76) J=0.11 err=3.56 mean(dimshuffle1)=0.13 mean(dimshuffle2)=0.13 mean(convolution3)=0.50 mean(convolution4)=1.33 mean(convolution5)=2.68 mean(dropout6)=2.01 mean(flatten7)=2.01 mean(reveal_dimension8)=2.01 mean(dense9)=7.42 mean(softmax10)=0.10
[2015/05/12 13:09:58] valid   (iter=77) J=0.06 err=1.65 *
[2015/05/12 13:10:05] monitor (iter=77) J=0.11 err=3.44 mean(dimshuffle1)=0.13 mean(dimshuffle2)=0.13 mean(convolution3)=0.50 mean(convolution4)=1.32 mean(convolution5)=2.67 mean(dropout6)=2.01 mean(flatten7)=2.01 mean(reveal_dimension8)=2.01 mean(dense9)=7.40 mean(softmax10)=0.10
[2015/05/12 13:10:06] valid   (iter=78) J=0.06 err=1.69
[2015/05/12 13:10:13] monitor (iter=78) J=0.11 err=3.51 mean(dimshuffle1)=0.13 mean(dimshuffle2)=0.13 mean(convolution3)=0.50 mean(convolution4)=1.32 mean(convolution5)=2.67 mean(dropout6)=2.01 mean(flatten7)=2.01 mean(reveal_dimension8)=2.01 mean(dense9)=7.40 mean(softmax10)=0.10
[2015/05/12 13:10:14] valid   (iter=79) J=0.06 err=1.75
[2015/05/12 13:10:21] monitor (iter=79) J=0.11 err=3.49 mean(dimshuffle1)=0.13 mean(dimshuffle2)=0.13 mean(convolution3)=0.50 mean(convolution4)=1.32 mean(convolution5)=2.67 mean(dropout6)=2.01 mean(flatten7)=2.01 mean(reveal_dimension8)=2.01 mean(dense9)=7.41 mean(softmax10)=0.10
[2015/05/12 13:10:22] valid   (iter=80) J=0.06 err=1.75
[2015/05/12 13:10:29] monitor (iter=80) J=0.11 err=3.57 mean(dimshuffle1)=0.13 mean(dimshuffle2)=0.13 mean(convolution3)=0.50 mean(convolution4)=1.32 mean(convolution5)=2.67 mean(dropout6)=2.00 mean(flatten7)=2.00 mean(reveal_dimension8)=2.00 mean(dense9)=7.39 mean(softmax10)=0.10
[2015/05/12 13:10:30] test    (iter=81) J=0.05 err=1.61
[2015/05/12 13:10:30] valid   (iter=81) J=0.06 err=1.67
[2015/05/12 13:10:38] monitor (iter=81) J=0.11 err=3.55 mean(dimshuffle1)=0.13 mean(dimshuffle2)=0.13 mean(convolution3)=0.50 mean(convolution4)=1.32 mean(convolution5)=2.67 mean(dropout6)=2.01 mean(flatten7)=2.01 mean(reveal_dimension8)=2.01 mean(dense9)=7.42 mean(softmax10)=0.10
[2015/05/12 13:10:38] valid   (iter=82) J=0.06 err=1.67
[2015/05/12 13:10:46] monitor (iter=82) J=0.11 err=3.46 mean(dimshuffle1)=0.13 mean(dimshuffle2)=0.13 mean(convolution3)=0.50 mean(convolution4)=1.32 mean(convolution5)=2.67 mean(dropout6)=2.00 mean(flatten7)=2.00 mean(reveal_dimension8)=2.00 mean(dense9)=7.41 mean(softmax10)=0.10
