# deepy version: 0.1.2
[2015/05/29 05:07:49] test    (iter=1) J=2.30 err=85.90
[2015/05/29 05:07:50] valid   (iter=1) J=2.31 err=86.53 *
[2015/05/29 05:07:54] monitor (iter=1) J=0.43 err=15.00 mean(dense1)=0.30 mean(dropout2)=0.15 mean(dense3)=0.37 mean(dropout4)=0.19 mean(dense5)=2.32 mean(softmax6)=0.10
[2015/05/29 05:07:54] valid   (iter=2) J=0.21 err=6.21 *
[2015/05/29 05:07:58] monitor (iter=2) J=0.17 err=5.00 mean(dense1)=0.25 mean(dropout2)=0.13 mean(dense3)=0.37 mean(dropout4)=0.19 mean(dense5)=2.96 mean(softmax6)=0.10
[2015/05/29 05:07:58] valid   (iter=3) J=0.14 err=3.96 *
[2015/05/29 05:08:02] monitor (iter=3) J=0.15 err=0.00 mean(dense1)=0.24 mean(dropout2)=0.12 mean(dense3)=0.37 mean(dropout4)=0.18 mean(dense5)=3.17 mean(softmax6)=0.10
[2015/05/29 05:08:02] valid   (iter=4) J=0.12 err=3.29 *
[2015/05/29 05:08:06] monitor (iter=4) J=0.26 err=10.00 mean(dense1)=0.23 mean(dropout2)=0.11 mean(dense3)=0.37 mean(dropout4)=0.18 mean(dense5)=3.31 mean(softmax6)=0.10
[2015/05/29 05:08:06] valid   (iter=5) J=0.10 err=2.94 *
[2015/05/29 05:08:10] monitor (iter=5) J=0.16 err=5.00 mean(dense1)=0.23 mean(dropout2)=0.11 mean(dense3)=0.36 mean(dropout4)=0.18 mean(dense5)=3.39 mean(softmax6)=0.10
[2015/05/29 05:08:11] valid   (iter=6) J=0.10 err=2.93 *
[2015/05/29 05:08:15] monitor (iter=6) J=0.11 err=5.00 mean(dense1)=0.22 mean(dropout2)=0.11 mean(dense3)=0.37 mean(dropout4)=0.18 mean(dense5)=3.46 mean(softmax6)=0.10
[2015/05/29 05:08:15] valid   (iter=7) J=0.09 err=2.73 *
[2015/05/29 05:08:19] monitor (iter=7) J=0.10 err=5.00 mean(dense1)=0.22 mean(dropout2)=0.11 mean(dense3)=0.36 mean(dropout4)=0.18 mean(dense5)=3.51 mean(softmax6)=0.10
[2015/05/29 05:08:19] valid   (iter=8) J=0.08 err=2.31 *
[2015/05/29 05:08:23] monitor (iter=8) J=0.29 err=10.00 mean(dense1)=0.22 mean(dropout2)=0.11 mean(dense3)=0.36 mean(dropout4)=0.18 mean(dense5)=3.61 mean(softmax6)=0.10
[2015/05/29 05:08:23] valid   (iter=9) J=0.08 err=2.36
[2015/05/29 05:08:27] monitor (iter=9) J=0.05 err=0.00 mean(dense1)=0.22 mean(dropout2)=0.11 mean(dense3)=0.36 mean(dropout4)=0.18 mean(dense5)=3.59 mean(softmax6)=0.10
[2015/05/29 05:08:27] valid   (iter=10) J=0.08 err=2.20 *
[2015/05/29 05:08:31] monitor (iter=10) J=0.13 err=5.00 mean(dense1)=0.22 mean(dropout2)=0.11 mean(dense3)=0.36 mean(dropout4)=0.18 mean(dense5)=3.63 mean(softmax6)=0.10
[2015/05/29 05:08:31] test    (iter=11) J=0.08 err=2.58
[2015/05/29 05:08:32] valid   (iter=11) J=0.08 err=2.35
[2015/05/29 05:08:36] monitor (iter=11) J=0.20 err=5.00 mean(dense1)=0.22 mean(dropout2)=0.11 mean(dense3)=0.36 mean(dropout4)=0.18 mean(dense5)=3.60 mean(softmax6)=0.10
[2015/05/29 05:08:36] valid   (iter=12) J=0.08 err=2.19 *
[2015/05/29 05:08:40] monitor (iter=12) J=0.14 err=10.00 mean(dense1)=0.22 mean(dropout2)=0.11 mean(dense3)=0.36 mean(dropout4)=0.18 mean(dense5)=3.63 mean(softmax6)=0.10
[2015/05/29 05:08:40] valid   (iter=13) J=0.07 err=2.16 *
[2015/05/29 05:08:44] monitor (iter=13) J=0.26 err=5.00 mean(dense1)=0.21 mean(dropout2)=0.11 mean(dense3)=0.36 mean(dropout4)=0.18 mean(dense5)=3.62 mean(softmax6)=0.10
[2015/05/29 05:08:44] valid   (iter=14) J=0.07 err=2.19 *
[2015/05/29 05:08:48] monitor (iter=14) J=0.20 err=5.00 mean(dense1)=0.21 mean(dropout2)=0.11 mean(dense3)=0.36 mean(dropout4)=0.18 mean(dense5)=3.62 mean(softmax6)=0.10
[2015/05/29 05:08:48] valid   (iter=15) J=0.08 err=2.08
[2015/05/29 05:08:52] monitor (iter=15) J=0.05 err=0.00 mean(dense1)=0.21 mean(dropout2)=0.11 mean(dense3)=0.35 mean(dropout4)=0.18 mean(dense5)=3.65 mean(softmax6)=0.10
[2015/05/29 05:08:53] valid   (iter=16) J=0.07 err=2.01
[2015/05/29 05:08:57] monitor (iter=16) J=0.16 err=5.00 mean(dense1)=0.21 mean(dropout2)=0.10 mean(dense3)=0.36 mean(dropout4)=0.18 mean(dense5)=3.67 mean(softmax6)=0.10
[2015/05/29 05:08:57] valid   (iter=17) J=0.07 err=2.04 *
[2015/05/29 05:09:01] monitor (iter=17) J=0.17 err=5.00 mean(dense1)=0.21 mean(dropout2)=0.11 mean(dense3)=0.35 mean(dropout4)=0.18 mean(dense5)=3.68 mean(softmax6)=0.10
[2015/05/29 05:09:01] valid   (iter=18) J=0.07 err=2.00 *
[2015/05/29 05:09:05] monitor (iter=18) J=0.18 err=5.00 mean(dense1)=0.21 mean(dropout2)=0.11 mean(dense3)=0.35 mean(dropout4)=0.18 mean(dense5)=3.66 mean(softmax6)=0.10
[2015/05/29 05:09:05] valid   (iter=19) J=0.07 err=1.94
[2015/05/29 05:09:09] monitor (iter=19) J=0.17 err=5.00 mean(dense1)=0.21 mean(dropout2)=0.10 mean(dense3)=0.35 mean(dropout4)=0.18 mean(dense5)=3.66 mean(softmax6)=0.10
[2015/05/29 05:09:09] valid   (iter=20) J=0.07 err=2.13
[2015/05/29 05:09:13] monitor (iter=20) J=0.06 err=0.00 mean(dense1)=0.21 mean(dropout2)=0.10 mean(dense3)=0.35 mean(dropout4)=0.18 mean(dense5)=3.66 mean(softmax6)=0.10
[2015/05/29 05:09:14] test    (iter=21) J=0.07 err=2.11
[2015/05/29 05:09:14] valid   (iter=21) J=0.07 err=1.98 *
[2015/05/29 05:09:18] monitor (iter=21) J=0.11 err=5.00 mean(dense1)=0.21 mean(dropout2)=0.10 mean(dense3)=0.35 mean(dropout4)=0.18 mean(dense5)=3.63 mean(softmax6)=0.10
[2015/05/29 05:09:18] valid   (iter=22) J=0.07 err=2.05
[2015/05/29 05:09:22] monitor (iter=22) J=0.17 err=5.00 mean(dense1)=0.20 mean(dropout2)=0.10 mean(dense3)=0.35 mean(dropout4)=0.18 mean(dense5)=3.62 mean(softmax6)=0.10
[2015/05/29 05:09:22] valid   (iter=23) J=0.07 err=1.94 *
[2015/05/29 05:09:26] test    (iter=0) J=0.07 err=2.05
