# deepy version: 0.0.8
[2015/05/15 17:47:30] test    (iter=1) J=2.30 err=90.16
[2015/05/15 17:47:30] valid   (iter=1) J=2.30 err=90.12 *
[2015/05/15 17:47:39] monitor (iter=1) J=0.42 err=13.02 mean(dense1)=0.23 mean(dense2)=0.24 mean(dense3)=0.23 mean(dense4)=0.28 mean(dense5)=0.29 mean(dense6)=0.37 mean(dense7)=2.19 mean(softmax8)=0.10
[2015/05/15 17:47:39] valid   (iter=2) J=0.19 err=5.27 *
[2015/05/15 17:47:48] monitor (iter=2) J=0.16 err=4.53 mean(dense1)=0.24 mean(dense2)=0.25 mean(dense3)=0.26 mean(dense4)=0.32 mean(dense5)=0.35 mean(dense6)=0.43 mean(dense7)=2.66 mean(softmax8)=0.10
[2015/05/15 17:47:48] valid   (iter=3) J=0.14 err=3.93 *
[2015/05/15 17:47:57] monitor (iter=3) J=0.11 err=3.28 mean(dense1)=0.24 mean(dense2)=0.26 mean(dense3)=0.27 mean(dense4)=0.33 mean(dense5)=0.37 mean(dense6)=0.46 mean(dense7)=2.83 mean(softmax8)=0.10
[2015/05/15 17:47:57] valid   (iter=4) J=0.12 err=3.41 *
[2015/05/15 17:48:06] monitor (iter=4) J=0.09 err=2.53 mean(dense1)=0.25 mean(dense2)=0.26 mean(dense3)=0.28 mean(dense4)=0.34 mean(dense5)=0.39 mean(dense6)=0.48 mean(dense7)=2.96 mean(softmax8)=0.10
[2015/05/15 17:48:06] valid   (iter=5) J=0.12 err=3.16 *
[2015/05/15 17:48:14] monitor (iter=5) J=0.08 err=2.22 mean(dense1)=0.25 mean(dense2)=0.26 mean(dense3)=0.28 mean(dense4)=0.34 mean(dense5)=0.39 mean(dense6)=0.49 mean(dense7)=2.99 mean(softmax8)=0.10
[2015/05/15 17:48:15] valid   (iter=6) J=0.11 err=2.92 *
[2015/05/15 17:48:23] monitor (iter=6) J=0.07 err=1.97 mean(dense1)=0.25 mean(dense2)=0.26 mean(dense3)=0.28 mean(dense4)=0.34 mean(dense5)=0.40 mean(dense6)=0.51 mean(dense7)=3.14 mean(softmax8)=0.10
[2015/05/15 17:48:24] valid   (iter=7) J=0.10 err=2.80 *
[2015/05/15 17:48:32] monitor (iter=7) J=0.06 err=1.67 mean(dense1)=0.25 mean(dense2)=0.26 mean(dense3)=0.28 mean(dense4)=0.35 mean(dense5)=0.41 mean(dense6)=0.54 mean(dense7)=3.25 mean(softmax8)=0.10
[2015/05/15 17:48:32] valid   (iter=8) J=0.10 err=2.38 *
[2015/05/15 17:48:41] monitor (iter=8) J=0.05 err=1.57 mean(dense1)=0.25 mean(dense2)=0.26 mean(dense3)=0.28 mean(dense4)=0.35 mean(dense5)=0.42 mean(dense6)=0.54 mean(dense7)=3.26 mean(softmax8)=0.10
[2015/05/15 17:48:41] valid   (iter=9) J=0.11 err=2.59
[2015/05/15 17:48:50] monitor (iter=9) J=0.05 err=1.41 mean(dense1)=0.25 mean(dense2)=0.27 mean(dense3)=0.28 mean(dense4)=0.35 mean(dense5)=0.42 mean(dense6)=0.55 mean(dense7)=3.25 mean(softmax8)=0.10
[2015/05/15 17:48:50] valid   (iter=10) J=0.11 err=2.65
[2015/05/15 17:48:59] monitor (iter=10) J=0.04 err=1.33 mean(dense1)=0.25 mean(dense2)=0.26 mean(dense3)=0.27 mean(dense4)=0.34 mean(dense5)=0.42 mean(dense6)=0.57 mean(dense7)=3.34 mean(softmax8)=0.10
[2015/05/15 17:48:59] test    (iter=11) J=0.12 err=2.98
[2015/05/15 17:48:59] valid   (iter=11) J=0.12 err=2.83
[2015/05/15 17:49:08] monitor (iter=11) J=0.05 err=1.40 mean(dense1)=0.25 mean(dense2)=0.26 mean(dense3)=0.27 mean(dense4)=0.34 mean(dense5)=0.42 mean(dense6)=0.57 mean(dense7)=3.28 mean(softmax8)=0.10
[2015/05/15 17:49:08] valid   (iter=12) J=0.09 err=2.27 *
[2015/05/15 17:49:17] monitor (iter=12) J=0.04 err=1.14 mean(dense1)=0.25 mean(dense2)=0.26 mean(dense3)=0.27 mean(dense4)=0.35 mean(dense5)=0.42 mean(dense6)=0.58 mean(dense7)=3.34 mean(softmax8)=0.10
[2015/05/15 17:49:17] valid   (iter=13) J=0.11 err=2.78
[2015/05/15 17:49:25] monitor (iter=13) J=0.04 err=1.06 mean(dense1)=0.26 mean(dense2)=0.26 mean(dense3)=0.28 mean(dense4)=0.35 mean(dense5)=0.43 mean(dense6)=0.58 mean(dense7)=3.35 mean(softmax8)=0.10
[2015/05/15 17:49:25] valid   (iter=14) J=0.10 err=2.33
[2015/05/15 17:49:34] monitor (iter=14) J=0.03 err=1.00 mean(dense1)=0.24 mean(dense2)=0.25 mean(dense3)=0.26 mean(dense4)=0.34 mean(dense5)=0.42 mean(dense6)=0.59 mean(dense7)=3.32 mean(softmax8)=0.10
[2015/05/15 17:49:34] valid   (iter=15) J=0.10 err=2.44
[2015/05/15 17:49:43] monitor (iter=15) J=0.04 err=1.06 mean(dense1)=0.24 mean(dense2)=0.25 mean(dense3)=0.26 mean(dense4)=0.34 mean(dense5)=0.42 mean(dense6)=0.57 mean(dense7)=3.24 mean(softmax8)=0.10
[2015/05/15 17:49:43] valid   (iter=16) J=0.10 err=2.35
[2015/05/15 17:49:52] monitor (iter=16) J=0.03 err=1.05 mean(dense1)=0.25 mean(dense2)=0.25 mean(dense3)=0.27 mean(dense4)=0.34 mean(dense5)=0.42 mean(dense6)=0.57 mean(dense7)=3.23 mean(softmax8)=0.10
[2015/05/15 17:49:52] valid   (iter=17) J=0.10 err=2.47
[2015/05/15 17:50:00] monitor (iter=17) J=0.03 err=0.95 mean(dense1)=0.25 mean(dense2)=0.25 mean(dense3)=0.26 mean(dense4)=0.34 mean(dense5)=0.42 mean(dense6)=0.58 mean(dense7)=3.24 mean(softmax8)=0.10
[2015/05/15 17:50:01] valid   (iter=18) J=0.09 err=2.27
[2015/05/15 17:50:09] monitor (iter=18) J=0.02 err=0.74 mean(dense1)=0.24 mean(dense2)=0.26 mean(dense3)=0.27 mean(dense4)=0.35 mean(dense5)=0.43 mean(dense6)=0.59 mean(dense7)=3.37 mean(softmax8)=0.10
[2015/05/15 17:50:09] valid   (iter=19) J=0.09 err=1.99 *
[2015/05/15 17:50:18] monitor (iter=19) J=0.01 err=0.37 mean(dense1)=0.25 mean(dense2)=0.25 mean(dense3)=0.26 mean(dense4)=0.35 mean(dense5)=0.44 mean(dense6)=0.64 mean(dense7)=3.60 mean(softmax8)=0.10
[2015/05/15 17:50:18] valid   (iter=20) J=0.09 err=2.05
[2015/05/15 17:50:27] monitor (iter=20) J=0.01 err=0.26 mean(dense1)=0.24 mean(dense2)=0.24 mean(dense3)=0.26 mean(dense4)=0.34 mean(dense5)=0.45 mean(dense6)=0.68 mean(dense7)=3.78 mean(softmax8)=0.10
[2015/05/15 17:50:27] test    (iter=21) J=0.10 err=2.22
[2015/05/15 17:50:27] valid   (iter=21) J=0.09 err=1.99
[2015/05/15 17:50:36] monitor (iter=21) J=0.01 err=0.17 mean(dense1)=0.24 mean(dense2)=0.24 mean(dense3)=0.25 mean(dense4)=0.34 mean(dense5)=0.46 mean(dense6)=0.71 mean(dense7)=3.89 mean(softmax8)=0.10
[2015/05/15 17:50:36] valid   (iter=22) J=0.09 err=1.96
[2015/05/15 17:50:44] monitor (iter=22) J=0.01 err=0.11 mean(dense1)=0.24 mean(dense2)=0.23 mean(dense3)=0.24 mean(dense4)=0.34 mean(dense5)=0.47 mean(dense6)=0.73 mean(dense7)=3.97 mean(softmax8)=0.10
[2015/05/15 17:50:45] valid   (iter=23) J=0.09 err=2.00
[2015/05/15 17:50:53] monitor (iter=23) J=0.00 err=0.09 mean(dense1)=0.23 mean(dense2)=0.22 mean(dense3)=0.24 mean(dense4)=0.34 mean(dense5)=0.47 mean(dense6)=0.75 mean(dense7)=4.05 mean(softmax8)=0.10
[2015/05/15 17:50:53] valid   (iter=24) J=0.09 err=1.98 *
[2015/05/15 17:51:02] monitor (iter=24) J=0.00 err=0.08 mean(dense1)=0.23 mean(dense2)=0.22 mean(dense3)=0.24 mean(dense4)=0.34 mean(dense5)=0.48 mean(dense6)=0.77 mean(dense7)=4.12 mean(softmax8)=0.10
[2015/05/15 17:51:02] valid   (iter=25) J=0.09 err=1.97 *
[2015/05/15 17:51:11] monitor (iter=25) J=0.00 err=0.05 mean(dense1)=0.23 mean(dense2)=0.22 mean(dense3)=0.23 mean(dense4)=0.33 mean(dense5)=0.48 mean(dense6)=0.78 mean(dense7)=4.13 mean(softmax8)=0.10
[2015/05/15 17:51:11] valid   (iter=26) J=0.09 err=1.90 *
[2015/05/15 17:51:19] monitor (iter=26) J=0.00 err=0.02 mean(dense1)=0.23 mean(dense2)=0.21 mean(dense3)=0.23 mean(dense4)=0.33 mean(dense5)=0.48 mean(dense6)=0.78 mean(dense7)=4.11 mean(softmax8)=0.10
[2015/05/15 17:51:20] valid   (iter=27) J=0.08 err=1.83 *
[2015/05/15 17:51:28] monitor (iter=27) J=0.00 err=0.02 mean(dense1)=0.22 mean(dense2)=0.21 mean(dense3)=0.23 mean(dense4)=0.33 mean(dense5)=0.48 mean(dense6)=0.79 mean(dense7)=4.10 mean(softmax8)=0.10
[2015/05/15 17:51:28] valid   (iter=28) J=0.08 err=1.79 *
[2015/05/15 17:51:37] monitor (iter=28) J=0.00 err=0.01 mean(dense1)=0.22 mean(dense2)=0.21 mean(dense3)=0.23 mean(dense4)=0.33 mean(dense5)=0.49 mean(dense6)=0.79 mean(dense7)=4.08 mean(softmax8)=0.10
[2015/05/15 17:51:37] valid   (iter=29) J=0.08 err=1.78 *
[2015/05/15 17:51:46] monitor (iter=29) J=0.00 err=0.01 mean(dense1)=0.22 mean(dense2)=0.20 mean(dense3)=0.23 mean(dense4)=0.33 mean(dense5)=0.49 mean(dense6)=0.80 mean(dense7)=4.08 mean(softmax8)=0.10
[2015/05/15 17:51:46] valid   (iter=30) J=0.08 err=1.82 *
[2015/05/15 17:51:54] monitor (iter=30) J=0.00 err=0.01 mean(dense1)=0.22 mean(dense2)=0.20 mean(dense3)=0.22 mean(dense4)=0.33 mean(dense5)=0.49 mean(dense6)=0.80 mean(dense7)=4.05 mean(softmax8)=0.10
[2015/05/15 17:51:55] test    (iter=31) J=0.08 err=1.84
[2015/05/15 17:51:55] valid   (iter=31) J=0.08 err=1.75 *
[2015/05/15 17:52:03] monitor (iter=31) J=0.00 err=0.01 mean(dense1)=0.22 mean(dense2)=0.20 mean(dense3)=0.22 mean(dense4)=0.33 mean(dense5)=0.49 mean(dense6)=0.81 mean(dense7)=4.05 mean(softmax8)=0.10
[2015/05/15 17:52:04] valid   (iter=32) J=0.08 err=1.83 *
[2015/05/15 17:52:12] monitor (iter=32) J=0.00 err=0.00 mean(dense1)=0.21 mean(dense2)=0.19 mean(dense3)=0.22 mean(dense4)=0.33 mean(dense5)=0.49 mean(dense6)=0.81 mean(dense7)=4.06 mean(softmax8)=0.10
[2015/05/15 17:52:12] valid   (iter=33) J=0.08 err=1.74 *
[2015/05/15 17:52:21] monitor (iter=33) J=0.00 err=0.01 mean(dense1)=0.21 mean(dense2)=0.19 mean(dense3)=0.22 mean(dense4)=0.33 mean(dense5)=0.50 mean(dense6)=0.82 mean(dense7)=4.08 mean(softmax8)=0.10
[2015/05/15 17:52:21] valid   (iter=34) J=0.08 err=1.84
[2015/05/15 17:52:30] monitor (iter=34) J=0.00 err=0.00 mean(dense1)=0.20 mean(dense2)=0.18 mean(dense3)=0.21 mean(dense4)=0.33 mean(dense5)=0.50 mean(dense6)=0.82 mean(dense7)=4.10 mean(softmax8)=0.10
[2015/05/15 17:52:30] valid   (iter=35) J=0.08 err=1.83
[2015/05/15 17:52:38] monitor (iter=35) J=0.00 err=0.00 mean(dense1)=0.20 mean(dense2)=0.18 mean(dense3)=0.21 mean(dense4)=0.33 mean(dense5)=0.50 mean(dense6)=0.83 mean(dense7)=4.12 mean(softmax8)=0.10
[2015/05/15 17:52:38] valid   (iter=36) J=0.08 err=1.77
[2015/05/15 17:52:47] monitor (iter=36) J=0.00 err=0.00 mean(dense1)=0.20 mean(dense2)=0.18 mean(dense3)=0.21 mean(dense4)=0.33 mean(dense5)=0.50 mean(dense6)=0.83 mean(dense7)=4.12 mean(softmax8)=0.10
[2015/05/15 17:52:47] valid   (iter=37) J=0.08 err=1.79
[2015/05/15 17:52:56] monitor (iter=37) J=0.00 err=0.00 mean(dense1)=0.20 mean(dense2)=0.18 mean(dense3)=0.21 mean(dense4)=0.33 mean(dense5)=0.50 mean(dense6)=0.83 mean(dense7)=4.12 mean(softmax8)=0.10
[2015/05/15 17:52:56] valid   (iter=38) J=0.08 err=1.80 *
[2015/05/15 17:53:05] monitor (iter=38) J=0.00 err=0.00 mean(dense1)=0.19 mean(dense2)=0.17 mean(dense3)=0.21 mean(dense4)=0.33 mean(dense5)=0.51 mean(dense6)=0.84 mean(dense7)=4.13 mean(softmax8)=0.10
[2015/05/15 17:53:05] valid   (iter=39) J=0.08 err=1.80
[2015/05/15 17:53:13] monitor (iter=39) J=0.00 err=0.00 mean(dense1)=0.19 mean(dense2)=0.17 mean(dense3)=0.21 mean(dense4)=0.33 mean(dense5)=0.51 mean(dense6)=0.84 mean(dense7)=4.15 mean(softmax8)=0.10
[2015/05/15 17:53:13] valid   (iter=40) J=0.08 err=1.79
[2015/05/15 17:53:22] monitor (iter=40) J=0.00 err=0.00 mean(dense1)=0.19 mean(dense2)=0.17 mean(dense3)=0.21 mean(dense4)=0.33 mean(dense5)=0.51 mean(dense6)=0.84 mean(dense7)=4.17 mean(softmax8)=0.10
[2015/05/15 17:53:22] test    (iter=41) J=0.08 err=1.92
[2015/05/15 17:53:22] valid   (iter=41) J=0.08 err=1.83
[2015/05/15 17:53:31] monitor (iter=41) J=0.00 err=0.00 mean(dense1)=0.19 mean(dense2)=0.16 mean(dense3)=0.20 mean(dense4)=0.33 mean(dense5)=0.51 mean(dense6)=0.85 mean(dense7)=4.20 mean(softmax8)=0.10
[2015/05/15 17:53:31] valid   (iter=42) J=0.08 err=1.86 *
[2015/05/15 17:53:40] monitor (iter=42) J=0.00 err=0.00 mean(dense1)=0.18 mean(dense2)=0.16 mean(dense3)=0.20 mean(dense4)=0.33 mean(dense5)=0.51 mean(dense6)=0.85 mean(dense7)=4.23 mean(softmax8)=0.10
[2015/05/15 17:53:40] valid   (iter=43) J=0.08 err=1.86
[2015/05/15 17:53:49] monitor (iter=43) J=0.00 err=0.00 mean(dense1)=0.18 mean(dense2)=0.16 mean(dense3)=0.20 mean(dense4)=0.33 mean(dense5)=0.52 mean(dense6)=0.85 mean(dense7)=4.26 mean(softmax8)=0.10
[2015/05/15 17:53:49] valid   (iter=44) J=0.08 err=1.86
[2015/05/15 17:53:57] monitor (iter=44) J=0.00 err=0.00 mean(dense1)=0.18 mean(dense2)=0.15 mean(dense3)=0.20 mean(dense4)=0.33 mean(dense5)=0.52 mean(dense6)=0.85 mean(dense7)=4.29 mean(softmax8)=0.10
[2015/05/15 17:53:57] valid   (iter=45) J=0.08 err=1.88
[2015/05/15 17:54:06] monitor (iter=45) J=0.00 err=0.00 mean(dense1)=0.18 mean(dense2)=0.15 mean(dense3)=0.20 mean(dense4)=0.33 mean(dense5)=0.52 mean(dense6)=0.86 mean(dense7)=4.32 mean(softmax8)=0.10
[2015/05/15 17:54:06] valid   (iter=46) J=0.08 err=1.90
[2015/05/15 17:54:15] monitor (iter=46) J=0.00 err=0.00 mean(dense1)=0.17 mean(dense2)=0.15 mean(dense3)=0.20 mean(dense4)=0.33 mean(dense5)=0.52 mean(dense6)=0.86 mean(dense7)=4.35 mean(softmax8)=0.10
[2015/05/15 17:54:15] valid   (iter=47) J=0.08 err=1.90
[2015/05/15 17:54:23] monitor (iter=47) J=0.00 err=0.00 mean(dense1)=0.17 mean(dense2)=0.15 mean(dense3)=0.20 mean(dense4)=0.33 mean(dense5)=0.52 mean(dense6)=0.86 mean(dense7)=4.38 mean(softmax8)=0.10
[2015/05/15 17:54:24] valid   (iter=48) J=0.08 err=1.86
[2015/05/15 17:54:32] monitor (iter=48) J=0.00 err=0.00 mean(dense1)=0.18 mean(dense2)=0.16 mean(dense3)=0.20 mean(dense4)=0.33 mean(dense5)=0.51 mean(dense6)=0.85 mean(dense7)=4.22 mean(softmax8)=0.10
[2015/05/15 17:54:32] valid   (iter=49) J=0.07 err=1.76 *
[2015/05/15 17:54:41] monitor (iter=49) J=0.00 err=0.00 mean(dense1)=0.18 mean(dense2)=0.16 mean(dense3)=0.20 mean(dense4)=0.33 mean(dense5)=0.52 mean(dense6)=0.85 mean(dense7)=4.23 mean(softmax8)=0.10
[2015/05/15 17:54:41] valid   (iter=50) J=0.07 err=1.77 *
[2015/05/15 17:54:50] monitor (iter=50) J=0.00 err=0.00 mean(dense1)=0.18 mean(dense2)=0.16 mean(dense3)=0.20 mean(dense4)=0.33 mean(dense5)=0.52 mean(dense6)=0.85 mean(dense7)=4.24 mean(softmax8)=0.10
[2015/05/15 17:54:50] test    (iter=51) J=0.07 err=1.85
[2015/05/15 17:54:50] valid   (iter=51) J=0.07 err=1.76 *
[2015/05/15 17:54:51] test    (iter=0) J=0.07 err=1.85
