# deepy version: 0.0.9
[2015/05/18 11:21:54] test    (iter=1) J=2.30 err=88.20
[2015/05/18 11:21:55] valid   (iter=1) J=2.30 err=88.64 *
[2015/05/18 11:22:09] monitor (iter=1) J=0.42 err=12.99 mean(aggregation1)=0.52 mean(dense2)=2.61 mean(softmax3)=0.10
[2015/05/18 11:22:09] valid   (iter=2) J=0.19 err=5.33 *
[2015/05/18 11:22:24] monitor (iter=2) J=0.21 err=6.23 mean(aggregation1)=0.53 mean(dense2)=3.25 mean(softmax3)=0.10
[2015/05/18 11:22:24] valid   (iter=3) J=0.14 err=3.96 *
[2015/05/18 11:22:38] monitor (iter=3) J=0.17 err=4.95 mean(aggregation1)=0.53 mean(dense2)=3.50 mean(softmax3)=0.10
[2015/05/18 11:22:39] valid   (iter=4) J=0.12 err=3.53 *
[2015/05/18 11:22:53] monitor (iter=4) J=0.15 err=4.42 mean(aggregation1)=0.54 mean(dense2)=3.68 mean(softmax3)=0.10
[2015/05/18 11:22:53] valid   (iter=5) J=0.11 err=3.28 *
[2015/05/18 11:23:08] monitor (iter=5) J=0.13 err=3.90 mean(aggregation1)=0.54 mean(dense2)=3.82 mean(softmax3)=0.10
[2015/05/18 11:23:08] valid   (iter=6) J=0.10 err=3.01 *
[2015/05/18 11:23:22] monitor (iter=6) J=0.12 err=3.55 mean(aggregation1)=0.55 mean(dense2)=3.97 mean(softmax3)=0.10
[2015/05/18 11:23:23] valid   (iter=7) J=0.10 err=2.76 *
[2015/05/18 11:23:37] monitor (iter=7) J=0.11 err=3.47 mean(aggregation1)=0.55 mean(dense2)=4.04 mean(softmax3)=0.10
[2015/05/18 11:23:37] valid   (iter=8) J=0.10 err=2.90 *
[2015/05/18 11:23:52] monitor (iter=8) J=0.10 err=3.25 mean(aggregation1)=0.55 mean(dense2)=4.13 mean(softmax3)=0.10
[2015/05/18 11:23:52] valid   (iter=9) J=0.09 err=2.76 *
[2015/05/18 11:24:06] monitor (iter=9) J=0.10 err=3.13 mean(aggregation1)=0.54 mean(dense2)=4.18 mean(softmax3)=0.10
[2015/05/18 11:24:07] valid   (iter=10) J=0.09 err=2.71
[2015/05/18 11:24:21] monitor (iter=10) J=0.10 err=3.03 mean(aggregation1)=0.54 mean(dense2)=4.24 mean(softmax3)=0.10
[2015/05/18 11:24:21] test    (iter=11) J=0.09 err=2.64
[2015/05/18 11:24:22] valid   (iter=11) J=0.08 err=2.50 *
[2015/05/18 11:24:36] monitor (iter=11) J=0.09 err=2.89 mean(aggregation1)=0.54 mean(dense2)=4.28 mean(softmax3)=0.10
[2015/05/18 11:24:36] valid   (iter=12) J=0.09 err=2.63
[2015/05/18 11:24:51] monitor (iter=12) J=0.09 err=2.93 mean(aggregation1)=0.54 mean(dense2)=4.33 mean(softmax3)=0.10
[2015/05/18 11:24:51] valid   (iter=13) J=0.09 err=2.51
[2015/05/18 11:25:05] monitor (iter=13) J=0.09 err=2.68 mean(aggregation1)=0.55 mean(dense2)=4.39 mean(softmax3)=0.10
[2015/05/18 11:25:05] valid   (iter=14) J=0.09 err=2.40
[2015/05/18 11:25:20] monitor (iter=14) J=0.08 err=2.57 mean(aggregation1)=0.55 mean(dense2)=4.40 mean(softmax3)=0.10
[2015/05/18 11:25:20] valid   (iter=15) J=0.08 err=2.37 *
[2015/05/18 11:25:35] monitor (iter=15) J=0.08 err=2.61 mean(aggregation1)=0.54 mean(dense2)=4.40 mean(softmax3)=0.10
[2015/05/18 11:25:35] valid   (iter=16) J=0.08 err=2.36
[2015/05/18 11:25:49] monitor (iter=16) J=0.08 err=2.44 mean(aggregation1)=0.55 mean(dense2)=4.46 mean(softmax3)=0.10
[2015/05/18 11:25:50] valid   (iter=17) J=0.09 err=2.49
[2015/05/18 11:26:04] monitor (iter=17) J=0.08 err=2.48 mean(aggregation1)=0.54 mean(dense2)=4.44 mean(softmax3)=0.10
[2015/05/18 11:26:04] valid   (iter=18) J=0.08 err=2.51
[2015/05/18 11:26:19] monitor (iter=18) J=0.07 err=2.29 mean(aggregation1)=0.54 mean(dense2)=4.49 mean(softmax3)=0.10
[2015/05/18 11:26:19] valid   (iter=19) J=0.08 err=2.34
[2015/05/18 11:26:34] monitor (iter=19) J=0.08 err=2.42 mean(aggregation1)=0.54 mean(dense2)=4.49 mean(softmax3)=0.10
[2015/05/18 11:26:34] valid   (iter=20) J=0.09 err=2.47
[2015/05/18 11:26:49] monitor (iter=20) J=0.07 err=2.26 mean(aggregation1)=0.53 mean(dense2)=4.47 mean(softmax3)=0.10
[2015/05/18 11:26:49] test    (iter=21) J=0.09 err=2.71
[2015/05/18 11:26:49] valid   (iter=21) J=0.08 err=2.37
[2015/05/18 11:27:04] monitor (iter=21) J=0.07 err=2.32 mean(aggregation1)=0.54 mean(dense2)=4.40 mean(softmax3)=0.10
[2015/05/18 11:27:04] valid   (iter=22) J=0.08 err=2.39
[2015/05/18 11:27:18] monitor (iter=22) J=0.07 err=2.14 mean(aggregation1)=0.55 mean(dense2)=4.40 mean(softmax3)=0.10
[2015/05/18 11:27:19] valid   (iter=23) J=0.08 err=2.35
[2015/05/18 11:27:33] monitor (iter=23) J=0.07 err=2.14 mean(aggregation1)=0.54 mean(dense2)=4.38 mean(softmax3)=0.10
[2015/05/18 11:27:33] valid   (iter=24) J=0.08 err=2.41 *
[2015/05/18 11:27:48] monitor (iter=24) J=0.07 err=2.04 mean(aggregation1)=0.54 mean(dense2)=4.37 mean(softmax3)=0.10
[2015/05/18 11:27:48] valid   (iter=25) J=0.08 err=2.29 *
[2015/05/18 11:28:02] monitor (iter=25) J=0.07 err=2.09 mean(aggregation1)=0.54 mean(dense2)=4.36 mean(softmax3)=0.10
[2015/05/18 11:28:02] valid   (iter=26) J=0.08 err=2.25 *
[2015/05/18 11:28:17] monitor (iter=26) J=0.07 err=2.03 mean(aggregation1)=0.53 mean(dense2)=4.36 mean(softmax3)=0.10
[2015/05/18 11:28:17] valid   (iter=27) J=0.08 err=2.37 *
[2015/05/18 11:28:31] monitor (iter=27) J=0.07 err=1.95 mean(aggregation1)=0.53 mean(dense2)=4.35 mean(softmax3)=0.10
[2015/05/18 11:28:31] valid   (iter=28) J=0.08 err=2.23
[2015/05/18 11:28:46] monitor (iter=28) J=0.07 err=1.98 mean(aggregation1)=0.53 mean(dense2)=4.36 mean(softmax3)=0.10
[2015/05/18 11:28:46] valid   (iter=29) J=0.08 err=2.39
[2015/05/18 11:29:00] monitor (iter=29) J=0.07 err=1.99 mean(aggregation1)=0.53 mean(dense2)=4.37 mean(softmax3)=0.10
[2015/05/18 11:29:01] valid   (iter=30) J=0.08 err=2.31
[2015/05/18 11:29:15] monitor (iter=30) J=0.07 err=2.03 mean(aggregation1)=0.52 mean(dense2)=4.33 mean(softmax3)=0.10
[2015/05/18 11:29:15] test    (iter=31) J=0.08 err=2.57
[2015/05/18 11:29:15] valid   (iter=31) J=0.08 err=2.25 *
[2015/05/18 11:29:30] monitor (iter=31) J=0.06 err=1.86 mean(aggregation1)=0.52 mean(dense2)=4.33 mean(softmax3)=0.10
[2015/05/18 11:29:30] valid   (iter=32) J=0.08 err=2.32
[2015/05/18 11:29:44] monitor (iter=32) J=0.06 err=1.93 mean(aggregation1)=0.52 mean(dense2)=4.35 mean(softmax3)=0.10
[2015/05/18 11:29:44] valid   (iter=33) J=0.08 err=2.34
[2015/05/18 11:29:59] monitor (iter=33) J=0.06 err=1.88 mean(aggregation1)=0.52 mean(dense2)=4.36 mean(softmax3)=0.10
[2015/05/18 11:29:59] valid   (iter=34) J=0.08 err=2.33
[2015/05/18 11:30:13] monitor (iter=34) J=0.06 err=1.93 mean(aggregation1)=0.52 mean(dense2)=4.37 mean(softmax3)=0.10
[2015/05/18 11:30:14] valid   (iter=35) J=0.08 err=2.37
[2015/05/18 11:30:28] monitor (iter=35) J=0.06 err=1.96 mean(aggregation1)=0.52 mean(dense2)=4.36 mean(softmax3)=0.10
[2015/05/18 11:30:28] valid   (iter=36) J=0.08 err=2.18
[2015/05/18 11:30:42] monitor (iter=36) J=0.06 err=1.83 mean(aggregation1)=0.52 mean(dense2)=4.36 mean(softmax3)=0.10
[2015/05/18 11:30:43] valid   (iter=37) J=0.08 err=2.25
[2015/05/18 11:30:57] monitor (iter=37) J=0.06 err=1.82 mean(aggregation1)=0.52 mean(dense2)=4.35 mean(softmax3)=0.10
[2015/05/18 11:30:57] valid   (iter=38) J=0.08 err=2.26
[2015/05/18 11:31:12] monitor (iter=38) J=0.06 err=1.88 mean(aggregation1)=0.52 mean(dense2)=4.33 mean(softmax3)=0.10
[2015/05/18 11:31:12] valid   (iter=39) J=0.08 err=2.20 *
[2015/05/18 11:31:26] monitor (iter=39) J=0.06 err=1.76 mean(aggregation1)=0.52 mean(dense2)=4.31 mean(softmax3)=0.10
[2015/05/18 11:31:27] valid   (iter=40) J=0.08 err=2.26
[2015/05/18 11:31:41] monitor (iter=40) J=0.06 err=1.74 mean(aggregation1)=0.52 mean(dense2)=4.32 mean(softmax3)=0.10
[2015/05/18 11:31:41] test    (iter=41) J=0.08 err=2.35
[2015/05/18 11:31:42] valid   (iter=41) J=0.08 err=2.20 *
[2015/05/18 11:31:56] monitor (iter=41) J=0.06 err=1.72 mean(aggregation1)=0.52 mean(dense2)=4.31 mean(softmax3)=0.10
[2015/05/18 11:31:56] valid   (iter=42) J=0.08 err=2.23
[2015/05/18 11:32:11] monitor (iter=42) J=0.06 err=1.74 mean(aggregation1)=0.52 mean(dense2)=4.30 mean(softmax3)=0.10
[2015/05/18 11:32:11] valid   (iter=43) J=0.08 err=2.20
[2015/05/18 11:32:25] monitor (iter=43) J=0.06 err=1.69 mean(aggregation1)=0.51 mean(dense2)=4.30 mean(softmax3)=0.10
[2015/05/18 11:32:26] valid   (iter=44) J=0.08 err=2.27
[2015/05/18 11:32:40] monitor (iter=44) J=0.06 err=1.73 mean(aggregation1)=0.51 mean(dense2)=4.30 mean(softmax3)=0.10
[2015/05/18 11:32:40] valid   (iter=45) J=0.08 err=2.25
[2015/05/18 11:32:54] monitor (iter=45) J=0.06 err=1.65 mean(aggregation1)=0.51 mean(dense2)=4.29 mean(softmax3)=0.10
[2015/05/18 11:32:55] valid   (iter=46) J=0.08 err=2.23
[2015/05/18 11:33:09] monitor (iter=46) J=0.06 err=1.71 mean(aggregation1)=0.51 mean(dense2)=4.29 mean(softmax3)=0.10
[2015/05/18 11:33:09] valid   (iter=47) J=0.08 err=2.20
[2015/05/18 11:33:23] monitor (iter=47) J=0.06 err=1.65 mean(aggregation1)=0.52 mean(dense2)=4.33 mean(softmax3)=0.10
[2015/05/18 11:33:24] valid   (iter=48) J=0.08 err=2.27 *
[2015/05/18 11:33:38] monitor (iter=48) J=0.06 err=1.71 mean(aggregation1)=0.52 mean(dense2)=4.32 mean(softmax3)=0.10
[2015/05/18 11:33:38] valid   (iter=49) J=0.08 err=2.22
[2015/05/18 11:33:53] monitor (iter=49) J=0.06 err=1.66 mean(aggregation1)=0.52 mean(dense2)=4.30 mean(softmax3)=0.10
[2015/05/18 11:33:53] valid   (iter=50) J=0.08 err=2.22 *
[2015/05/18 11:34:07] monitor (iter=50) J=0.06 err=1.60 mean(aggregation1)=0.52 mean(dense2)=4.30 mean(softmax3)=0.10
[2015/05/18 11:34:07] test    (iter=51) J=0.07 err=2.35
[2015/05/18 11:34:08] valid   (iter=51) J=0.08 err=2.24
[2015/05/18 11:34:22] monitor (iter=51) J=0.05 err=1.57 mean(aggregation1)=0.52 mean(dense2)=4.31 mean(softmax3)=0.10
[2015/05/18 11:34:22] valid   (iter=52) J=0.08 err=2.21
[2015/05/18 11:34:36] monitor (iter=52) J=0.06 err=1.63 mean(aggregation1)=0.52 mean(dense2)=4.32 mean(softmax3)=0.10
[2015/05/18 11:34:37] valid   (iter=53) J=0.08 err=2.18
[2015/05/18 11:34:51] monitor (iter=53) J=0.06 err=1.60 mean(aggregation1)=0.52 mean(dense2)=4.31 mean(softmax3)=0.10
[2015/05/18 11:34:51] valid   (iter=54) J=0.08 err=2.18
[2015/05/18 11:35:05] monitor (iter=54) J=0.06 err=1.65 mean(aggregation1)=0.51 mean(dense2)=4.29 mean(softmax3)=0.10
[2015/05/18 11:35:06] valid   (iter=55) J=0.08 err=2.19
[2015/05/18 11:35:20] monitor (iter=55) J=0.05 err=1.62 mean(aggregation1)=0.51 mean(dense2)=4.29 mean(softmax3)=0.10
[2015/05/18 11:35:20] valid   (iter=56) J=0.08 err=2.22
[2015/05/18 11:35:34] monitor (iter=56) J=0.06 err=1.61 mean(aggregation1)=0.51 mean(dense2)=4.29 mean(softmax3)=0.10
[2015/05/18 11:35:35] valid   (iter=57) J=0.08 err=2.17 *
[2015/05/18 11:35:49] monitor (iter=57) J=0.05 err=1.54 mean(aggregation1)=0.52 mean(dense2)=4.31 mean(softmax3)=0.10
[2015/05/18 11:35:49] valid   (iter=58) J=0.08 err=2.27
[2015/05/18 11:36:04] monitor (iter=58) J=0.05 err=1.55 mean(aggregation1)=0.52 mean(dense2)=4.31 mean(softmax3)=0.10
[2015/05/18 11:36:04] valid   (iter=59) J=0.08 err=2.23
[2015/05/18 11:36:18] monitor (iter=59) J=0.05 err=1.61 mean(aggregation1)=0.52 mean(dense2)=4.30 mean(softmax3)=0.10
[2015/05/18 11:36:18] valid   (iter=60) J=0.08 err=2.24 *
[2015/05/18 11:36:33] monitor (iter=60) J=0.05 err=1.53 mean(aggregation1)=0.52 mean(dense2)=4.31 mean(softmax3)=0.10
[2015/05/18 11:36:33] test    (iter=61) J=0.07 err=2.30
[2015/05/18 11:36:33] valid   (iter=61) J=0.08 err=2.21 *
[2015/05/18 11:36:47] monitor (iter=61) J=0.05 err=1.57 mean(aggregation1)=0.52 mean(dense2)=4.30 mean(softmax3)=0.10
[2015/05/18 11:36:48] valid   (iter=62) J=0.08 err=2.20
[2015/05/18 11:37:02] monitor (iter=62) J=0.05 err=1.61 mean(aggregation1)=0.52 mean(dense2)=4.29 mean(softmax3)=0.10
[2015/05/18 11:37:02] valid   (iter=63) J=0.08 err=2.25
[2015/05/18 11:37:17] monitor (iter=63) J=0.06 err=1.61 mean(aggregation1)=0.52 mean(dense2)=4.30 mean(softmax3)=0.10
[2015/05/18 11:37:17] valid   (iter=64) J=0.08 err=2.18
[2015/05/18 11:37:31] monitor (iter=64) J=0.05 err=1.62 mean(aggregation1)=0.51 mean(dense2)=4.28 mean(softmax3)=0.10
[2015/05/18 11:37:31] valid   (iter=65) J=0.08 err=2.18
[2015/05/18 11:37:46] monitor (iter=65) J=0.05 err=1.61 mean(aggregation1)=0.51 mean(dense2)=4.30 mean(softmax3)=0.10
[2015/05/18 11:37:46] valid   (iter=66) J=0.08 err=2.20
[2015/05/18 11:38:00] monitor (iter=66) J=0.05 err=1.55 mean(aggregation1)=0.52 mean(dense2)=4.30 mean(softmax3)=0.10
[2015/05/18 11:38:01] valid   (iter=67) J=0.08 err=2.21
[2015/05/18 11:38:15] monitor (iter=67) J=0.05 err=1.53 mean(aggregation1)=0.52 mean(dense2)=4.30 mean(softmax3)=0.10
[2015/05/18 11:38:15] valid   (iter=68) J=0.08 err=2.19
[2015/05/18 11:38:29] monitor (iter=68) J=0.05 err=1.61 mean(aggregation1)=0.52 mean(dense2)=4.30 mean(softmax3)=0.10
[2015/05/18 11:38:29] valid   (iter=69) J=0.08 err=2.22
[2015/05/18 11:38:43] monitor (iter=69) J=0.05 err=1.53 mean(aggregation1)=0.52 mean(dense2)=4.30 mean(softmax3)=0.10
[2015/05/18 11:38:44] valid   (iter=70) J=0.08 err=2.21
[2015/05/18 11:38:58] monitor (iter=70) J=0.05 err=1.58 mean(aggregation1)=0.52 mean(dense2)=4.31 mean(softmax3)=0.10
[2015/05/18 11:38:58] test    (iter=71) J=0.07 err=2.29
[2015/05/18 11:38:58] valid   (iter=71) J=0.08 err=2.19
[2015/05/18 11:39:12] monitor (iter=71) J=0.05 err=1.58 mean(aggregation1)=0.52 mean(dense2)=4.31 mean(softmax3)=0.10
