# deepy version: 0.0.7
[2015/05/14 16:08:14] test    (iter=1) J=2.31 err=89.74
[2015/05/14 16:08:14] valid   (iter=1) J=2.31 err=88.83 *
[2015/05/14 16:08:22] monitor (iter=1) J=0.73
[2015/05/14 16:08:22] valid   (iter=2) J=0.67 err=20.76 *
[2015/05/14 16:08:30] monitor (iter=2) J=0.58
[2015/05/14 16:08:30] valid   (iter=3) J=0.53 err=14.86 *
[2015/05/14 16:08:38] monitor (iter=3) J=0.41
[2015/05/14 16:08:39] valid   (iter=4) J=0.38 err=10.82 *
[2015/05/14 16:08:46] monitor (iter=4) J=0.37
[2015/05/14 16:08:46] valid   (iter=5) J=0.34 err=9.47 *
[2015/05/14 16:08:53] monitor (iter=5) J=0.34
[2015/05/14 16:08:53] valid   (iter=6) J=0.32 err=8.93 *
[2015/05/14 16:08:59] monitor (iter=6) J=0.33
[2015/05/14 16:08:59] valid   (iter=7) J=0.30 err=8.65 *
[2015/05/14 16:09:06] monitor (iter=7) J=0.31
[2015/05/14 16:09:06] valid   (iter=8) J=0.29 err=8.17 *
[2015/05/14 16:09:14] monitor (iter=8) J=0.27
[2015/05/14 16:09:14] valid   (iter=9) J=0.26 err=7.38 *
[2015/05/14 16:09:22] monitor (iter=9) J=0.25
[2015/05/14 16:09:22] valid   (iter=10) J=0.23 err=6.80 *
[2015/05/14 16:09:29] monitor (iter=10) J=0.24
[2015/05/14 16:09:29] test    (iter=11) J=0.23 err=6.71
[2015/05/14 16:09:29] valid   (iter=11) J=0.23 err=6.26 *
[2015/05/14 16:09:36] monitor (iter=11) J=0.23
[2015/05/14 16:09:36] valid   (iter=12) J=0.22 err=6.42 *
[2015/05/14 16:09:44] monitor (iter=12) J=0.22
[2015/05/14 16:09:44] valid   (iter=13) J=0.21 err=5.70 *
[2015/05/14 16:09:51] monitor (iter=13) J=0.20
[2015/05/14 16:09:51] valid   (iter=14) J=0.20 err=5.58 *
[2015/05/14 16:09:58] monitor (iter=14) J=0.19
[2015/05/14 16:09:58] valid   (iter=15) J=0.19 err=5.25 *
[2015/05/14 16:10:06] monitor (iter=15) J=0.18
[2015/05/14 16:10:06] valid   (iter=16) J=0.18 err=5.05 *
[2015/05/14 16:10:14] monitor (iter=16) J=0.17
[2015/05/14 16:10:14] valid   (iter=17) J=0.17 err=4.78 *
[2015/05/14 16:10:22] monitor (iter=17) J=0.17
[2015/05/14 16:10:22] valid   (iter=18) J=0.17 err=4.74 *
[2015/05/14 16:10:28] monitor (iter=18) J=0.16
[2015/05/14 16:10:29] valid   (iter=19) J=0.16 err=4.57 *
[2015/05/14 16:10:35] monitor (iter=19) J=0.16
[2015/05/14 16:10:35] valid   (iter=20) J=0.16 err=4.46 *
[2015/05/14 16:10:41] monitor (iter=20) J=0.15
[2015/05/14 16:10:41] test    (iter=21) J=0.16 err=4.74
[2015/05/14 16:10:41] valid   (iter=21) J=0.16 err=4.25 *
[2015/05/14 16:10:47] monitor (iter=21) J=0.15
[2015/05/14 16:10:47] valid   (iter=22) J=0.15 err=4.27 *
[2015/05/14 16:10:55] monitor (iter=22) J=0.15
[2015/05/14 16:10:55] valid   (iter=23) J=0.15 err=4.21 *
[2015/05/14 16:11:03] monitor (iter=23) J=0.14
[2015/05/14 16:11:03] valid   (iter=24) J=0.15 err=4.13 *
[2015/05/14 16:11:11] monitor (iter=24) J=0.14
[2015/05/14 16:11:11] valid   (iter=25) J=0.14 err=4.00 *
[2015/05/14 16:11:18] monitor (iter=25) J=0.13
[2015/05/14 16:11:18] valid   (iter=26) J=0.14 err=3.98 *
[2015/05/14 16:11:27] monitor (iter=26) J=0.13
[2015/05/14 16:11:27] valid   (iter=27) J=0.14 err=3.85 *
[2015/05/14 16:11:35] monitor (iter=27) J=0.12
[2015/05/14 16:11:35] valid   (iter=28) J=0.13 err=3.65 *
[2015/05/14 16:11:42] monitor (iter=28) J=0.12
[2015/05/14 16:11:42] valid   (iter=29) J=0.13 err=3.61 *
[2015/05/14 16:11:50] monitor (iter=29) J=0.12
[2015/05/14 16:11:50] valid   (iter=30) J=0.13 err=3.64 *
[2015/05/14 16:11:58] monitor (iter=30) J=0.11
[2015/05/14 16:11:58] test    (iter=31) J=0.13 err=3.93
[2015/05/14 16:11:58] valid   (iter=31) J=0.13 err=3.46 *
[2015/05/14 16:12:06] monitor (iter=31) J=0.11
[2015/05/14 16:12:06] valid   (iter=32) J=0.13 err=3.41 *
[2015/05/14 16:12:13] monitor (iter=32) J=0.10
[2015/05/14 16:12:13] valid   (iter=33) J=0.12 err=3.24 *
[2015/05/14 16:12:21] monitor (iter=33) J=0.09
[2015/05/14 16:12:21] valid   (iter=34) J=0.12 err=3.16 *
[2015/05/14 16:12:28] monitor (iter=34) J=0.09
[2015/05/14 16:12:28] valid   (iter=35) J=0.11 err=3.11 *
[2015/05/14 16:12:36] monitor (iter=35) J=0.09
[2015/05/14 16:12:37] valid   (iter=36) J=0.11 err=3.08 *
[2015/05/14 16:12:45] monitor (iter=36) J=0.08
[2015/05/14 16:12:45] valid   (iter=37) J=0.11 err=3.13 *
[2015/05/14 16:12:53] monitor (iter=37) J=0.07
[2015/05/14 16:12:53] valid   (iter=38) J=0.10 err=2.95 *
[2015/05/14 16:13:00] monitor (iter=38) J=0.07
[2015/05/14 16:13:00] valid   (iter=39) J=0.10 err=2.92 *
[2015/05/14 16:13:08] monitor (iter=39) J=0.07
[2015/05/14 16:13:08] valid   (iter=40) J=0.10 err=2.93
[2015/05/14 16:13:15] monitor (iter=40) J=0.07
[2015/05/14 16:13:15] test    (iter=41) J=0.10 err=3.09
[2015/05/14 16:13:15] valid   (iter=41) J=0.10 err=2.93
[2015/05/14 16:13:22] monitor (iter=41) J=0.07
[2015/05/14 16:13:22] valid   (iter=42) J=0.10 err=2.93
[2015/05/14 16:13:30] monitor (iter=42) J=0.07
[2015/05/14 16:13:30] valid   (iter=43) J=0.10 err=2.93
[2015/05/14 16:13:37] monitor (iter=43) J=0.07
[2015/05/14 16:13:37] valid   (iter=44) J=0.10 err=2.93
[2015/05/14 16:13:44] monitor (iter=44) J=0.07
[2015/05/14 16:13:45] valid   (iter=45) J=0.10 err=2.92
[2015/05/14 16:13:52] monitor (iter=45) J=0.07
[2015/05/14 16:13:52] valid   (iter=46) J=0.10 err=2.93
[2015/05/14 16:13:59] monitor (iter=46) J=0.07
[2015/05/14 16:13:59] valid   (iter=47) J=0.10 err=2.93
[2015/05/14 16:14:06] monitor (iter=47) J=0.07
[2015/05/14 16:14:06] valid   (iter=48) J=0.10 err=2.93
[2015/05/14 16:14:13] monitor (iter=48) J=0.07
[2015/05/14 16:14:13] valid   (iter=49) J=0.10 err=2.93
[2015/05/14 16:14:22] monitor (iter=49) J=0.07
[2015/05/14 16:14:22] valid   (iter=50) J=0.10 err=2.92
[2015/05/14 16:14:30] monitor (iter=50) J=0.07
[2015/05/14 16:14:30] test    (iter=51) J=0.10 err=3.09
[2015/05/14 16:14:30] valid   (iter=51) J=0.10 err=2.93
[2015/05/14 16:14:38] monitor (iter=51) J=0.07
[2015/05/14 16:14:38] valid   (iter=52) J=0.10 err=2.93
[2015/05/14 16:14:45] monitor (iter=52) J=0.07
[2015/05/14 16:14:45] valid   (iter=53) J=0.10 err=2.93
[2015/05/14 16:14:54] monitor (iter=53) J=0.07
[2015/05/14 16:14:54] valid   (iter=54) J=0.10 err=2.93
[2015/05/14 16:15:02] monitor (iter=54) J=0.07
[2015/05/14 16:15:02] valid   (iter=55) J=0.10 err=2.92
[2015/05/14 16:15:09] monitor (iter=55) J=0.07
[2015/05/14 16:15:09] valid   (iter=56) J=0.10 err=2.93
[2015/05/14 16:15:16] monitor (iter=56) J=0.07
[2015/05/14 16:15:16] valid   (iter=57) J=0.10 err=2.93
[2015/05/14 16:15:23] monitor (iter=57) J=0.07
[2015/05/14 16:15:23] valid   (iter=58) J=0.10 err=2.93
[2015/05/14 16:15:31] monitor (iter=58) J=0.07
[2015/05/14 16:15:31] valid   (iter=59) J=0.10 err=2.93
[2015/05/14 16:15:31] test    (iter=0) J=0.10 err=3.07
