# deepy version: 0.1.3
# deepy version: 0.1.3
# deepy version: 0.1.3
# deepy version: 0.1.3
[2015/06/03 11:39:48] valid   (iter=1) J=9.21 err=100.00 PPL=592.36 *
[2015/06/03 11:42:33] monitor (iter=1) J=7.90 err=96.77 PPL=239.48 mean(rnn1)=0.70 mean(dense2)=0.00
[2015/06/03 11:42:55] valid   (iter=2) J=7.97 err=92.51 PPL=251.13 *
[2015/06/03 11:45:33] monitor (iter=2) J=7.31 err=95.05 PPL=158.47 mean(rnn1)=0.84 mean(dense2)=0.00
[2015/06/03 11:45:55] valid   (iter=3) J=7.40 err=94.53 PPL=169.69 *
[2015/06/03 11:48:32] monitor (iter=3) J=7.09 err=95.05 PPL=136.62 mean(rnn1)=0.89 mean(dense2)=0.00
[2015/06/03 11:48:54] valid   (iter=4) J=7.18 err=94.57 PPL=145.91 *
[2015/06/03 11:51:32] monitor (iter=4) J=6.97 err=95.05 PPL=125.73 mean(rnn1)=0.91 mean(dense2)=0.00
[2015/06/03 11:51:55] valid   (iter=5) J=7.05 err=94.62 PPL=133.58 *
[2015/06/03 11:54:33] monitor (iter=5) J=6.90 err=95.05 PPL=119.13 mean(rnn1)=0.93 mean(dense2)=0.00
[2015/06/03 11:57:10] valid   (iter=1) J=10.17 err=94.62 PPL=1171.39 *
[2015/06/03 11:59:51] monitor (iter=1) J=9.91 err=95.05 PPL=961.98 mean(rnn1)=0.93 mean(dense2)=0.00
[2015/06/03 12:00:14] valid   (iter=2) J=10.01 err=94.62 PPL=1050.17 *
[2015/06/03 12:02:50] monitor (iter=2) J=9.81 err=95.05 PPL=898.23 mean(rnn1)=0.95 mean(dense2)=0.00
[2015/06/03 12:03:13] valid   (iter=3) J=9.91 err=94.62 PPL=976.22 *
[2015/06/03 12:05:51] monitor (iter=3) J=9.74 err=95.05 PPL=854.06 mean(rnn1)=0.95 mean(dense2)=0.00
[2015/06/03 12:06:14] valid   (iter=4) J=9.83 err=94.62 PPL=925.60 *
[2015/06/03 12:08:51] monitor (iter=4) J=9.68 err=95.05 PPL=821.09 mean(rnn1)=0.96 mean(dense2)=0.00
[2015/06/03 12:09:14] valid   (iter=5) J=9.77 err=94.62 PPL=888.15 *
[2015/06/03 12:11:54] monitor (iter=5) J=9.64 err=95.05 PPL=795.77 mean(rnn1)=0.96 mean(dense2)=0.00
[2015/06/03 12:12:17] valid   (iter=6) J=9.72 err=94.62 PPL=859.07 *
[2015/06/03 12:14:57] monitor (iter=6) J=9.60 err=95.05 PPL=775.93 mean(rnn1)=0.96 mean(dense2)=0.00
[2015/06/03 12:15:20] valid   (iter=7) J=9.68 err=94.62 PPL=835.66 *
[2015/06/03 12:18:01] monitor (iter=7) J=9.57 err=95.05 PPL=760.04 mean(rnn1)=0.97 mean(dense2)=0.00
[2015/06/03 12:18:24] valid   (iter=8) J=9.65 err=94.62 PPL=816.25 *
[2015/06/03 12:21:02] monitor (iter=8) J=9.55 err=95.05 PPL=747.03 mean(rnn1)=0.97 mean(dense2)=0.00
[2015/06/03 12:21:25] valid   (iter=9) J=9.62 err=94.62 PPL=799.71 *
[2015/06/03 12:24:04] monitor (iter=9) J=9.52 err=95.05 PPL=736.14 mean(rnn1)=0.97 mean(dense2)=0.00
[2015/06/03 12:24:27] valid   (iter=10) J=9.59 err=94.62 PPL=785.36 *
[2015/06/03 12:27:05] monitor (iter=10) J=9.51 err=95.05 PPL=726.90 mean(rnn1)=0.97 mean(dense2)=0.00
[2015/06/03 12:27:27] valid   (iter=11) J=9.57 err=94.62 PPL=772.77 *
[2015/06/03 12:30:07] monitor (iter=11) J=9.49 err=95.05 PPL=719.00 mean(rnn1)=0.97 mean(dense2)=0.00
[2015/06/03 12:30:30] valid   (iter=12) J=9.55 err=94.62 PPL=761.71 *
[2015/06/03 12:33:09] monitor (iter=12) J=9.48 err=95.05 PPL=712.22 mean(rnn1)=0.97 mean(dense2)=0.00
[2015/06/03 12:33:32] valid   (iter=13) J=9.53 err=94.62 PPL=752.10 *
[2015/06/03 12:36:09] monitor (iter=13) J=9.46 err=91.61 PPL=706.41 mean(rnn1)=0.97 mean(dense2)=0.00
[2015/06/03 12:36:32] valid   (iter=14) J=9.52 err=94.62 PPL=743.91 *
[2015/06/03 12:39:09] monitor (iter=14) J=9.45 err=91.61 PPL=701.43 mean(rnn1)=0.97 mean(dense2)=0.00
[2015/06/03 12:39:32] valid   (iter=15) J=9.50 err=94.62 PPL=737.07 *
[2015/06/03 12:42:06] monitor (iter=15) J=9.45 err=91.61 PPL=697.09 mean(rnn1)=0.97 mean(dense2)=0.00
[2015/06/03 12:42:29] valid   (iter=16) J=9.49 err=94.62 PPL=731.35 *
[2015/06/03 12:45:05] monitor (iter=16) J=9.44 err=91.61 PPL=693.22 mean(rnn1)=0.97 mean(dense2)=0.00
[2015/06/03 12:45:28] valid   (iter=17) J=9.48 err=94.62 PPL=726.49 *
[2015/06/03 12:48:05] monitor (iter=17) J=9.43 err=91.61 PPL=689.68 mean(rnn1)=0.98 mean(dense2)=0.00
[2015/06/03 12:48:28] valid   (iter=18) J=9.47 err=94.62 PPL=722.22
[2015/06/03 12:51:04] monitor (iter=18) J=9.42 err=91.61 PPL=686.39 mean(rnn1)=0.98 mean(dense2)=0.00
[2015/06/03 12:51:27] valid   (iter=19) J=9.47 err=94.62 PPL=718.39 *
[2015/06/03 12:54:02] monitor (iter=19) J=9.42 err=91.61 PPL=683.32 mean(rnn1)=0.98 mean(dense2)=0.00
[2015/06/03 12:54:24] valid   (iter=20) J=9.46 err=94.62 PPL=714.90
[2015/06/03 12:57:01] monitor (iter=20) J=9.41 err=91.61 PPL=680.44 mean(rnn1)=0.98 mean(dense2)=0.00
[2015/06/03 12:57:24] valid   (iter=21) J=9.45 err=94.62 PPL=711.70 *
[2015/06/03 13:00:01] monitor (iter=21) J=9.40 err=91.61 PPL=677.73 mean(rnn1)=0.98 mean(dense2)=0.00
[2015/06/03 13:00:23] valid   (iter=22) J=9.45 err=94.62 PPL=708.73
[2015/06/03 13:03:02] monitor (iter=22) J=9.40 err=91.61 PPL=675.19 mean(rnn1)=0.98 mean(dense2)=0.00
[2015/06/03 13:03:26] valid   (iter=23) J=9.44 err=94.62 PPL=705.99 *
[2015/06/03 13:06:05] monitor (iter=23) J=9.39 err=91.61 PPL=672.78 mean(rnn1)=0.98 mean(dense2)=0.00
[2015/06/03 13:06:27] valid   (iter=24) J=9.43 err=94.62 PPL=703.43
[2015/06/03 13:09:05] monitor (iter=24) J=9.39 err=91.61 PPL=670.51 mean(rnn1)=0.98 mean(dense2)=0.00
[2015/06/03 13:09:28] valid   (iter=25) J=9.43 err=94.62 PPL=701.05 *
[2015/06/03 13:12:09] monitor (iter=25) J=9.38 err=91.61 PPL=668.35 mean(rnn1)=0.98 mean(dense2)=0.00
[2015/06/03 13:12:32] valid   (iter=26) J=9.42 err=94.62 PPL=698.82
[2015/06/03 13:15:11] monitor (iter=26) J=9.38 err=91.61 PPL=666.30 mean(rnn1)=0.98 mean(dense2)=0.00
[2015/06/03 13:15:34] valid   (iter=27) J=9.42 err=94.62 PPL=696.73
[2015/06/03 13:18:13] monitor (iter=27) J=9.38 err=91.61 PPL=664.36 mean(rnn1)=0.98 mean(dense2)=0.00
[2015/06/03 13:18:37] valid   (iter=28) J=9.42 err=94.62 PPL=694.77 *
[2015/06/03 13:21:19] monitor (iter=28) J=9.37 err=91.61 PPL=662.50 mean(rnn1)=0.98 mean(dense2)=0.00
[2015/06/03 13:21:42] valid   (iter=29) J=9.41 err=94.62 PPL=692.92
[2015/06/03 13:24:27] monitor (iter=29) J=9.37 err=91.61 PPL=660.73 mean(rnn1)=0.98 mean(dense2)=0.00
[2015/06/03 13:24:50] valid   (iter=30) J=9.41 err=94.62 PPL=691.18
[2015/06/03 13:27:30] monitor (iter=30) J=9.36 err=91.61 PPL=659.04 mean(rnn1)=0.98 mean(dense2)=0.00
[2015/06/03 13:27:52] valid   (iter=31) J=9.41 err=94.62 PPL=689.55 *
[2015/06/03 13:30:32] monitor (iter=31) J=9.36 err=91.61 PPL=657.43 mean(rnn1)=0.98 mean(dense2)=0.00
[2015/06/03 13:30:55] valid   (iter=32) J=9.40 err=94.62 PPL=688.01
[2015/06/03 13:33:32] monitor (iter=32) J=9.36 err=91.61 PPL=655.88 mean(rnn1)=0.98 mean(dense2)=0.00
[2015/06/03 13:33:54] valid   (iter=33) J=9.40 err=94.62 PPL=686.57
[2015/06/03 18:26:31] valid   (iter=1) J=9.41 err=94.62 PPL=689.58 *
[2015/06/03 18:37:41] monitor (iter=1) J=9.42 err=94.80 PPL=682.79 mean(onehot1)=0.00 mean(rnn2)=0.98 mean(dense3)=0.00
[2015/06/03 18:38:04] valid   (iter=2) J=9.33 err=94.86 PPL=654.41 *
[2015/06/03 18:49:16] monitor (iter=2) J=9.39 err=94.80 PPL=671.82 mean(onehot1)=0.00 mean(rnn2)=0.96 mean(dense3)=0.00
[2015/06/03 18:49:39] valid   (iter=3) J=9.35 err=94.25 PPL=814.10
[2015/06/03 19:00:52] monitor (iter=3) J=9.38 err=94.80 PPL=667.53 mean(onehot1)=0.00 mean(rnn2)=0.96 mean(dense3)=0.00
[2015/06/03 19:01:16] valid   (iter=4) J=9.29 err=93.82 PPL=636.65 *
[2015/06/03 19:12:26] monitor (iter=4) J=9.40 err=94.62 PPL=674.97 mean(onehot1)=0.00 mean(rnn2)=0.96 mean(dense3)=0.00
[2015/06/03 19:12:49] valid   (iter=5) J=9.29 err=93.77 PPL=642.00
[2015/06/03 19:23:53] monitor (iter=5) J=9.33 err=92.47 PPL=642.82 mean(onehot1)=0.00 mean(rnn2)=0.95 mean(dense3)=0.00
[2015/06/03 19:24:17] valid   (iter=6) J=9.34 err=91.37 PPL=661.77
[2015/06/03 19:35:29] monitor (iter=6) J=9.32 err=93.55 PPL=638.55 mean(onehot1)=0.00 mean(rnn2)=0.95 mean(dense3)=0.00
[2015/06/03 19:35:52] valid   (iter=7) J=9.32 err=91.97 PPL=1106.79
[2015/06/03 19:46:56] monitor (iter=7) J=9.29 err=91.94 PPL=626.01 mean(onehot1)=0.00 mean(rnn2)=0.96 mean(dense3)=0.00
[2015/06/03 19:47:20] valid   (iter=8) J=9.25 err=91.93 PPL=770.42 *
[2015/06/03 19:58:30] monitor (iter=8) J=9.27 err=91.94 PPL=617.05 mean(onehot1)=0.00 mean(rnn2)=0.97 mean(dense3)=0.00
[2015/06/03 19:58:54] valid   (iter=9) J=9.23 err=91.96 PPL=766.08 *
[2015/06/03 20:09:57] monitor (iter=9) J=9.26 err=93.37 PPL=615.04 mean(onehot1)=0.00 mean(rnn2)=0.94 mean(dense3)=0.00
[2015/06/03 20:10:20] valid   (iter=10) J=9.21 err=92.11 PPL=703.58 *
[2015/06/03 20:21:14] monitor (iter=10) J=9.26 err=91.76 PPL=611.28 mean(onehot1)=0.00 mean(rnn2)=0.96 mean(dense3)=0.00
[2015/06/03 20:21:38] valid   (iter=11) J=9.20 err=91.83 PPL=651.53 *
[2015/06/03 20:32:35] monitor (iter=11) J=9.10 err=89.78 PPL=550.51 mean(onehot1)=0.00 mean(rnn2)=0.94 mean(dense3)=0.00
[2015/06/03 20:32:58] valid   (iter=12) J=9.98 err=91.29 PPL=37830.15
[2015/06/03 20:43:51] monitor (iter=12) J=9.06 err=90.14 PPL=534.94 mean(onehot1)=0.00 mean(rnn2)=0.95 mean(dense3)=0.00
[2015/06/03 20:44:15] valid   (iter=13) J=10.02 err=91.42 PPL=20180.74
[2015/06/03 20:55:09] monitor (iter=13) J=9.17 err=90.68 PPL=575.83 mean(onehot1)=0.00 mean(rnn2)=0.97 mean(dense3)=0.00
[2015/06/03 20:55:33] valid   (iter=14) J=9.18 err=90.31 PPL=1303.05 *
[2015/06/03 21:06:29] monitor (iter=14) J=9.13 err=90.68 PPL=560.46 mean(onehot1)=0.00 mean(rnn2)=0.96 mean(dense3)=0.00
[2015/06/03 21:06:53] valid   (iter=15) J=9.15 err=88.34 PPL=1599.20 *
[2015/06/03 21:17:47] monitor (iter=15) J=9.16 err=90.14 PPL=572.45 mean(onehot1)=0.00 mean(rnn2)=0.95 mean(dense3)=0.00
[2015/06/03 21:18:10] valid   (iter=16) J=9.07 err=88.71 PPL=594.90 *
[2015/06/03 21:29:05] monitor (iter=16) J=9.11 err=89.96 PPL=554.16 mean(onehot1)=0.00 mean(rnn2)=0.97 mean(dense3)=0.00
[2015/06/03 21:29:28] valid   (iter=17) J=9.04 err=88.90 PPL=545.23 *
[2015/06/03 21:40:26] monitor (iter=17) J=9.11 err=89.96 PPL=550.87 mean(onehot1)=0.00 mean(rnn2)=0.98 mean(dense3)=0.00
[2015/06/03 21:40:49] valid   (iter=18) J=9.05 err=89.19 PPL=562.82
[2015/06/03 21:51:47] monitor (iter=18) J=9.09 err=90.14 PPL=545.58 mean(onehot1)=0.00 mean(rnn2)=0.98 mean(dense3)=0.00
[2015/06/03 21:52:11] valid   (iter=19) J=9.07 err=90.33 PPL=590.33
[2015/06/03 22:03:07] monitor (iter=19) J=9.07 err=89.78 PPL=538.86 mean(onehot1)=0.00 mean(rnn2)=0.97 mean(dense3)=0.00
[2015/06/03 22:03:31] valid   (iter=20) J=9.09 err=88.83 PPL=572.85
[2015/06/03 22:14:29] monitor (iter=20) J=9.06 err=90.14 PPL=534.36 mean(onehot1)=0.00 mean(rnn2)=0.96 mean(dense3)=0.00
[2015/06/03 22:14:52] valid   (iter=21) J=9.02 err=88.38 PPL=558.37 *
[2015/06/03 22:25:49] monitor (iter=21) J=9.05 err=90.68 PPL=529.24 mean(onehot1)=0.00 mean(rnn2)=0.97 mean(dense3)=0.00
[2015/06/03 22:26:13] valid   (iter=22) J=8.99 err=88.63 PPL=552.89 *
[2015/06/03 22:37:10] monitor (iter=22) J=9.05 err=91.58 PPL=528.51 mean(onehot1)=0.00 mean(rnn2)=0.97 mean(dense3)=0.00
[2015/06/03 22:37:33] valid   (iter=23) J=9.03 err=88.52 PPL=558.21
[2015/06/03 22:48:30] monitor (iter=23) J=9.02 err=88.89 PPL=518.59 mean(onehot1)=0.00 mean(rnn2)=0.98 mean(dense3)=0.00
[2015/06/03 22:48:54] valid   (iter=24) J=8.97 err=88.27 PPL=518.75 *
[2015/06/03 22:59:51] monitor (iter=24) J=8.99 err=89.96 PPL=509.11 mean(onehot1)=0.00 mean(rnn2)=0.98 mean(dense3)=0.00
[2015/06/03 23:00:15] valid   (iter=25) J=8.91 err=87.73 PPL=497.60 *
[2015/06/03 23:11:13] monitor (iter=25) J=9.09 err=91.40 PPL=545.40 mean(onehot1)=0.00 mean(rnn2)=0.98 mean(dense3)=0.00
[2015/06/03 23:11:36] valid   (iter=26) J=9.04 err=89.62 PPL=550.70
[2015/06/03 23:22:32] monitor (iter=26) J=9.07 err=91.58 PPL=537.82 mean(onehot1)=0.00 mean(rnn2)=0.98 mean(dense3)=0.00
[2015/06/03 23:22:56] valid   (iter=27) J=9.00 err=88.97 PPL=534.40
[2015/06/03 23:33:52] monitor (iter=27) J=8.94 err=89.07 PPL=492.42 mean(onehot1)=0.00 mean(rnn2)=0.98 mean(dense3)=0.00
[2015/06/03 23:34:16] valid   (iter=28) J=8.87 err=87.15 PPL=498.42 *
[2015/06/03 23:45:14] monitor (iter=28) J=8.93 err=89.07 PPL=486.45 mean(onehot1)=0.00 mean(rnn2)=0.98 mean(dense3)=0.00
[2015/06/03 23:45:37] valid   (iter=29) J=8.90 err=86.97 PPL=651.12
[2015/06/03 23:56:34] monitor (iter=29) J=8.93 err=89.96 PPL=488.35 mean(onehot1)=0.00 mean(rnn2)=0.97 mean(dense3)=0.00
[2015/06/03 23:56:58] valid   (iter=30) J=8.93 err=87.46 PPL=592.07
[2015/06/04 00:07:52] monitor (iter=30) J=8.91 err=89.25 PPL=480.53 mean(onehot1)=0.00 mean(rnn2)=0.97 mean(dense3)=0.00
[2015/06/04 00:08:16] valid   (iter=31) J=8.84 err=86.76 PPL=476.38 *
[2015/06/04 00:19:09] monitor (iter=31) J=8.90 err=89.43 PPL=477.26 mean(onehot1)=0.00 mean(rnn2)=0.98 mean(dense3)=0.00
[2015/06/04 00:19:32] valid   (iter=32) J=8.82 err=86.91 PPL=476.40 *
[2015/06/04 00:30:27] monitor (iter=32) J=8.89 err=89.43 PPL=475.63 mean(onehot1)=0.00 mean(rnn2)=0.97 mean(dense3)=0.00
[2015/06/04 00:30:51] valid   (iter=33) J=8.82 err=86.51 PPL=483.06
[2015/06/04 00:41:48] monitor (iter=33) J=8.88 err=89.43 PPL=472.04 mean(onehot1)=0.00 mean(rnn2)=0.97 mean(dense3)=0.00
[2015/06/04 00:42:12] valid   (iter=34) J=8.81 err=86.86 PPL=462.62 *
[2015/06/04 00:53:10] monitor (iter=34) J=8.86 err=89.61 PPL=463.43 mean(onehot1)=0.00 mean(rnn2)=0.96 mean(dense3)=0.00
[2015/06/04 00:53:34] valid   (iter=35) J=8.88 err=87.10 PPL=526.10
[2015/06/04 01:04:33] monitor (iter=35) J=8.86 err=88.71 PPL=464.25 mean(onehot1)=0.00 mean(rnn2)=0.96 mean(dense3)=0.00
[2015/06/04 01:04:57] valid   (iter=36) J=8.79 err=86.93 PPL=455.36 *
[2015/06/04 01:15:54] monitor (iter=36) J=8.81 err=89.07 PPL=450.04 mean(onehot1)=0.00 mean(rnn2)=0.96 mean(dense3)=0.00
[2015/06/04 01:16:17] valid   (iter=37) J=8.81 err=86.76 PPL=521.17
[2015/06/04 01:27:15] monitor (iter=37) J=8.81 err=89.25 PPL=449.84 mean(onehot1)=0.00 mean(rnn2)=0.96 mean(dense3)=0.00
[2015/06/04 01:27:39] valid   (iter=38) J=8.78 err=86.89 PPL=492.09 *
[2015/06/04 01:38:35] monitor (iter=38) J=8.81 err=89.07 PPL=447.41 mean(onehot1)=0.00 mean(rnn2)=0.97 mean(dense3)=0.00
[2015/06/04 01:38:58] valid   (iter=39) J=8.81 err=87.10 PPL=542.84
[2015/06/04 01:49:55] monitor (iter=39) J=8.80 err=88.35 PPL=444.33 mean(onehot1)=0.00 mean(rnn2)=0.97 mean(dense3)=0.00
[2015/06/04 01:50:19] valid   (iter=40) J=8.75 err=86.96 PPL=453.82 *
[2015/06/04 02:01:15] monitor (iter=40) J=8.78 err=88.53 PPL=438.37 mean(onehot1)=0.00 mean(rnn2)=0.97 mean(dense3)=0.00
[2015/06/04 02:01:38] valid   (iter=41) J=8.79 err=86.72 PPL=578.90
[2015/06/04 02:12:33] monitor (iter=41) J=8.76 err=88.89 PPL=434.78 mean(onehot1)=0.00 mean(rnn2)=0.97 mean(dense3)=0.00
[2015/06/04 02:12:56] valid   (iter=42) J=8.75 err=86.56 PPL=466.15
[2015/06/04 02:23:56] monitor (iter=42) J=8.79 err=89.07 PPL=441.88 mean(onehot1)=0.00 mean(rnn2)=0.97 mean(dense3)=0.00
[2015/06/04 02:24:19] valid   (iter=43) J=8.81 err=87.04 PPL=534.29
[2015/06/04 02:35:20] monitor (iter=43) J=8.74 err=89.25 PPL=426.52 mean(onehot1)=0.00 mean(rnn2)=0.97 mean(dense3)=0.00
[2015/06/04 02:35:43] valid   (iter=44) J=8.75 err=86.81 PPL=475.43
[2015/06/04 02:46:38] monitor (iter=44) J=8.71 err=88.71 PPL=420.19 mean(onehot1)=0.00 mean(rnn2)=0.97 mean(dense3)=0.00
[2015/06/04 02:47:02] valid   (iter=45) J=8.67 err=85.87 PPL=425.51 *
[2015/06/04 02:58:00] monitor (iter=45) J=8.78 err=89.43 PPL=438.97 mean(onehot1)=0.00 mean(rnn2)=0.98 mean(dense3)=0.00
[2015/06/04 02:58:23] valid   (iter=46) J=8.73 err=86.46 PPL=453.29
[2015/06/04 03:09:24] monitor (iter=46) J=8.76 err=89.78 PPL=434.79 mean(onehot1)=0.00 mean(rnn2)=0.97 mean(dense3)=0.00
[2015/06/04 03:09:48] valid   (iter=47) J=8.76 err=86.87 PPL=465.02
[2015/06/04 03:20:44] monitor (iter=47) J=8.69 err=87.81 PPL=413.30 mean(onehot1)=0.00 mean(rnn2)=0.97 mean(dense3)=0.00
[2015/06/04 03:21:07] valid   (iter=48) J=8.77 err=86.31 PPL=520.16
[2015/06/04 03:32:04] monitor (iter=48) J=8.98 err=91.40 PPL=504.81 mean(onehot1)=0.00 mean(rnn2)=0.98 mean(dense3)=0.00
[2015/06/04 03:32:27] valid   (iter=49) J=8.90 err=88.10 PPL=501.53
[2015/06/04 03:43:21] monitor (iter=49) J=8.74 err=89.43 PPL=428.62 mean(onehot1)=0.00 mean(rnn2)=0.98 mean(dense3)=0.00
[2015/06/04 03:43:45] valid   (iter=50) J=8.74 err=86.42 PPL=507.26
[2015/06/04 03:54:39] monitor (iter=50) J=8.79 err=89.96 PPL=443.62 mean(onehot1)=0.00 mean(rnn2)=0.98 mean(dense3)=0.00
[2015/06/04 03:55:03] valid   (iter=51) J=8.67 err=85.87 PPL=425.51
[2015/06/04 04:06:01] monitor (iter=51) J=8.66 err=86.74 PPL=405.69 mean(onehot1)=0.00 mean(rnn2)=0.97 mean(dense3)=0.00
[2015/06/04 04:06:25] valid   (iter=52) J=8.65 err=85.96 PPL=415.24 *
[2015/06/04 04:17:24] monitor (iter=52) J=8.66 err=86.74 PPL=403.52 mean(onehot1)=0.00 mean(rnn2)=0.97 mean(dense3)=0.00
[2015/06/04 04:17:48] valid   (iter=53) J=8.63 err=85.83 PPL=411.66 *
[2015/06/04 04:28:44] monitor (iter=53) J=8.63 err=86.74 PPL=397.40 mean(onehot1)=0.00 mean(rnn2)=0.96 mean(dense3)=0.00
[2015/06/04 04:29:08] valid   (iter=54) J=8.68 err=85.66 PPL=435.54
[2015/06/04 04:40:01] monitor (iter=54) J=8.63 err=87.10 PPL=396.83 mean(onehot1)=0.00 mean(rnn2)=0.96 mean(dense3)=0.00
[2015/06/04 04:40:25] valid   (iter=55) J=8.72 err=87.85 PPL=465.84
[2015/06/04 04:51:20] monitor (iter=55) J=8.63 err=87.81 PPL=396.88 mean(onehot1)=0.00 mean(rnn2)=0.96 mean(dense3)=0.00
[2015/06/04 04:51:44] valid   (iter=56) J=8.66 err=87.95 PPL=418.89
[2015/06/04 05:02:42] monitor (iter=56) J=8.62 err=86.56 PPL=393.66 mean(onehot1)=0.00 mean(rnn2)=0.97 mean(dense3)=0.00
[2015/06/04 05:03:05] valid   (iter=57) J=8.61 err=85.47 PPL=408.35 *
[2015/06/04 05:14:03] monitor (iter=57) J=8.62 err=87.10 PPL=393.58 mean(onehot1)=0.00 mean(rnn2)=0.97 mean(dense3)=0.00
[2015/06/04 05:14:27] valid   (iter=58) J=8.62 err=85.59 PPL=411.56
[2015/06/04 05:25:20] monitor (iter=58) J=8.62 err=86.74 PPL=393.71 mean(onehot1)=0.00 mean(rnn2)=0.97 mean(dense3)=0.00
[2015/06/04 05:25:43] valid   (iter=59) J=8.64 err=85.71 PPL=433.58
[2015/06/04 05:36:37] monitor (iter=59) J=8.61 err=86.92 PPL=389.85 mean(onehot1)=0.00 mean(rnn2)=0.97 mean(dense3)=0.00
[2015/06/04 05:37:01] valid   (iter=60) J=8.58 err=85.66 PPL=395.31 *
[2015/06/04 05:47:58] monitor (iter=60) J=8.60 err=86.56 PPL=387.21 mean(onehot1)=0.00 mean(rnn2)=0.97 mean(dense3)=0.00
[2015/06/04 05:48:22] valid   (iter=61) J=8.60 err=85.53 PPL=409.08
[2015/06/04 05:59:18] monitor (iter=61) J=8.60 err=86.38 PPL=386.77 mean(onehot1)=0.00 mean(rnn2)=0.97 mean(dense3)=0.00
[2015/06/04 05:59:42] valid   (iter=62) J=8.58 err=85.43 PPL=398.71
[2015/06/04 06:10:37] monitor (iter=62) J=8.58 err=86.74 PPL=382.71 mean(onehot1)=0.00 mean(rnn2)=0.97 mean(dense3)=0.00
[2015/06/04 06:11:00] valid   (iter=63) J=8.63 err=85.69 PPL=416.69
[2015/06/04 06:21:55] monitor (iter=63) J=8.58 err=86.56 PPL=382.53 mean(onehot1)=0.00 mean(rnn2)=0.97 mean(dense3)=0.00
[2015/06/04 06:22:19] valid   (iter=64) J=8.63 err=85.50 PPL=431.43
[2015/06/04 06:33:13] monitor (iter=64) J=8.58 err=87.10 PPL=383.48 mean(onehot1)=0.00 mean(rnn2)=0.97 mean(dense3)=0.00
[2015/06/04 06:33:36] valid   (iter=65) J=8.56 err=85.35 PPL=388.25 *
[2015/06/04 06:44:31] monitor (iter=65) J=8.58 err=86.38 PPL=381.48 mean(onehot1)=0.00 mean(rnn2)=0.97 mean(dense3)=0.00
[2015/06/04 06:44:54] valid   (iter=66) J=8.58 err=85.43 PPL=400.02
[2015/06/04 06:55:50] monitor (iter=66) J=8.57 err=86.56 PPL=379.34 mean(onehot1)=0.00 mean(rnn2)=0.97 mean(dense3)=0.00
[2015/06/04 06:56:14] valid   (iter=67) J=8.63 err=85.49 PPL=441.97
[2015/06/04 07:07:09] monitor (iter=67) J=8.57 err=86.92 PPL=380.68 mean(onehot1)=0.00 mean(rnn2)=0.97 mean(dense3)=0.00
[2015/06/04 07:07:32] valid   (iter=68) J=8.62 err=85.49 PPL=426.89
[2015/06/04 07:18:27] monitor (iter=68) J=8.59 err=86.92 PPL=385.50 mean(onehot1)=0.00 mean(rnn2)=0.97 mean(dense3)=0.00
[2015/06/04 07:18:50] valid   (iter=69) J=8.55 err=85.43 PPL=385.64
[2015/06/04 07:29:44] monitor (iter=69) J=8.59 err=87.10 PPL=384.35 mean(onehot1)=0.00 mean(rnn2)=0.97 mean(dense3)=0.00
[2015/06/04 07:30:08] valid   (iter=70) J=8.61 err=85.41 PPL=413.82
[2015/06/04 07:41:02] monitor (iter=70) J=8.56 err=86.92 PPL=377.62 mean(onehot1)=0.00 mean(rnn2)=0.97 mean(dense3)=0.00
[2015/06/04 07:41:25] valid   (iter=71) J=8.56 err=85.35 PPL=388.25
[2015/06/04 07:52:19] monitor (iter=71) J=8.56 err=86.38 PPL=377.52 mean(onehot1)=0.00 mean(rnn2)=0.97 mean(dense3)=0.00
[2015/06/04 07:52:43] valid   (iter=72) J=8.56 err=85.21 PPL=391.01
[2015/06/04 08:03:38] monitor (iter=72) J=8.58 err=86.74 PPL=382.25 mean(onehot1)=0.00 mean(rnn2)=0.97 mean(dense3)=0.00
[2015/06/04 08:04:02] valid   (iter=73) J=8.54 err=85.36 PPL=381.98 *
[2015/06/04 08:14:56] monitor (iter=73) J=8.56 err=86.74 PPL=378.41 mean(onehot1)=0.00 mean(rnn2)=0.97 mean(dense3)=0.00
[2015/06/04 08:15:19] valid   (iter=74) J=8.57 err=85.28 PPL=400.83
[2015/06/04 08:26:13] monitor (iter=74) J=8.56 err=86.56 PPL=376.57 mean(onehot1)=0.00 mean(rnn2)=0.97 mean(dense3)=0.00
[2015/06/04 08:26:37] valid   (iter=75) J=8.57 err=85.19 PPL=401.68
[2015/06/04 08:37:34] monitor (iter=75) J=8.54 err=86.38 PPL=373.49 mean(onehot1)=0.00 mean(rnn2)=0.97 mean(dense3)=0.00
[2015/06/04 08:37:57] valid   (iter=76) J=8.58 err=85.25 PPL=405.69
[2015/06/04 08:48:55] monitor (iter=76) J=8.54 err=86.56 PPL=372.35 mean(onehot1)=0.00 mean(rnn2)=0.97 mean(dense3)=0.00
[2015/06/04 08:49:18] valid   (iter=77) J=8.61 err=85.31 PPL=422.23
[2015/06/04 09:00:15] monitor (iter=77) J=8.55 err=86.02 PPL=375.85 mean(onehot1)=0.00 mean(rnn2)=0.97 mean(dense3)=0.00
[2015/06/04 09:00:38] valid   (iter=78) J=8.53 err=85.18 PPL=383.00
[2015/06/04 09:11:32] monitor (iter=78) J=8.56 err=86.20 PPL=377.43 mean(onehot1)=0.00 mean(rnn2)=0.97 mean(dense3)=0.00
[2015/06/04 09:11:56] valid   (iter=79) J=8.54 err=85.36 PPL=381.98
[2015/06/04 09:23:37] monitor (iter=79) J=8.57 err=86.74 PPL=381.12 mean(onehot1)=0.00 mean(rnn2)=0.97 mean(dense3)=0.00
[2015/06/04 09:24:01] valid   (iter=80) J=8.56 err=85.29 PPL=391.92
[2015/06/04 11:39:23] valid   (iter=1) J=8.54 err=85.36 approx_PPL=381.98 *
[2015/06/04 11:50:30] monitor (iter=1) J=8.66 err=89.61 approx_PPL=405.55 mean(onehot1)=0.00 mean(rnn2)=0.97 mean(dense3)=0.00
[2015/06/04 11:51:12] valid   (iter=2) J=8.64 err=85.45 approx_PPL=438.74
[2015/06/04 12:02:16] monitor (iter=2) J=8.64 err=88.89 approx_PPL=400.23 mean(onehot1)=0.00 mean(rnn2)=0.97 mean(dense3)=0.00
[2015/06/04 12:02:56] valid   (iter=3) J=8.62 err=85.73 approx_PPL=412.99
[2015/06/04 12:14:09] monitor (iter=3) J=8.68 err=90.14 approx_PPL=411.29 mean(onehot1)=0.00 mean(rnn2)=0.97 mean(dense3)=0.00
[2015/06/04 12:14:49] valid   (iter=4) J=8.62 err=85.72 approx_PPL=411.51
[2015/06/04 12:25:52] monitor (iter=4) J=8.61 err=88.71 approx_PPL=390.05 mean(onehot1)=0.00 mean(rnn2)=0.97 mean(dense3)=0.00
[2015/06/04 12:26:31] valid   (iter=5) J=8.58 err=85.84 approx_PPL=404.35
[2015/06/04 12:37:40] monitor (iter=5) J=8.75 err=89.78 approx_PPL=430.65 mean(onehot1)=0.00 mean(rnn2)=0.97 mean(dense3)=0.00
[2015/06/04 12:38:20] valid   (iter=6) J=8.78 err=87.82 approx_PPL=478.93
[2015/06/04 12:49:25] monitor (iter=6) J=8.70 err=87.63 approx_PPL=416.71 mean(onehot1)=0.00 mean(rnn2)=0.98 mean(dense3)=0.00
[2015/06/04 12:50:05] valid   (iter=7) J=8.54 err=85.36 approx_PPL=381.98
[2015/06/04 13:01:10] monitor (iter=7) J=8.58 err=87.63 approx_PPL=382.86 mean(onehot1)=0.00 mean(rnn2)=0.97 mean(dense3)=0.00
[2015/06/04 13:01:50] valid   (iter=8) J=8.57 err=85.28 approx_PPL=399.79
[2015/06/04 13:12:55] monitor (iter=8) J=8.57 err=87.46 approx_PPL=379.89 mean(onehot1)=0.00 mean(rnn2)=0.97 mean(dense3)=0.00
[2015/06/04 13:13:35] valid   (iter=9) J=8.61 err=85.48 approx_PPL=438.06
[2015/06/04 13:24:44] monitor (iter=9) J=8.62 err=88.35 approx_PPL=394.08 mean(onehot1)=0.00 mean(rnn2)=0.97 mean(dense3)=0.00
[2015/06/04 13:25:23] valid   (iter=10) J=8.65 err=86.17 approx_PPL=422.80
[2015/06/04 13:36:22] monitor (iter=10) J=8.58 err=87.28 approx_PPL=381.96 mean(onehot1)=0.00 mean(rnn2)=0.97 mean(dense3)=0.00
[2015/06/04 13:37:02] valid   (iter=11) J=8.55 err=85.54 approx_PPL=386.60
[2015/06/04 13:47:59] monitor (iter=11) J=8.57 err=87.99 approx_PPL=380.46 mean(onehot1)=0.00 mean(rnn2)=0.97 mean(dense3)=0.00
[2015/06/04 13:48:39] valid   (iter=12) J=8.54 err=85.36 approx_PPL=381.98
[2015/06/04 13:59:35] monitor (iter=12) J=8.56 err=86.74 approx_PPL=378.41 mean(onehot1)=0.00 mean(rnn2)=0.97 mean(dense3)=0.00
[2015/06/04 14:00:15] valid   (iter=13) J=8.57 err=85.28 approx_PPL=400.83
[2015/06/04 14:11:11] monitor (iter=13) J=8.56 err=86.56 approx_PPL=376.57 mean(onehot1)=0.00 mean(rnn2)=0.97 mean(dense3)=0.00
[2015/06/04 14:11:51] valid   (iter=14) J=8.57 err=85.19 approx_PPL=401.68
[2015/06/04 14:22:49] monitor (iter=14) J=8.54 err=86.38 approx_PPL=373.49 mean(onehot1)=0.00 mean(rnn2)=0.97 mean(dense3)=0.00
[2015/06/04 14:23:28] valid   (iter=15) J=8.58 err=85.25 approx_PPL=405.69
[2015/06/04 14:34:23] monitor (iter=15) J=8.54 err=86.56 approx_PPL=372.35 mean(onehot1)=0.00 mean(rnn2)=0.97 mean(dense3)=0.00
[2015/06/04 14:35:03] valid   (iter=16) J=8.61 err=85.31 approx_PPL=422.23
[2015/06/04 14:45:57] monitor (iter=16) J=8.55 err=86.02 approx_PPL=375.85 mean(onehot1)=0.00 mean(rnn2)=0.97 mean(dense3)=0.00
[2015/06/04 14:46:37] valid   (iter=17) J=8.54 err=85.36 approx_PPL=381.98
[2015/06/04 14:57:34] monitor (iter=17) J=8.57 err=86.74 approx_PPL=381.12 mean(onehot1)=0.00 mean(rnn2)=0.97 mean(dense3)=0.00
[2015/06/04 14:58:14] valid   (iter=18) J=8.56 err=85.29 approx_PPL=391.92
[2015/06/04 15:09:13] monitor (iter=18) J=8.56 err=86.74 approx_PPL=376.18 mean(onehot1)=0.00 mean(rnn2)=0.96 mean(dense3)=0.00
[2015/06/04 15:09:53] valid   (iter=19) J=8.56 err=85.13 approx_PPL=402.01
[2015/06/04 15:20:52] monitor (iter=19) J=8.55 err=87.10 approx_PPL=374.00 mean(onehot1)=0.00 mean(rnn2)=0.96 mean(dense3)=0.00
[2015/06/04 15:21:32] valid   (iter=20) J=8.68 err=85.53 approx_PPL=491.16
[2015/06/04 15:32:27] monitor (iter=20) J=8.55 err=86.56 approx_PPL=374.91 mean(onehot1)=0.00 mean(rnn2)=0.96 mean(dense3)=0.00
[2015/06/04 15:33:07] valid   (iter=21) J=8.62 err=85.22 approx_PPL=448.53
