# deepy version: 0.0.8
[2015/05/15 11:34:49] test    (iter=1) J=2.30 err=88.65
[2015/05/15 11:34:49] valid   (iter=1) J=2.30 err=89.36 *
[2015/05/15 11:35:02] monitor (iter=1) J=2.03 err=81.47 mean(dense1)=0.21 mean(dense2)=0.22 mean(dense3)=0.22 mean(dense4)=0.26 mean(dense5)=0.30 mean(dense6)=0.38 mean(dense7)=0.40 mean(dense8)=0.45 mean(dense9)=0.49 mean(dense10)=0.43 mean(dense11)=0.43 mean(dense12)=0.34 mean(dense13)=0.28 mean(dense14)=0.22 mean(dense15)=0.20 mean(dense16)=0.15 mean(dense17)=0.12 mean(dense18)=0.09 mean(dense19)=0.08 mean(dense20)=0.09 mean(dense21)=0.82 mean(softmax22)=0.10
[2015/05/15 11:35:02] valid   (iter=2) J=1.67 err=69.15 *
[2015/05/15 11:35:15] monitor (iter=2) J=1.50 err=62.19 mean(dense1)=0.20 mean(dense2)=0.47 mean(dense3)=0.79 mean(dense4)=1.52 mean(dense5)=2.34 mean(dense6)=3.17 mean(dense7)=3.38 mean(dense8)=3.45 mean(dense9)=3.36 mean(dense10)=2.71 mean(dense11)=2.35 mean(dense12)=1.85 mean(dense13)=1.44 mean(dense14)=1.11 mean(dense15)=0.79 mean(dense16)=0.59 mean(dense17)=0.39 mean(dense18)=0.27 mean(dense19)=0.19 mean(dense20)=0.15 mean(dense21)=1.84 mean(softmax22)=0.10
[2015/05/15 11:35:15] valid   (iter=3) J=1.28 err=54.49 *
[2015/05/15 11:35:27] monitor (iter=3) J=1.43 err=57.96 mean(dense1)=0.16 mean(dense2)=0.47 mean(dense3)=0.87 mean(dense4)=1.84 mean(dense5)=2.65 mean(dense6)=3.56 mean(dense7)=3.99 mean(dense8)=4.18 mean(dense9)=4.43 mean(dense10)=3.93 mean(dense11)=3.70 mean(dense12)=3.22 mean(dense13)=2.65 mean(dense14)=1.88 mean(dense15)=1.30 mean(dense16)=0.89 mean(dense17)=0.53 mean(dense18)=0.29 mean(dense19)=0.27 mean(dense20)=0.18 mean(dense21)=2.09 mean(softmax22)=0.10
[2015/05/15 11:35:28] valid   (iter=4) J=1.08 err=45.08 *
[2015/05/15 11:35:40] monitor (iter=4) J=1.06 err=43.26 mean(dense1)=0.17 mean(dense2)=0.56 mean(dense3)=1.17 mean(dense4)=2.49 mean(dense5)=3.56 mean(dense6)=4.84 mean(dense7)=5.59 mean(dense8)=5.81 mean(dense9)=6.35 mean(dense10)=5.59 mean(dense11)=5.08 mean(dense12)=4.11 mean(dense13)=3.30 mean(dense14)=2.31 mean(dense15)=1.49 mean(dense16)=1.22 mean(dense17)=0.66 mean(dense18)=0.38 mean(dense19)=0.32 mean(dense20)=0.27 mean(dense21)=3.10 mean(softmax22)=0.10
[2015/05/15 11:35:40] valid   (iter=5) J=1.04 err=40.51 *
[2015/05/15 11:35:53] monitor (iter=5) J=1.39 err=56.12 mean(dense1)=0.27 mean(dense2)=1.18 mean(dense3)=2.74 mean(dense4)=5.20 mean(dense5)=7.18 mean(dense6)=9.08 mean(dense7)=9.97 mean(dense8)=9.68 mean(dense9)=9.64 mean(dense10)=7.98 mean(dense11)=7.09 mean(dense12)=5.33 mean(dense13)=3.59 mean(dense14)=2.52 mean(dense15)=1.24 mean(dense16)=0.87 mean(dense17)=0.58 mean(dense18)=0.35 mean(dense19)=0.23 mean(dense20)=0.19 mean(dense21)=2.06 mean(softmax22)=0.10
[2015/05/15 11:35:53] valid   (iter=6) J=1.50 err=63.62
[2015/05/15 11:36:06] monitor (iter=6) J=1.58 err=64.35 mean(dense1)=0.47 mean(dense2)=1.61 mean(dense3)=4.42 mean(dense4)=8.71 mean(dense5)=12.00 mean(dense6)=15.36 mean(dense7)=16.50 mean(dense8)=16.43 mean(dense9)=16.17 mean(dense10)=12.47 mean(dense11)=10.20 mean(dense12)=8.66 mean(dense13)=5.75 mean(dense14)=3.69 mean(dense15)=2.35 mean(dense16)=1.39 mean(dense17)=0.82 mean(dense18)=1.13 mean(dense19)=0.15 mean(dense20)=0.16 mean(dense21)=1.50 mean(softmax22)=0.10
[2015/05/15 11:36:06] valid   (iter=7) J=1.30 err=55.25
[2015/05/15 11:36:19] monitor (iter=7) J=1.31 err=53.21 mean(dense1)=0.34 mean(dense2)=1.12 mean(dense3)=2.24 mean(dense4)=4.41 mean(dense5)=6.34 mean(dense6)=8.34 mean(dense7)=8.72 mean(dense8)=8.00 mean(dense9)=7.89 mean(dense10)=6.08 mean(dense11)=5.20 mean(dense12)=4.84 mean(dense13)=2.75 mean(dense14)=2.11 mean(dense15)=2.42 mean(dense16)=1.16 mean(dense17)=0.69 mean(dense18)=0.29 mean(dense19)=0.22 mean(dense20)=0.16 mean(dense21)=2.66 mean(softmax22)=0.10
[2015/05/15 11:36:20] valid   (iter=8) J=1.28 err=59.54
[2015/05/15 11:36:32] monitor (iter=8) J=1.30 err=51.91 mean(dense1)=0.28 mean(dense2)=0.92 mean(dense3)=2.50 mean(dense4)=4.53 mean(dense5)=6.15 mean(dense6)=6.93 mean(dense7)=6.97 mean(dense8)=5.83 mean(dense9)=5.50 mean(dense10)=4.63 mean(dense11)=4.06 mean(dense12)=3.64 mean(dense13)=2.05 mean(dense14)=1.54 mean(dense15)=1.72 mean(dense16)=0.96 mean(dense17)=0.58 mean(dense18)=0.37 mean(dense19)=0.36 mean(dense20)=0.19 mean(dense21)=2.25 mean(softmax22)=0.10
[2015/05/15 11:36:32] valid   (iter=9) J=1.49 err=60.95
[2015/05/15 11:36:45] monitor (iter=9) J=1.27 err=50.92 mean(dense1)=0.35 mean(dense2)=1.08 mean(dense3)=3.60 mean(dense4)=6.71 mean(dense5)=8.87 mean(dense6)=10.50 mean(dense7)=10.84 mean(dense8)=9.19 mean(dense9)=8.85 mean(dense10)=7.52 mean(dense11)=6.64 mean(dense12)=5.68 mean(dense13)=3.04 mean(dense14)=1.97 mean(dense15)=1.76 mean(dense16)=1.13 mean(dense17)=0.54 mean(dense18)=0.41 mean(dense19)=0.27 mean(dense20)=0.16 mean(dense21)=2.22 mean(softmax22)=0.10
[2015/05/15 11:36:45] valid   (iter=10) J=1.19 err=50.24
[2015/05/15 11:36:58] monitor (iter=10) J=1.31 err=51.49 mean(dense1)=0.25 mean(dense2)=0.90 mean(dense3)=2.50 mean(dense4)=5.86 mean(dense5)=9.25 mean(dense6)=10.80 mean(dense7)=12.41 mean(dense8)=8.19 mean(dense9)=8.33 mean(dense10)=6.25 mean(dense11)=5.12 mean(dense12)=4.27 mean(dense13)=1.75 mean(dense14)=1.21 mean(dense15)=1.35 mean(dense16)=0.70 mean(dense17)=0.39 mean(dense18)=0.17 mean(dense19)=0.13 mean(dense20)=0.12 mean(dense21)=1.99 mean(softmax22)=0.10
[2015/05/15 11:36:58] test    (iter=11) J=1.09 err=41.60
[2015/05/15 11:36:58] valid   (iter=11) J=1.04 err=40.51
[2015/05/15 11:37:11] monitor (iter=11) J=1.27 err=51.89 mean(dense1)=0.28 mean(dense2)=1.14 mean(dense3)=3.09 mean(dense4)=6.31 mean(dense5)=9.36 mean(dense6)=11.56 mean(dense7)=12.07 mean(dense8)=11.40 mean(dense9)=11.67 mean(dense10)=9.66 mean(dense11)=8.22 mean(dense12)=6.48 mean(dense13)=5.07 mean(dense14)=3.46 mean(dense15)=2.18 mean(dense16)=1.74 mean(dense17)=0.87 mean(dense18)=0.48 mean(dense19)=0.31 mean(dense20)=0.18 mean(dense21)=2.30 mean(softmax22)=0.10
[2015/05/15 11:37:11] valid   (iter=12) J=1.57 err=55.94
[2015/05/15 11:37:24] monitor (iter=12) J=1.33 err=49.95 mean(dense1)=0.27 mean(dense2)=0.86 mean(dense3)=2.41 mean(dense4)=4.72 mean(dense5)=7.21 mean(dense6)=8.97 mean(dense7)=9.77 mean(dense8)=9.11 mean(dense9)=9.39 mean(dense10)=8.02 mean(dense11)=6.89 mean(dense12)=5.51 mean(dense13)=4.38 mean(dense14)=3.04 mean(dense15)=1.94 mean(dense16)=1.56 mean(dense17)=0.78 mean(dense18)=0.40 mean(dense19)=0.28 mean(dense20)=0.11 mean(dense21)=1.83 mean(softmax22)=0.10
[2015/05/15 11:37:25] valid   (iter=13) J=1.25 err=50.02
[2015/05/15 11:37:37] monitor (iter=13) J=1.01 err=36.00 mean(dense1)=0.26 mean(dense2)=0.82 mean(dense3)=2.35 mean(dense4)=4.79 mean(dense5)=7.53 mean(dense6)=9.44 mean(dense7)=10.12 mean(dense8)=9.04 mean(dense9)=9.21 mean(dense10)=7.62 mean(dense11)=6.25 mean(dense12)=4.72 mean(dense13)=3.55 mean(dense14)=2.40 mean(dense15)=1.52 mean(dense16)=1.25 mean(dense17)=0.65 mean(dense18)=0.40 mean(dense19)=0.28 mean(dense20)=0.16 mean(dense21)=2.02 mean(softmax22)=0.10
[2015/05/15 11:37:37] valid   (iter=14) J=0.76 err=24.24 *
[2015/05/15 11:37:50] monitor (iter=14) J=0.76 err=25.20 mean(dense1)=0.24 mean(dense2)=0.79 mean(dense3)=2.01 mean(dense4)=4.22 mean(dense5)=6.70 mean(dense6)=7.11 mean(dense7)=9.07 mean(dense8)=7.33 mean(dense9)=8.42 mean(dense10)=6.68 mean(dense11)=5.86 mean(dense12)=3.99 mean(dense13)=2.90 mean(dense14)=2.41 mean(dense15)=1.79 mean(dense16)=1.60 mean(dense17)=1.00 mean(dense18)=0.74 mean(dense19)=0.36 mean(dense20)=0.29 mean(dense21)=2.69 mean(softmax22)=0.10
[2015/05/15 11:37:50] valid   (iter=15) J=0.81 err=28.70
[2015/05/15 11:38:03] monitor (iter=15) J=0.82 err=28.68 mean(dense1)=0.28 mean(dense2)=0.82 mean(dense3)=2.00 mean(dense4)=4.24 mean(dense5)=7.21 mean(dense6)=8.21 mean(dense7)=9.44 mean(dense8)=8.90 mean(dense9)=10.98 mean(dense10)=9.59 mean(dense11)=8.87 mean(dense12)=6.23 mean(dense13)=4.93 mean(dense14)=4.06 mean(dense15)=3.02 mean(dense16)=2.67 mean(dense17)=1.55 mean(dense18)=0.90 mean(dense19)=0.44 mean(dense20)=0.30 mean(dense21)=2.64 mean(softmax22)=0.10
[2015/05/15 11:38:03] valid   (iter=16) J=1.37 err=55.14
[2015/05/15 11:38:17] monitor (iter=16) J=1.11 err=40.36 mean(dense1)=0.28 mean(dense2)=0.87 mean(dense3)=2.02 mean(dense4)=4.16 mean(dense5)=6.93 mean(dense6)=9.48 mean(dense7)=10.05 mean(dense8)=11.79 mean(dense9)=11.79 mean(dense10)=12.38 mean(dense11)=9.86 mean(dense12)=7.42 mean(dense13)=5.05 mean(dense14)=3.04 mean(dense15)=2.01 mean(dense16)=1.31 mean(dense17)=0.62 mean(dense18)=0.51 mean(dense19)=0.21 mean(dense20)=0.23 mean(dense21)=2.15 mean(softmax22)=0.10
[2015/05/15 11:38:18] valid   (iter=17) J=1.02 err=35.99
[2015/05/15 11:38:31] monitor (iter=17) J=0.93 err=31.79 mean(dense1)=0.26 mean(dense2)=0.89 mean(dense3)=2.17 mean(dense4)=4.67 mean(dense5)=7.80 mean(dense6)=11.52 mean(dense7)=12.81 mean(dense8)=13.86 mean(dense9)=13.79 mean(dense10)=14.71 mean(dense11)=12.65 mean(dense12)=10.46 mean(dense13)=7.76 mean(dense14)=5.24 mean(dense15)=3.74 mean(dense16)=2.49 mean(dense17)=1.48 mean(dense18)=0.82 mean(dense19)=0.30 mean(dense20)=0.25 mean(dense21)=2.37 mean(softmax22)=0.10
[2015/05/15 11:38:31] valid   (iter=18) J=0.72 err=17.89 *
[2015/05/15 11:38:43] monitor (iter=18) J=1.20 err=45.05 mean(dense1)=0.38 mean(dense2)=1.80 mean(dense3)=4.82 mean(dense4)=9.49 mean(dense5)=15.26 mean(dense6)=22.36 mean(dense7)=25.94 mean(dense8)=26.34 mean(dense9)=25.05 mean(dense10)=24.67 mean(dense11)=20.05 mean(dense12)=15.51 mean(dense13)=10.66 mean(dense14)=6.61 mean(dense15)=4.05 mean(dense16)=2.38 mean(dense17)=1.53 mean(dense18)=0.72 mean(dense19)=0.34 mean(dense20)=0.21 mean(dense21)=2.12 mean(softmax22)=0.10
[2015/05/15 11:38:44] valid   (iter=19) J=1.30 err=54.83
[2015/05/15 11:38:57] monitor (iter=19) J=1.11 err=42.65 mean(dense1)=0.40 mean(dense2)=1.56 mean(dense3)=3.63 mean(dense4)=7.76 mean(dense5)=13.48 mean(dense6)=22.82 mean(dense7)=26.31 mean(dense8)=27.92 mean(dense9)=26.94 mean(dense10)=25.02 mean(dense11)=19.24 mean(dense12)=13.58 mean(dense13)=8.65 mean(dense14)=5.12 mean(dense15)=2.82 mean(dense16)=1.58 mean(dense17)=0.85 mean(dense18)=0.50 mean(dense19)=0.26 mean(dense20)=0.19 mean(dense21)=2.10 mean(softmax22)=0.10
[2015/05/15 11:38:57] valid   (iter=20) J=0.94 err=30.01
[2015/05/15 11:39:10] monitor (iter=20) J=0.91 err=31.23 mean(dense1)=0.30 mean(dense2)=0.96 mean(dense3)=2.55 mean(dense4)=5.55 mean(dense5)=9.80 mean(dense6)=16.77 mean(dense7)=19.99 mean(dense8)=20.32 mean(dense9)=18.86 mean(dense10)=16.79 mean(dense11)=13.58 mean(dense12)=9.72 mean(dense13)=6.35 mean(dense14)=5.17 mean(dense15)=2.19 mean(dense16)=1.43 mean(dense17)=0.94 mean(dense18)=0.44 mean(dense19)=0.29 mean(dense20)=0.22 mean(dense21)=2.22 mean(softmax22)=0.10
[2015/05/15 11:39:10] test    (iter=21) J=0.81 err=30.91
[2015/05/15 11:39:10] valid   (iter=21) J=0.78 err=29.70
[2015/05/15 11:39:23] monitor (iter=21) J=0.78 err=27.48 mean(dense1)=0.26 mean(dense2)=0.81 mean(dense3)=2.16 mean(dense4)=4.93 mean(dense5)=9.39 mean(dense6)=16.18 mean(dense7)=19.57 mean(dense8)=19.53 mean(dense9)=17.79 mean(dense10)=16.10 mean(dense11)=13.79 mean(dense12)=10.05 mean(dense13)=6.57 mean(dense14)=5.84 mean(dense15)=2.78 mean(dense16)=2.23 mean(dense17)=1.21 mean(dense18)=0.47 mean(dense19)=0.37 mean(dense20)=0.25 mean(dense21)=2.74 mean(softmax22)=0.10
[2015/05/15 11:39:23] valid   (iter=22) J=1.10 err=47.14
[2015/05/15 11:39:36] monitor (iter=22) J=0.53 err=15.28 mean(dense1)=0.23 mean(dense2)=0.77 mean(dense3)=2.06 mean(dense4)=4.56 mean(dense5)=8.44 mean(dense6)=13.65 mean(dense7)=16.39 mean(dense8)=16.97 mean(dense9)=16.36 mean(dense10)=16.38 mean(dense11)=16.33 mean(dense12)=13.13 mean(dense13)=8.96 mean(dense14)=9.19 mean(dense15)=4.24 mean(dense16)=3.77 mean(dense17)=2.38 mean(dense18)=0.73 mean(dense19)=0.53 mean(dense20)=0.33 mean(dense21)=3.07 mean(softmax22)=0.10
[2015/05/15 11:39:36] valid   (iter=23) J=0.43 err=9.08 *
[2015/05/15 11:39:49] monitor (iter=23) J=0.66 err=18.82 mean(dense1)=0.26 mean(dense2)=0.80 mean(dense3)=1.85 mean(dense4)=4.03 mean(dense5)=8.05 mean(dense6)=12.20 mean(dense7)=15.12 mean(dense8)=16.28 mean(dense9)=16.56 mean(dense10)=17.25 mean(dense11)=18.12 mean(dense12)=14.60 mean(dense13)=9.96 mean(dense14)=10.18 mean(dense15)=4.30 mean(dense16)=3.82 mean(dense17)=2.73 mean(dense18)=0.75 mean(dense19)=0.53 mean(dense20)=0.32 mean(dense21)=2.88 mean(softmax22)=0.10
[2015/05/15 11:39:49] valid   (iter=24) J=0.91 err=28.10
[2015/05/15 11:40:02] monitor (iter=24) J=1.14 err=41.32 mean(dense1)=0.32 mean(dense2)=0.79 mean(dense3)=1.52 mean(dense4)=3.99 mean(dense5)=10.08 mean(dense6)=14.72 mean(dense7)=18.71 mean(dense8)=17.30 mean(dense9)=15.17 mean(dense10)=13.47 mean(dense11)=12.86 mean(dense12)=9.01 mean(dense13)=5.77 mean(dense14)=5.64 mean(dense15)=2.30 mean(dense16)=2.16 mean(dense17)=2.01 mean(dense18)=0.62 mean(dense19)=0.31 mean(dense20)=0.30 mean(dense21)=2.47 mean(softmax22)=0.10
[2015/05/15 11:40:02] valid   (iter=25) J=1.16 err=42.49
[2015/05/15 11:40:15] monitor (iter=25) J=0.99 err=34.71 mean(dense1)=0.28 mean(dense2)=0.70 mean(dense3)=1.55 mean(dense4)=3.57 mean(dense5)=8.08 mean(dense6)=11.11 mean(dense7)=12.02 mean(dense8)=10.59 mean(dense9)=10.46 mean(dense10)=8.79 mean(dense11)=8.37 mean(dense12)=5.85 mean(dense13)=4.09 mean(dense14)=3.88 mean(dense15)=2.01 mean(dense16)=1.57 mean(dense17)=1.24 mean(dense18)=0.41 mean(dense19)=0.21 mean(dense20)=0.23 mean(dense21)=2.47 mean(softmax22)=0.10
[2015/05/15 11:40:15] valid   (iter=26) J=0.67 err=20.03
[2015/05/15 11:40:28] monitor (iter=26) J=0.74 err=22.35 mean(dense1)=0.24 mean(dense2)=0.72 mean(dense3)=1.27 mean(dense4)=2.60 mean(dense5)=5.56 mean(dense6)=8.91 mean(dense7)=10.83 mean(dense8)=11.20 mean(dense9)=13.65 mean(dense10)=11.66 mean(dense11)=10.90 mean(dense12)=7.56 mean(dense13)=5.42 mean(dense14)=5.69 mean(dense15)=3.68 mean(dense16)=2.00 mean(dense17)=1.59 mean(dense18)=0.56 mean(dense19)=0.32 mean(dense20)=0.23 mean(dense21)=2.89 mean(softmax22)=0.10
[2015/05/15 11:40:28] valid   (iter=27) J=0.82 err=30.28
[2015/05/15 11:40:41] monitor (iter=27) J=0.87 err=30.44 mean(dense1)=0.29 mean(dense2)=0.89 mean(dense3)=1.52 mean(dense4)=3.30 mean(dense5)=7.45 mean(dense6)=13.01 mean(dense7)=16.27 mean(dense8)=18.72 mean(dense9)=25.67 mean(dense10)=23.73 mean(dense11)=23.25 mean(dense12)=17.37 mean(dense13)=13.38 mean(dense14)=13.53 mean(dense15)=8.72 mean(dense16)=3.67 mean(dense17)=2.52 mean(dense18)=0.92 mean(dense19)=0.40 mean(dense20)=0.20 mean(dense21)=2.32 mean(softmax22)=0.10
[2015/05/15 11:40:41] valid   (iter=28) J=0.84 err=32.14
[2015/05/15 11:40:54] monitor (iter=28) J=1.04 err=37.99 mean(dense1)=0.36 mean(dense2)=1.06 mean(dense3)=1.84 mean(dense4)=4.25 mean(dense5)=10.89 mean(dense6)=18.78 mean(dense7)=22.29 mean(dense8)=24.95 mean(dense9)=33.40 mean(dense10)=29.21 mean(dense11)=27.82 mean(dense12)=19.99 mean(dense13)=14.99 mean(dense14)=15.44 mean(dense15)=11.03 mean(dense16)=4.18 mean(dense17)=2.55 mean(dense18)=0.81 mean(dense19)=0.38 mean(dense20)=0.16 mean(dense21)=1.98 mean(softmax22)=0.10
[2015/05/15 11:40:54] valid   (iter=29) J=0.43 err=9.08
[2015/05/15 11:41:06] monitor (iter=29) J=0.51 err=14.25 mean(dense1)=0.27 mean(dense2)=0.87 mean(dense3)=2.08 mean(dense4)=4.38 mean(dense5)=8.30 mean(dense6)=12.94 mean(dense7)=15.54 mean(dense8)=16.38 mean(dense9)=16.39 mean(dense10)=17.04 mean(dense11)=17.84 mean(dense12)=14.57 mean(dense13)=10.04 mean(dense14)=10.55 mean(dense15)=4.77 mean(dense16)=4.32 mean(dense17)=3.02 mean(dense18)=0.81 mean(dense19)=0.52 mean(dense20)=0.29 mean(dense21)=2.70 mean(softmax22)=0.10
[2015/05/15 11:41:07] valid   (iter=30) J=0.70 err=25.00
[2015/05/15 11:41:19] monitor (iter=30) J=0.95 err=34.50 mean(dense1)=0.38 mean(dense2)=1.11 mean(dense3)=1.92 mean(dense4)=3.84 mean(dense5)=7.24 mean(dense6)=10.97 mean(dense7)=13.67 mean(dense8)=14.38 mean(dense9)=14.35 mean(dense10)=14.70 mean(dense11)=15.25 mean(dense12)=12.11 mean(dense13)=8.26 mean(dense14)=8.75 mean(dense15)=3.93 mean(dense16)=4.01 mean(dense17)=3.52 mean(dense18)=1.17 mean(dense19)=0.71 mean(dense20)=0.32 mean(dense21)=2.85 mean(softmax22)=0.10
[2015/05/15 11:41:20] test    (iter=31) J=2.18 err=85.48
[2015/05/15 11:41:20] valid   (iter=31) J=2.20 err=86.44
[2015/05/15 11:41:32] monitor (iter=31) J=0.93 err=34.09 mean(dense1)=0.36 mean(dense2)=0.80 mean(dense3)=1.34 mean(dense4)=3.01 mean(dense5)=7.46 mean(dense6)=12.55 mean(dense7)=18.52 mean(dense8)=19.19 mean(dense9)=18.64 mean(dense10)=18.55 mean(dense11)=19.48 mean(dense12)=15.24 mean(dense13)=9.98 mean(dense14)=10.50 mean(dense15)=4.03 mean(dense16)=4.60 mean(dense17)=5.10 mean(dense18)=2.06 mean(dense19)=1.16 mean(dense20)=0.36 mean(dense21)=2.91 mean(softmax22)=0.10
[2015/05/15 11:41:33] valid   (iter=32) J=0.56 err=15.01
[2015/05/15 11:41:45] monitor (iter=32) J=0.58 err=15.56 mean(dense1)=0.27 mean(dense2)=0.70 mean(dense3)=1.38 mean(dense4)=3.16 mean(dense5)=7.89 mean(dense6)=13.25 mean(dense7)=19.56 mean(dense8)=21.29 mean(dense9)=21.55 mean(dense10)=21.64 mean(dense11)=22.71 mean(dense12)=17.64 mean(dense13)=11.43 mean(dense14)=11.68 mean(dense15)=4.56 mean(dense16)=4.96 mean(dense17)=5.35 mean(dense18)=2.50 mean(dense19)=1.75 mean(dense20)=0.35 mean(dense21)=3.47 mean(softmax22)=0.10
[2015/05/15 11:41:45] valid   (iter=33) J=0.55 err=15.33
[2015/05/15 11:41:58] monitor (iter=33) J=0.62 err=18.55 mean(dense1)=0.25 mean(dense2)=0.70 mean(dense3)=1.32 mean(dense4)=3.12 mean(dense5)=7.85 mean(dense6)=13.45 mean(dense7)=19.67 mean(dense8)=21.36 mean(dense9)=21.85 mean(dense10)=21.24 mean(dense11)=21.22 mean(dense12)=15.45 mean(dense13)=9.56 mean(dense14)=9.02 mean(dense15)=3.70 mean(dense16)=3.47 mean(dense17)=3.53 mean(dense18)=1.63 mean(dense19)=1.46 mean(dense20)=0.37 mean(dense21)=3.44 mean(softmax22)=0.10
[2015/05/15 11:41:59] valid   (iter=34) J=0.43 err=9.08
[2015/05/15 11:42:12] monitor (iter=34) J=0.42 err=10.34 mean(dense1)=0.26 mean(dense2)=0.81 mean(dense3)=1.94 mean(dense4)=3.97 mean(dense5)=7.40 mean(dense6)=11.43 mean(dense7)=13.99 mean(dense8)=15.06 mean(dense9)=15.33 mean(dense10)=16.23 mean(dense11)=17.35 mean(dense12)=14.32 mean(dense13)=9.95 mean(dense14)=10.58 mean(dense15)=4.79 mean(dense16)=4.34 mean(dense17)=2.98 mean(dense18)=0.75 mean(dense19)=0.46 mean(dense20)=0.28 mean(dense21)=2.62 mean(softmax22)=0.10
[2015/05/15 11:42:13] valid   (iter=35) J=0.53 err=15.47
[2015/05/15 11:42:27] monitor (iter=35) J=0.63 err=19.06 mean(dense1)=0.32 mean(dense2)=0.97 mean(dense3)=1.96 mean(dense4)=3.81 mean(dense5)=7.04 mean(dense6)=10.62 mean(dense7)=13.22 mean(dense8)=14.57 mean(dense9)=15.24 mean(dense10)=16.49 mean(dense11)=18.28 mean(dense12)=15.52 mean(dense13)=11.23 mean(dense14)=12.68 mean(dense15)=5.90 mean(dense16)=5.87 mean(dense17)=4.69 mean(dense18)=1.24 mean(dense19)=0.65 mean(dense20)=0.34 mean(dense21)=2.71 mean(softmax22)=0.10
[2015/05/15 11:42:28] valid   (iter=36) J=0.76 err=26.78
[2015/05/15 11:42:42] monitor (iter=36) J=0.77 err=24.97 mean(dense1)=0.36 mean(dense2)=0.94 mean(dense3)=1.77 mean(dense4)=3.79 mean(dense5)=8.17 mean(dense6)=13.12 mean(dense7)=18.22 mean(dense8)=20.80 mean(dense9)=21.54 mean(dense10)=22.79 mean(dense11)=25.47 mean(dense12)=20.46 mean(dense13)=14.02 mean(dense14)=16.20 mean(dense15)=6.95 mean(dense16)=7.84 mean(dense17)=7.54 mean(dense18)=2.36 mean(dense19)=1.45 mean(dense20)=0.42 mean(dense21)=2.52 mean(softmax22)=0.10
[2015/05/15 11:42:42] valid   (iter=37) J=0.64 err=18.44
[2015/05/15 11:42:55] monitor (iter=37) J=0.68 err=21.00 mean(dense1)=0.33 mean(dense2)=0.81 mean(dense3)=1.53 mean(dense4)=3.37 mean(dense5)=7.73 mean(dense6)=12.17 mean(dense7)=16.87 mean(dense8)=18.78 mean(dense9)=19.21 mean(dense10)=20.02 mean(dense11)=22.24 mean(dense12)=18.05 mean(dense13)=12.65 mean(dense14)=15.00 mean(dense15)=6.75 mean(dense16)=8.66 mean(dense17)=10.07 mean(dense18)=3.80 mean(dense19)=2.19 mean(dense20)=0.46 mean(dense21)=2.98 mean(softmax22)=0.10
[2015/05/15 11:42:56] valid   (iter=38) J=0.54 err=14.94
[2015/05/15 11:43:09] monitor (iter=38) J=0.59 err=17.79 mean(dense1)=0.32 mean(dense2)=0.79 mean(dense3)=1.53 mean(dense4)=3.20 mean(dense5)=7.61 mean(dense6)=11.99 mean(dense7)=17.16 mean(dense8)=19.41 mean(dense9)=20.35 mean(dense10)=21.50 mean(dense11)=24.33 mean(dense12)=20.18 mean(dense13)=14.35 mean(dense14)=17.18 mean(dense15)=7.81 mean(dense16)=10.19 mean(dense17)=12.44 mean(dense18)=5.00 mean(dense19)=2.75 mean(dense20)=0.49 mean(dense21)=3.08 mean(softmax22)=0.10
[2015/05/15 11:43:10] valid   (iter=39) J=0.43 err=9.08
[2015/05/15 11:43:23] monitor (iter=39) J=0.35 err=8.02 mean(dense1)=0.24 mean(dense2)=0.76 mean(dense3)=1.88 mean(dense4)=3.88 mean(dense5)=7.28 mean(dense6)=11.32 mean(dense7)=13.70 mean(dense8)=14.52 mean(dense9)=14.59 mean(dense10)=15.22 mean(dense11)=15.92 mean(dense12)=13.06 mean(dense13)=9.02 mean(dense14)=9.46 mean(dense15)=4.32 mean(dense16)=3.87 mean(dense17)=2.61 mean(dense18)=0.73 mean(dense19)=0.47 mean(dense20)=0.28 mean(dense21)=2.72 mean(softmax22)=0.10
[2015/05/15 11:43:23] valid   (iter=40) J=0.33 err=7.42 *
[2015/05/15 11:43:37] monitor (iter=40) J=0.36 err=8.70 mean(dense1)=0.25 mean(dense2)=0.78 mean(dense3)=1.92 mean(dense4)=3.95 mean(dense5)=7.56 mean(dense6)=11.88 mean(dense7)=14.77 mean(dense8)=15.97 mean(dense9)=16.36 mean(dense10)=17.43 mean(dense11)=18.77 mean(dense12)=15.61 mean(dense13)=10.92 mean(dense14)=11.70 mean(dense15)=5.31 mean(dense16)=4.84 mean(dense17)=3.46 mean(dense18)=0.88 mean(dense19)=0.49 mean(dense20)=0.30 mean(dense21)=2.71 mean(softmax22)=0.10
[2015/05/15 11:43:37] test    (iter=41) J=0.38 err=9.40
[2015/05/15 11:43:37] valid   (iter=41) J=0.35 err=8.56
[2015/05/15 11:43:51] monitor (iter=41) J=0.39 err=9.88 mean(dense1)=0.26 mean(dense2)=0.81 mean(dense3)=1.90 mean(dense4)=3.87 mean(dense5)=7.45 mean(dense6)=11.65 mean(dense7)=14.53 mean(dense8)=15.89 mean(dense9)=16.50 mean(dense10)=17.89 mean(dense11)=19.62 mean(dense12)=16.67 mean(dense13)=11.93 mean(dense14)=13.12 mean(dense15)=6.07 mean(dense16)=5.75 mean(dense17)=4.36 mean(dense18)=1.05 mean(dense19)=0.55 mean(dense20)=0.33 mean(dense21)=2.78 mean(softmax22)=0.10
[2015/05/15 11:43:51] valid   (iter=42) J=0.44 err=11.70
[2015/05/15 11:44:04] monitor (iter=42) J=0.47 err=13.60 mean(dense1)=0.28 mean(dense2)=0.87 mean(dense3)=1.90 mean(dense4)=3.67 mean(dense5)=6.90 mean(dense6)=10.64 mean(dense7)=13.27 mean(dense8)=14.63 mean(dense9)=15.40 mean(dense10)=16.94 mean(dense11)=19.01 mean(dense12)=16.53 mean(dense13)=12.14 mean(dense14)=13.81 mean(dense15)=6.52 mean(dense16)=6.44 mean(dense17)=5.17 mean(dense18)=1.33 mean(dense19)=0.64 mean(dense20)=0.37 mean(dense21)=2.85 mean(softmax22)=0.10
[2015/05/15 11:44:04] valid   (iter=43) J=0.45 err=12.24
[2015/05/15 11:44:19] monitor (iter=43) J=0.58 err=16.88 mean(dense1)=0.32 mean(dense2)=1.01 mean(dense3)=2.00 mean(dense4)=3.74 mean(dense5)=6.72 mean(dense6)=10.34 mean(dense7)=12.88 mean(dense8)=14.27 mean(dense9)=15.17 mean(dense10)=16.76 mean(dense11)=19.00 mean(dense12)=16.80 mean(dense13)=12.61 mean(dense14)=14.69 mean(dense15)=7.12 mean(dense16)=7.30 mean(dense17)=6.06 mean(dense18)=1.56 mean(dense19)=0.75 mean(dense20)=0.37 mean(dense21)=2.81 mean(softmax22)=0.10
[2015/05/15 11:44:19] valid   (iter=44) J=0.81 err=26.12
[2015/05/15 11:44:33] monitor (iter=44) J=0.86 err=28.95 mean(dense1)=0.36 mean(dense2)=1.23 mean(dense3)=2.01 mean(dense4)=4.02 mean(dense5)=8.10 mean(dense6)=13.55 mean(dense7)=19.06 mean(dense8)=21.56 mean(dense9)=22.71 mean(dense10)=24.27 mean(dense11)=27.86 mean(dense12)=23.22 mean(dense13)=16.38 mean(dense14)=19.18 mean(dense15)=8.34 mean(dense16)=8.69 mean(dense17)=7.50 mean(dense18)=1.84 mean(dense19)=1.06 mean(dense20)=0.37 mean(dense21)=2.21 mean(softmax22)=0.10
[2015/05/15 11:44:33] valid   (iter=45) J=0.84 err=30.62
[2015/05/15 11:44:46] monitor (iter=45) J=0.69 err=22.08 mean(dense1)=0.36 mean(dense2)=1.12 mean(dense3)=1.69 mean(dense4)=3.82 mean(dense5)=7.99 mean(dense6)=13.37 mean(dense7)=18.92 mean(dense8)=21.59 mean(dense9)=22.88 mean(dense10)=24.76 mean(dense11)=29.07 mean(dense12)=24.69 mean(dense13)=17.84 mean(dense14)=21.71 mean(dense15)=9.63 mean(dense16)=10.96 mean(dense17)=10.68 mean(dense18)=3.15 mean(dense19)=1.81 mean(dense20)=0.41 mean(dense21)=2.39 mean(softmax22)=0.10
[2015/05/15 11:44:46] valid   (iter=46) J=0.33 err=7.42
[2015/05/15 11:45:01] monitor (iter=46) J=0.33 err=7.52 mean(dense1)=0.25 mean(dense2)=0.76 mean(dense3)=1.87 mean(dense4)=3.89 mean(dense5)=7.50 mean(dense6)=11.87 mean(dense7)=14.61 mean(dense8)=15.69 mean(dense9)=15.95 mean(dense10)=16.83 mean(dense11)=17.85 mean(dense12)=14.82 mean(dense13)=10.38 mean(dense14)=11.03 mean(dense15)=5.07 mean(dense16)=4.61 mean(dense17)=3.24 mean(dense18)=0.85 mean(dense19)=0.50 mean(dense20)=0.30 mean(dense21)=2.76 mean(softmax22)=0.10
[2015/05/15 11:45:01] valid   (iter=47) J=0.32 err=7.31 *
[2015/05/15 11:45:15] monitor (iter=47) J=0.33 err=7.57 mean(dense1)=0.25 mean(dense2)=0.76 mean(dense3)=1.88 mean(dense4)=3.89 mean(dense5)=7.52 mean(dense6)=11.87 mean(dense7)=14.69 mean(dense8)=15.86 mean(dense9)=16.24 mean(dense10)=17.26 mean(dense11)=18.49 mean(dense12)=15.47 mean(dense13)=10.92 mean(dense14)=11.73 mean(dense15)=5.42 mean(dense16)=5.00 mean(dense17)=3.62 mean(dense18)=0.93 mean(dense19)=0.52 mean(dense20)=0.31 mean(dense21)=2.79 mean(softmax22)=0.10
[2015/05/15 11:45:15] valid   (iter=48) J=0.31 err=7.18 *
[2015/05/15 11:45:29] monitor (iter=48) J=0.33 err=7.69 mean(dense1)=0.25 mean(dense2)=0.76 mean(dense3)=1.86 mean(dense4)=3.81 mean(dense5)=7.39 mean(dense6)=11.64 mean(dense7)=14.44 mean(dense8)=15.66 mean(dense9)=16.12 mean(dense10)=17.23 mean(dense11)=18.57 mean(dense12)=15.66 mean(dense13)=11.16 mean(dense14)=12.09 mean(dense15)=5.64 mean(dense16)=5.27 mean(dense17)=3.90 mean(dense18)=1.02 mean(dense19)=0.54 mean(dense20)=0.32 mean(dense21)=2.84 mean(softmax22)=0.10
[2015/05/15 11:45:29] valid   (iter=49) J=0.31 err=7.19 *
[2015/05/15 11:45:42] monitor (iter=49) J=0.32 err=7.79 mean(dense1)=0.25 mean(dense2)=0.76 mean(dense3)=1.84 mean(dense4)=3.77 mean(dense5)=7.31 mean(dense6)=11.52 mean(dense7)=14.30 mean(dense8)=15.55 mean(dense9)=16.07 mean(dense10)=17.24 mean(dense11)=18.65 mean(dense12)=15.85 mean(dense13)=11.40 mean(dense14)=12.43 mean(dense15)=5.86 mean(dense16)=5.53 mean(dense17)=4.19 mean(dense18)=1.10 mean(dense19)=0.57 mean(dense20)=0.33 mean(dense21)=2.89 mean(softmax22)=0.10
[2015/05/15 11:45:42] valid   (iter=50) J=0.33 err=7.92
[2015/05/15 11:45:56] monitor (iter=50) J=0.36 err=9.14 mean(dense1)=0.26 mean(dense2)=0.78 mean(dense3)=1.84 mean(dense4)=3.72 mean(dense5)=7.20 mean(dense6)=11.33 mean(dense7)=14.13 mean(dense8)=15.48 mean(dense9)=16.13 mean(dense10)=17.45 mean(dense11)=19.07 mean(dense12)=16.34 mean(dense13)=11.86 mean(dense14)=13.07 mean(dense15)=6.20 mean(dense16)=5.92 mean(dense17)=4.55 mean(dense18)=1.20 mean(dense19)=0.58 mean(dense20)=0.34 mean(dense21)=2.97 mean(softmax22)=0.10
[2015/05/15 11:45:57] test    (iter=51) J=0.39 err=10.16
[2015/05/15 11:45:57] valid   (iter=51) J=0.38 err=9.76
[2015/05/15 11:46:11] monitor (iter=51) J=0.40 err=10.48 mean(dense1)=0.27 mean(dense2)=0.81 mean(dense3)=1.82 mean(dense4)=3.62 mean(dense5)=6.97 mean(dense6)=10.89 mean(dense7)=13.60 mean(dense8)=15.03 mean(dense9)=15.84 mean(dense10)=17.31 mean(dense11)=19.19 mean(dense12)=16.68 mean(dense13)=12.29 mean(dense14)=13.81 mean(dense15)=6.62 mean(dense16)=6.48 mean(dense17)=5.17 mean(dense18)=1.40 mean(dense19)=0.66 mean(dense20)=0.36 mean(dense21)=3.07 mean(softmax22)=0.10
[2015/05/15 11:46:11] valid   (iter=52) J=0.40 err=10.36
[2015/05/15 11:46:26] monitor (iter=52) J=0.45 err=12.48 mean(dense1)=0.28 mean(dense2)=0.86 mean(dense3)=1.84 mean(dense4)=3.57 mean(dense5)=6.78 mean(dense6)=10.54 mean(dense7)=13.13 mean(dense8)=14.58 mean(dense9)=15.51 mean(dense10)=17.14 mean(dense11)=19.27 mean(dense12)=17.02 mean(dense13)=12.77 mean(dense14)=14.69 mean(dense15)=7.13 mean(dense16)=7.20 mean(dense17)=6.02 mean(dense18)=1.65 mean(dense19)=0.77 mean(dense20)=0.39 mean(dense21)=3.12 mean(softmax22)=0.10
[2015/05/15 11:46:26] valid   (iter=53) J=0.50 err=13.49
[2015/05/15 11:46:39] monitor (iter=53) J=0.47 err=12.79 mean(dense1)=0.29 mean(dense2)=0.89 mean(dense3)=1.84 mean(dense4)=3.44 mean(dense5)=6.42 mean(dense6)=9.95 mean(dense7)=12.45 mean(dense8)=13.97 mean(dense9)=15.10 mean(dense10)=16.99 mean(dense11)=19.70 mean(dense12)=17.84 mean(dense13)=13.74 mean(dense14)=16.48 mean(dense15)=8.10 mean(dense16)=8.61 mean(dense17)=7.63 mean(dense18)=2.11 mean(dense19)=1.00 mean(dense20)=0.42 mean(dense21)=2.90 mean(softmax22)=0.10
[2015/05/15 11:46:40] valid   (iter=54) J=0.52 err=13.34
[2015/05/15 11:46:53] monitor (iter=54) J=0.60 err=15.74 mean(dense1)=0.31 mean(dense2)=0.92 mean(dense3)=1.82 mean(dense4)=3.39 mean(dense5)=7.00 mean(dense6)=11.10 mean(dense7)=15.88 mean(dense8)=19.15 mean(dense9)=21.62 mean(dense10)=25.13 mean(dense11)=31.61 mean(dense12)=28.77 mean(dense13)=22.11 mean(dense14)=28.38 mean(dense15)=13.07 mean(dense16)=14.70 mean(dense17)=13.67 mean(dense18)=3.25 mean(dense19)=1.34 mean(dense20)=0.46 mean(dense21)=2.45 mean(softmax22)=0.10
