# deepy version: 0.0.8
[2015/05/15 12:05:54] test    (iter=1) J=2.31 err=85.28
[2015/05/15 12:05:54] valid   (iter=1) J=2.31 err=85.68 *
[2015/05/15 12:06:14] monitor (iter=1) J=0.33 err=9.65 mean(dense1)=0.68 mean(highway2)=0.68 mean(highway3)=0.68 mean(highway4)=0.68 mean(highway5)=0.68 mean(highway6)=0.68 mean(highway7)=0.68 mean(highway8)=0.68 mean(highway9)=0.68 mean(highway10)=0.68 mean(highway11)=0.68 mean(highway12)=0.68 mean(highway13)=0.68 mean(highway14)=0.68 mean(highway15)=0.68 mean(highway16)=0.68 mean(highway17)=0.68 mean(highway18)=0.68 mean(highway19)=0.68 mean(highway20)=0.68 mean(highway21)=0.68 mean(dense22)=2.91 mean(softmax23)=0.10
[2015/05/15 12:06:14] valid   (iter=2) J=0.18 err=5.32 *
[2015/05/15 12:06:33] monitor (iter=2) J=0.17 err=4.90 mean(dense1)=0.67 mean(highway2)=0.67 mean(highway3)=0.67 mean(highway4)=0.67 mean(highway5)=0.67 mean(highway6)=0.67 mean(highway7)=0.67 mean(highway8)=0.67 mean(highway9)=0.67 mean(highway10)=0.67 mean(highway11)=0.67 mean(highway12)=0.67 mean(highway13)=0.67 mean(highway14)=0.67 mean(highway15)=0.67 mean(highway16)=0.67 mean(highway17)=0.67 mean(highway18)=0.67 mean(highway19)=0.67 mean(highway20)=0.67 mean(highway21)=0.67 mean(dense22)=3.41 mean(softmax23)=0.10
[2015/05/15 12:06:33] valid   (iter=3) J=0.14 err=4.17 *
[2015/05/15 12:06:52] monitor (iter=3) J=0.13 err=3.73 mean(dense1)=0.70 mean(highway2)=0.70 mean(highway3)=0.70 mean(highway4)=0.70 mean(highway5)=0.70 mean(highway6)=0.70 mean(highway7)=0.70 mean(highway8)=0.70 mean(highway9)=0.70 mean(highway10)=0.70 mean(highway11)=0.70 mean(highway12)=0.70 mean(highway13)=0.70 mean(highway14)=0.70 mean(highway15)=0.70 mean(highway16)=0.70 mean(highway17)=0.70 mean(highway18)=0.70 mean(highway19)=0.70 mean(highway20)=0.70 mean(highway21)=0.70 mean(dense22)=3.67 mean(softmax23)=0.10
[2015/05/15 12:06:53] valid   (iter=4) J=0.12 err=3.59 *
[2015/05/15 12:07:12] monitor (iter=4) J=0.11 err=3.06 mean(dense1)=0.72 mean(highway2)=0.72 mean(highway3)=0.72 mean(highway4)=0.72 mean(highway5)=0.72 mean(highway6)=0.72 mean(highway7)=0.72 mean(highway8)=0.72 mean(highway9)=0.72 mean(highway10)=0.72 mean(highway11)=0.72 mean(highway12)=0.72 mean(highway13)=0.72 mean(highway14)=0.72 mean(highway15)=0.72 mean(highway16)=0.72 mean(highway17)=0.72 mean(highway18)=0.72 mean(highway19)=0.72 mean(highway20)=0.72 mean(highway21)=0.72 mean(dense22)=3.87 mean(softmax23)=0.10
[2015/05/15 12:07:12] valid   (iter=5) J=0.11 err=3.25 *
[2015/05/15 12:07:31] monitor (iter=5) J=0.09 err=2.62 mean(dense1)=0.74 mean(highway2)=0.74 mean(highway3)=0.74 mean(highway4)=0.74 mean(highway5)=0.74 mean(highway6)=0.74 mean(highway7)=0.74 mean(highway8)=0.74 mean(highway9)=0.74 mean(highway10)=0.74 mean(highway11)=0.74 mean(highway12)=0.74 mean(highway13)=0.74 mean(highway14)=0.74 mean(highway15)=0.74 mean(highway16)=0.74 mean(highway17)=0.74 mean(highway18)=0.74 mean(highway19)=0.74 mean(highway20)=0.74 mean(highway21)=0.74 mean(dense22)=4.04 mean(softmax23)=0.10
[2015/05/15 12:07:31] valid   (iter=6) J=0.11 err=3.12 *
[2015/05/15 12:07:50] monitor (iter=6) J=0.08 err=2.23 mean(dense1)=0.76 mean(highway2)=0.76 mean(highway3)=0.76 mean(highway4)=0.76 mean(highway5)=0.76 mean(highway6)=0.76 mean(highway7)=0.76 mean(highway8)=0.76 mean(highway9)=0.76 mean(highway10)=0.76 mean(highway11)=0.76 mean(highway12)=0.76 mean(highway13)=0.76 mean(highway14)=0.76 mean(highway15)=0.76 mean(highway16)=0.76 mean(highway17)=0.76 mean(highway18)=0.76 mean(highway19)=0.76 mean(highway20)=0.76 mean(highway21)=0.76 mean(dense22)=4.18 mean(softmax23)=0.10
[2015/05/15 12:07:51] valid   (iter=7) J=0.11 err=3.19 *
[2015/05/15 12:08:10] monitor (iter=7) J=0.07 err=2.03 mean(dense1)=0.77 mean(highway2)=0.77 mean(highway3)=0.77 mean(highway4)=0.77 mean(highway5)=0.77 mean(highway6)=0.77 mean(highway7)=0.77 mean(highway8)=0.77 mean(highway9)=0.77 mean(highway10)=0.77 mean(highway11)=0.77 mean(highway12)=0.77 mean(highway13)=0.77 mean(highway14)=0.77 mean(highway15)=0.77 mean(highway16)=0.77 mean(highway17)=0.77 mean(highway18)=0.77 mean(highway19)=0.77 mean(highway20)=0.77 mean(highway21)=0.77 mean(dense22)=4.28 mean(softmax23)=0.10
[2015/05/15 12:08:10] valid   (iter=8) J=0.10 err=3.08 *
[2015/05/15 12:08:29] monitor (iter=8) J=0.06 err=1.81 mean(dense1)=0.78 mean(highway2)=0.78 mean(highway3)=0.78 mean(highway4)=0.78 mean(highway5)=0.78 mean(highway6)=0.78 mean(highway7)=0.78 mean(highway8)=0.78 mean(highway9)=0.78 mean(highway10)=0.78 mean(highway11)=0.78 mean(highway12)=0.78 mean(highway13)=0.78 mean(highway14)=0.78 mean(highway15)=0.78 mean(highway16)=0.78 mean(highway17)=0.78 mean(highway18)=0.78 mean(highway19)=0.78 mean(highway20)=0.78 mean(highway21)=0.78 mean(dense22)=4.37 mean(softmax23)=0.10
[2015/05/15 12:08:29] valid   (iter=9) J=0.10 err=3.02 *
[2015/05/15 12:08:48] monitor (iter=9) J=0.06 err=1.65 mean(dense1)=0.79 mean(highway2)=0.79 mean(highway3)=0.79 mean(highway4)=0.79 mean(highway5)=0.79 mean(highway6)=0.79 mean(highway7)=0.79 mean(highway8)=0.79 mean(highway9)=0.79 mean(highway10)=0.79 mean(highway11)=0.79 mean(highway12)=0.79 mean(highway13)=0.79 mean(highway14)=0.79 mean(highway15)=0.79 mean(highway16)=0.79 mean(highway17)=0.79 mean(highway18)=0.79 mean(highway19)=0.79 mean(highway20)=0.79 mean(highway21)=0.79 mean(dense22)=4.41 mean(softmax23)=0.10
[2015/05/15 12:08:49] valid   (iter=10) J=0.10 err=2.95 *
[2015/05/15 12:09:08] monitor (iter=10) J=0.06 err=1.51 mean(dense1)=0.79 mean(highway2)=0.79 mean(highway3)=0.79 mean(highway4)=0.79 mean(highway5)=0.79 mean(highway6)=0.79 mean(highway7)=0.79 mean(highway8)=0.79 mean(highway9)=0.79 mean(highway10)=0.79 mean(highway11)=0.79 mean(highway12)=0.79 mean(highway13)=0.79 mean(highway14)=0.79 mean(highway15)=0.79 mean(highway16)=0.79 mean(highway17)=0.79 mean(highway18)=0.79 mean(highway19)=0.79 mean(highway20)=0.79 mean(highway21)=0.79 mean(dense22)=4.49 mean(softmax23)=0.10
[2015/05/15 12:09:08] test    (iter=11) J=0.10 err=3.06
[2015/05/15 12:09:08] valid   (iter=11) J=0.10 err=3.01 *
[2015/05/15 12:09:27] monitor (iter=11) J=0.05 err=1.36 mean(dense1)=0.80 mean(highway2)=0.80 mean(highway3)=0.80 mean(highway4)=0.80 mean(highway5)=0.80 mean(highway6)=0.80 mean(highway7)=0.80 mean(highway8)=0.80 mean(highway9)=0.80 mean(highway10)=0.80 mean(highway11)=0.80 mean(highway12)=0.80 mean(highway13)=0.80 mean(highway14)=0.80 mean(highway15)=0.80 mean(highway16)=0.80 mean(highway17)=0.80 mean(highway18)=0.80 mean(highway19)=0.80 mean(highway20)=0.80 mean(highway21)=0.80 mean(dense22)=4.55 mean(softmax23)=0.10
[2015/05/15 12:09:28] valid   (iter=12) J=0.10 err=3.11
[2015/05/15 12:09:47] monitor (iter=12) J=0.05 err=1.26 mean(dense1)=0.80 mean(highway2)=0.80 mean(highway3)=0.80 mean(highway4)=0.80 mean(highway5)=0.80 mean(highway6)=0.80 mean(highway7)=0.80 mean(highway8)=0.80 mean(highway9)=0.80 mean(highway10)=0.80 mean(highway11)=0.80 mean(highway12)=0.80 mean(highway13)=0.80 mean(highway14)=0.80 mean(highway15)=0.80 mean(highway16)=0.80 mean(highway17)=0.80 mean(highway18)=0.80 mean(highway19)=0.80 mean(highway20)=0.80 mean(highway21)=0.80 mean(dense22)=4.60 mean(softmax23)=0.10
[2015/05/15 12:09:47] valid   (iter=13) J=0.10 err=3.12 *
[2015/05/15 12:10:06] monitor (iter=13) J=0.04 err=1.12 mean(dense1)=0.81 mean(highway2)=0.81 mean(highway3)=0.81 mean(highway4)=0.81 mean(highway5)=0.81 mean(highway6)=0.81 mean(highway7)=0.81 mean(highway8)=0.81 mean(highway9)=0.81 mean(highway10)=0.81 mean(highway11)=0.81 mean(highway12)=0.81 mean(highway13)=0.81 mean(highway14)=0.81 mean(highway15)=0.81 mean(highway16)=0.81 mean(highway17)=0.81 mean(highway18)=0.81 mean(highway19)=0.81 mean(highway20)=0.81 mean(highway21)=0.81 mean(dense22)=4.64 mean(softmax23)=0.10
[2015/05/15 12:10:07] valid   (iter=14) J=0.10 err=3.08 *
[2015/05/15 12:10:26] monitor (iter=14) J=0.04 err=1.07 mean(dense1)=0.81 mean(highway2)=0.81 mean(highway3)=0.81 mean(highway4)=0.81 mean(highway5)=0.81 mean(highway6)=0.81 mean(highway7)=0.81 mean(highway8)=0.81 mean(highway9)=0.81 mean(highway10)=0.81 mean(highway11)=0.81 mean(highway12)=0.81 mean(highway13)=0.81 mean(highway14)=0.81 mean(highway15)=0.81 mean(highway16)=0.81 mean(highway17)=0.81 mean(highway18)=0.81 mean(highway19)=0.81 mean(highway20)=0.81 mean(highway21)=0.81 mean(dense22)=4.68 mean(softmax23)=0.10
[2015/05/15 12:10:26] valid   (iter=15) J=0.10 err=2.96 *
[2015/05/15 12:10:45] monitor (iter=15) J=0.04 err=0.97 mean(dense1)=0.81 mean(highway2)=0.81 mean(highway3)=0.81 mean(highway4)=0.81 mean(highway5)=0.81 mean(highway6)=0.81 mean(highway7)=0.81 mean(highway8)=0.81 mean(highway9)=0.81 mean(highway10)=0.81 mean(highway11)=0.81 mean(highway12)=0.81 mean(highway13)=0.81 mean(highway14)=0.81 mean(highway15)=0.81 mean(highway16)=0.81 mean(highway17)=0.81 mean(highway18)=0.81 mean(highway19)=0.81 mean(highway20)=0.81 mean(highway21)=0.81 mean(dense22)=4.71 mean(softmax23)=0.10
[2015/05/15 12:10:45] valid   (iter=16) J=0.10 err=2.99 *
[2015/05/15 12:11:05] monitor (iter=16) J=0.04 err=0.89 mean(dense1)=0.81 mean(highway2)=0.81 mean(highway3)=0.81 mean(highway4)=0.81 mean(highway5)=0.81 mean(highway6)=0.81 mean(highway7)=0.81 mean(highway8)=0.81 mean(highway9)=0.81 mean(highway10)=0.81 mean(highway11)=0.81 mean(highway12)=0.81 mean(highway13)=0.81 mean(highway14)=0.81 mean(highway15)=0.81 mean(highway16)=0.81 mean(highway17)=0.81 mean(highway18)=0.81 mean(highway19)=0.81 mean(highway20)=0.81 mean(highway21)=0.81 mean(dense22)=4.73 mean(softmax23)=0.10
[2015/05/15 12:11:05] valid   (iter=17) J=0.10 err=2.97 *
[2015/05/15 12:11:24] monitor (iter=17) J=0.03 err=0.82 mean(dense1)=0.81 mean(highway2)=0.81 mean(highway3)=0.81 mean(highway4)=0.81 mean(highway5)=0.81 mean(highway6)=0.81 mean(highway7)=0.81 mean(highway8)=0.81 mean(highway9)=0.81 mean(highway10)=0.81 mean(highway11)=0.81 mean(highway12)=0.81 mean(highway13)=0.81 mean(highway14)=0.81 mean(highway15)=0.81 mean(highway16)=0.81 mean(highway17)=0.81 mean(highway18)=0.81 mean(highway19)=0.81 mean(highway20)=0.81 mean(highway21)=0.81 mean(dense22)=4.75 mean(softmax23)=0.10
[2015/05/15 12:11:24] valid   (iter=18) J=0.10 err=2.94 *
[2015/05/15 12:11:43] monitor (iter=18) J=0.03 err=0.74 mean(dense1)=0.81 mean(highway2)=0.81 mean(highway3)=0.81 mean(highway4)=0.81 mean(highway5)=0.81 mean(highway6)=0.81 mean(highway7)=0.81 mean(highway8)=0.81 mean(highway9)=0.81 mean(highway10)=0.81 mean(highway11)=0.81 mean(highway12)=0.81 mean(highway13)=0.81 mean(highway14)=0.81 mean(highway15)=0.81 mean(highway16)=0.81 mean(highway17)=0.81 mean(highway18)=0.81 mean(highway19)=0.81 mean(highway20)=0.81 mean(highway21)=0.81 mean(dense22)=4.76 mean(softmax23)=0.10
[2015/05/15 12:11:44] valid   (iter=19) J=0.10 err=2.92 *
[2015/05/15 12:12:03] monitor (iter=19) J=0.03 err=0.70 mean(dense1)=0.81 mean(highway2)=0.81 mean(highway3)=0.81 mean(highway4)=0.81 mean(highway5)=0.81 mean(highway6)=0.81 mean(highway7)=0.81 mean(highway8)=0.81 mean(highway9)=0.81 mean(highway10)=0.81 mean(highway11)=0.81 mean(highway12)=0.81 mean(highway13)=0.81 mean(highway14)=0.81 mean(highway15)=0.81 mean(highway16)=0.81 mean(highway17)=0.81 mean(highway18)=0.81 mean(highway19)=0.81 mean(highway20)=0.81 mean(highway21)=0.81 mean(dense22)=4.77 mean(softmax23)=0.10
[2015/05/15 12:12:03] valid   (iter=20) J=0.10 err=2.94 *
[2015/05/15 12:12:22] monitor (iter=20) J=0.03 err=0.63 mean(dense1)=0.81 mean(highway2)=0.81 mean(highway3)=0.81 mean(highway4)=0.81 mean(highway5)=0.81 mean(highway6)=0.81 mean(highway7)=0.81 mean(highway8)=0.81 mean(highway9)=0.81 mean(highway10)=0.81 mean(highway11)=0.81 mean(highway12)=0.81 mean(highway13)=0.81 mean(highway14)=0.81 mean(highway15)=0.81 mean(highway16)=0.81 mean(highway17)=0.81 mean(highway18)=0.81 mean(highway19)=0.81 mean(highway20)=0.81 mean(highway21)=0.81 mean(dense22)=4.78 mean(softmax23)=0.10
[2015/05/15 12:12:22] test    (iter=21) J=0.09 err=2.88
[2015/05/15 12:12:23] valid   (iter=21) J=0.10 err=2.91 *
[2015/05/15 12:12:42] monitor (iter=21) J=0.03 err=0.59 mean(dense1)=0.80 mean(highway2)=0.80 mean(highway3)=0.80 mean(highway4)=0.80 mean(highway5)=0.80 mean(highway6)=0.80 mean(highway7)=0.80 mean(highway8)=0.80 mean(highway9)=0.80 mean(highway10)=0.80 mean(highway11)=0.80 mean(highway12)=0.80 mean(highway13)=0.80 mean(highway14)=0.80 mean(highway15)=0.80 mean(highway16)=0.80 mean(highway17)=0.80 mean(highway18)=0.80 mean(highway19)=0.80 mean(highway20)=0.80 mean(highway21)=0.81 mean(dense22)=4.77 mean(softmax23)=0.10
[2015/05/15 12:12:42] valid   (iter=22) J=0.10 err=2.85 *
[2015/05/15 12:13:01] monitor (iter=22) J=0.03 err=0.58 mean(dense1)=0.80 mean(highway2)=0.80 mean(highway3)=0.80 mean(highway4)=0.80 mean(highway5)=0.80 mean(highway6)=0.80 mean(highway7)=0.80 mean(highway8)=0.80 mean(highway9)=0.81 mean(highway10)=0.81 mean(highway11)=0.81 mean(highway12)=0.81 mean(highway13)=0.81 mean(highway14)=0.81 mean(highway15)=0.81 mean(highway16)=0.81 mean(highway17)=0.81 mean(highway18)=0.81 mean(highway19)=0.81 mean(highway20)=0.81 mean(highway21)=0.81 mean(dense22)=4.78 mean(softmax23)=0.10
[2015/05/15 12:13:01] valid   (iter=23) J=0.10 err=2.92
[2015/05/15 12:13:20] monitor (iter=23) J=0.03 err=0.51 mean(dense1)=0.80 mean(highway2)=0.80 mean(highway3)=0.80 mean(highway4)=0.80 mean(highway5)=0.80 mean(highway6)=0.80 mean(highway7)=0.80 mean(highway8)=0.80 mean(highway9)=0.80 mean(highway10)=0.80 mean(highway11)=0.80 mean(highway12)=0.80 mean(highway13)=0.80 mean(highway14)=0.80 mean(highway15)=0.80 mean(highway16)=0.80 mean(highway17)=0.80 mean(highway18)=0.80 mean(highway19)=0.80 mean(highway20)=0.80 mean(highway21)=0.81 mean(dense22)=4.77 mean(softmax23)=0.10
[2015/05/15 12:13:20] valid   (iter=24) J=0.10 err=2.79 *
[2015/05/15 12:13:39] monitor (iter=24) J=0.03 err=0.47 mean(dense1)=0.80 mean(highway2)=0.80 mean(highway3)=0.80 mean(highway4)=0.80 mean(highway5)=0.80 mean(highway6)=0.80 mean(highway7)=0.80 mean(highway8)=0.80 mean(highway9)=0.80 mean(highway10)=0.80 mean(highway11)=0.80 mean(highway12)=0.80 mean(highway13)=0.80 mean(highway14)=0.80 mean(highway15)=0.80 mean(highway16)=0.80 mean(highway17)=0.80 mean(highway18)=0.80 mean(highway19)=0.80 mean(highway20)=0.80 mean(highway21)=0.80 mean(dense22)=4.77 mean(softmax23)=0.10
[2015/05/15 12:13:40] valid   (iter=25) J=0.09 err=2.76 *
[2015/05/15 12:13:41] test    (iter=0) J=0.09 err=2.85
