# deepy version: 0.1.9
[2016/02/03 14:28:25] test    (iter=1) J=2.35 err=91.05
[2016/02/03 14:28:26] valid   (iter=1) J=2.35 err=90.88 *
[2016/02/03 14:29:33] monitor (iter=1) J=0.68
[2016/02/03 14:29:33] valid   (iter=2) J=0.62 err=18.59 *
[2016/02/03 14:30:47] monitor (iter=2) J=0.48
[2016/02/03 14:30:47] valid   (iter=3) J=0.43 err=12.82 *
[2016/02/03 14:32:01] monitor (iter=3) J=0.41
[2016/02/03 14:32:01] valid   (iter=4) J=0.37 err=10.74 *
[2016/02/03 14:33:28] monitor (iter=4) J=0.36
[2016/02/03 14:33:29] valid   (iter=5) J=0.33 err=9.51 *
[2016/02/03 14:34:19] monitor (iter=5) J=0.33
[2016/02/03 14:34:19] valid   (iter=6) J=0.29 err=8.51 *
[2016/02/03 14:35:04] monitor (iter=6) J=0.31
[2016/02/03 14:35:05] valid   (iter=7) J=0.28 err=8.31 *
[2016/02/03 14:35:28] monitor (iter=7) J=0.29
[2016/02/03 14:35:28] valid   (iter=8) J=0.27 err=7.64 *
[2016/02/03 14:36:13] monitor (iter=8) J=0.28
[2016/02/03 14:36:14] valid   (iter=9) J=0.26 err=7.54 *
[2016/02/03 14:37:05] monitor (iter=9) J=0.27
[2016/02/03 14:37:06] valid   (iter=10) J=0.25 err=7.19 *
[2016/02/03 14:38:04] monitor (iter=10) J=0.24
[2016/02/03 14:38:04] test    (iter=11) J=0.23 err=6.59
[2016/02/03 14:38:05] valid   (iter=11) J=0.23 err=6.74 *
[2016/02/03 14:39:02] monitor (iter=11) J=0.23
[2016/02/03 14:39:03] valid   (iter=12) J=0.21 err=6.25 *
[2016/02/03 14:40:06] monitor (iter=12) J=0.22
[2016/02/03 14:40:07] valid   (iter=13) J=0.21 err=6.14 *
[2016/02/03 14:40:58] monitor (iter=13) J=0.21
[2016/02/03 14:40:58] valid   (iter=14) J=0.20 err=5.66 *
[2016/02/03 14:41:44] monitor (iter=14) J=0.20
[2016/02/03 14:41:45] valid   (iter=15) J=0.20 err=5.75 *
[2016/02/03 14:42:23] monitor (iter=15) J=0.19
[2016/02/03 14:42:23] valid   (iter=16) J=0.19 err=5.16 *
[2016/02/03 14:42:58] monitor (iter=16) J=0.16
[2016/02/03 14:42:59] valid   (iter=17) J=0.16 err=4.56 *
[2016/02/03 14:43:54] monitor (iter=17) J=0.15
[2016/02/03 14:43:55] valid   (iter=18) J=0.15 err=4.16 *
[2016/02/03 14:44:47] monitor (iter=18) J=0.14
[2016/02/03 14:44:47] valid   (iter=19) J=0.15 err=4.17 *
[2016/02/03 14:45:39] monitor (iter=19) J=0.13
[2016/02/03 14:45:39] valid   (iter=20) J=0.14 err=3.84 *
[2016/02/03 14:46:25] monitor (iter=20) J=0.12
[2016/02/03 14:46:25] test    (iter=21) J=0.13 err=3.94
[2016/02/03 14:46:26] valid   (iter=21) J=0.13 err=3.82 *
[2016/02/03 14:47:12] monitor (iter=21) J=0.12
[2016/02/03 14:47:13] valid   (iter=22) J=0.13 err=3.75 *
[2016/02/03 14:48:04] monitor (iter=22) J=0.11
[2016/02/03 14:48:04] valid   (iter=23) J=0.13 err=3.69 *
[2016/02/03 14:48:46] monitor (iter=23) J=0.11
[2016/02/03 14:48:46] valid   (iter=24) J=0.12 err=3.60 *
[2016/02/03 14:49:18] monitor (iter=24) J=0.11
[2016/02/03 14:49:18] valid   (iter=25) J=0.12 err=3.47 *
[2016/02/03 14:49:56] monitor (iter=25) J=0.10
[2016/02/03 14:49:57] valid   (iter=26) J=0.12 err=3.29 *
[2016/02/03 14:50:44] monitor (iter=26) J=0.09
[2016/02/03 14:50:44] valid   (iter=27) J=0.11 err=3.19 *
[2016/02/03 14:51:27] monitor (iter=27) J=0.09
[2016/02/03 14:51:27] valid   (iter=28) J=0.11 err=3.11 *
[2016/02/03 14:52:20] monitor (iter=28) J=0.09
[2016/02/03 14:52:20] valid   (iter=29) J=0.11 err=3.25 *
[2016/02/03 14:53:16] monitor (iter=29) J=0.08
[2016/02/03 14:53:17] valid   (iter=30) J=0.11 err=2.95 *
[2016/02/03 14:54:00] monitor (iter=30) J=0.08
[2016/02/03 14:54:00] test    (iter=31) J=0.10 err=3.19
[2016/02/03 14:54:01] valid   (iter=31) J=0.11 err=2.95 *
[2016/02/03 14:54:51] monitor (iter=31) J=0.08
[2016/02/03 14:54:51] valid   (iter=32) J=0.10 err=2.88 *
[2016/02/03 14:55:40] monitor (iter=32) J=0.07
[2016/02/03 14:55:41] valid   (iter=33) J=0.10 err=2.91 *
[2016/02/03 14:55:56] monitor (iter=33) J=0.07
[2016/02/03 14:55:56] valid   (iter=34) J=0.10 err=2.74 *
[2016/02/03 14:56:41] monitor (iter=34) J=0.07
[2016/02/03 14:56:41] valid   (iter=35) J=0.10 err=2.76 *
[2016/02/03 14:57:26] monitor (iter=35) J=0.07
[2016/02/03 14:57:26] valid   (iter=36) J=0.10 err=2.73 *
[2016/02/03 14:58:21] monitor (iter=36) J=0.06
[2016/02/03 14:58:21] valid   (iter=37) J=0.09 err=2.67 *
[2016/02/03 14:59:00] monitor (iter=37) J=0.06
[2016/02/03 14:59:00] valid   (iter=38) J=0.09 err=2.67 *
[2016/02/03 14:59:55] monitor (iter=38) J=0.06
[2016/02/03 14:59:56] valid   (iter=39) J=0.09 err=2.64 *
[2016/02/03 15:00:40] monitor (iter=39) J=0.06
[2016/02/03 15:00:41] valid   (iter=40) J=0.09 err=2.65
[2016/02/03 15:01:25] monitor (iter=40) J=0.06
[2016/02/03 15:01:26] test    (iter=41) J=0.09 err=2.68
[2016/02/03 15:01:26] valid   (iter=41) J=0.09 err=2.65
[2016/02/03 15:02:05] monitor (iter=41) J=0.06
[2016/02/03 15:02:06] valid   (iter=42) J=0.09 err=2.65
[2016/02/03 15:02:41] monitor (iter=42) J=0.06
[2016/02/03 15:02:42] valid   (iter=43) J=0.09 err=2.64
[2016/02/03 15:03:26] monitor (iter=43) J=0.06
[2016/02/03 15:03:26] valid   (iter=44) J=0.09 err=2.65
[2016/02/03 15:04:12] monitor (iter=44) J=0.06
[2016/02/03 15:04:12] valid   (iter=45) J=0.09 err=2.65
[2016/02/03 15:04:12] test    (iter=0) J=0.09 err=2.72
